{"/Users/zach/localcode/openfinanceplanner/config/loader.js": {"path":"/Users/zach/localcode/openfinanceplanner/config/loader.js","statementMap":{"0":{"start":{"line":7,"column":19},"end":{"line":36,"column":1}},"1":{"start":{"line":46,"column":19},"end":{"line":46,"column":57}},"2":{"start":{"line":47,"column":24},"end":{"line":47,"column":45}},"3":{"start":{"line":49,"column":2},"end":{"line":51,"column":null}},"4":{"start":{"line":50,"column":4},"end":{"line":50,"column":null}},"5":{"start":{"line":53,"column":14},"end":{"line":53,"column":84}},"6":{"start":{"line":55,"column":2},"end":{"line":57,"column":null}},"7":{"start":{"line":56,"column":4},"end":{"line":56,"column":null}},"8":{"start":{"line":59,"column":2},"end":{"line":59,"column":21}},"9":{"start":{"line":69,"column":19},"end":{"line":69,"column":57}},"10":{"start":{"line":70,"column":24},"end":{"line":70,"column":45}},"11":{"start":{"line":72,"column":2},"end":{"line":74,"column":null}},"12":{"start":{"line":73,"column":4},"end":{"line":73,"column":null}},"13":{"start":{"line":76,"column":2},"end":{"line":76,"column":null}},"14":{"start":{"line":85,"column":19},"end":{"line":85,"column":57}},"15":{"start":{"line":86,"column":2},"end":{"line":86,"column":null}},"16":{"start":{"line":90,"column":17},"end":{"line":173,"column":1}},"17":{"start":{"line":181,"column":2},"end":{"line":183,"column":null}},"18":{"start":{"line":182,"column":4},"end":{"line":182,"column":null}},"19":{"start":{"line":185,"column":2},"end":{"line":187,"column":null}},"20":{"start":{"line":186,"column":4},"end":{"line":186,"column":null}},"21":{"start":{"line":189,"column":2},"end":{"line":189,"column":null}},"22":{"start":{"line":198,"column":2},"end":{"line":200,"column":null}},"23":{"start":{"line":199,"column":4},"end":{"line":199,"column":null}},"24":{"start":{"line":202,"column":2},"end":{"line":202,"column":null}},"25":{"start":{"line":211,"column":2},"end":{"line":213,"column":null}},"26":{"start":{"line":212,"column":4},"end":{"line":212,"column":null}},"27":{"start":{"line":215,"column":2},"end":{"line":217,"column":null}},"28":{"start":{"line":216,"column":4},"end":{"line":216,"column":null}},"29":{"start":{"line":219,"column":2},"end":{"line":219,"column":null}},"30":{"start":{"line":223,"column":21},"end":{"line":249,"column":1}},"31":{"start":{"line":256,"column":2},"end":{"line":256,"column":null}},"32":{"start":{"line":264,"column":2},"end":{"line":264,"column":null}},"33":{"start":{"line":272,"column":2},"end":{"line":272,"column":null}},"34":{"start":{"line":281,"column":2},"end":{"line":283,"column":null}},"35":{"start":{"line":282,"column":4},"end":{"line":282,"column":null}},"36":{"start":{"line":284,"column":2},"end":{"line":286,"column":null}},"37":{"start":{"line":285,"column":4},"end":{"line":285,"column":null}},"38":{"start":{"line":287,"column":2},"end":{"line":287,"column":null}},"39":{"start":{"line":295,"column":2},"end":{"line":295,"column":null}},"40":{"start":{"line":303,"column":2},"end":{"line":306,"column":null}}},"fnMap":{"0":{"name":"getContributionLimit","decl":{"start":{"line":45,"column":16},"end":{"line":45,"column":36}},"loc":{"start":{"line":45,"column":87},"end":{"line":60,"column":null}},"line":45},"1":{"name":"getTotalContributionLimit","decl":{"start":{"line":68,"column":16},"end":{"line":68,"column":41}},"loc":{"start":{"line":68,"column":68},"end":{"line":77,"column":null}},"line":68},"2":{"name":"getQCDLimit","decl":{"start":{"line":84,"column":16},"end":{"line":84,"column":27}},"loc":{"start":{"line":84,"column":41},"end":{"line":87,"column":null}},"line":84},"3":{"name":"getRMDStartAge","decl":{"start":{"line":180,"column":16},"end":{"line":180,"column":30}},"loc":{"start":{"line":180,"column":42},"end":{"line":190,"column":null}},"line":180},"4":{"name":"getFullRetirementAge","decl":{"start":{"line":197,"column":16},"end":{"line":197,"column":36}},"loc":{"start":{"line":197,"column":48},"end":{"line":203,"column":null}},"line":197},"5":{"name":"getLifeExpectancyFactor","decl":{"start":{"line":210,"column":16},"end":{"line":210,"column":39}},"loc":{"start":{"line":210,"column":45},"end":{"line":220,"column":null}},"line":210},"6":{"name":"getDefaultInflationRate","decl":{"start":{"line":255,"column":16},"end":{"line":255,"column":39}},"loc":{"start":{"line":255,"column":42},"end":{"line":257,"column":null}},"line":255},"7":{"name":"getDefaultEquityGrowthRate","decl":{"start":{"line":263,"column":16},"end":{"line":263,"column":42}},"loc":{"start":{"line":263,"column":45},"end":{"line":265,"column":null}},"line":263},"8":{"name":"getDefaultBondGrowthRate","decl":{"start":{"line":271,"column":16},"end":{"line":271,"column":40}},"loc":{"start":{"line":271,"column":43},"end":{"line":273,"column":null}},"line":271},"9":{"name":"getDefaultVolatility","decl":{"start":{"line":280,"column":16},"end":{"line":280,"column":36}},"loc":{"start":{"line":280,"column":48},"end":{"line":288,"column":null}},"line":280},"10":{"name":"getDefaultTaxRate","decl":{"start":{"line":294,"column":16},"end":{"line":294,"column":33}},"loc":{"start":{"line":294,"column":36},"end":{"line":296,"column":null}},"line":294},"11":{"name":"getMedicareRates","decl":{"start":{"line":302,"column":16},"end":{"line":302,"column":32}},"loc":{"start":{"line":302,"column":35},"end":{"line":307,"column":null}},"line":302}},"branchMap":{"0":{"loc":{"start":{"line":45,"column":50},"end":{"line":45,"column":61}},"type":"default-arg","locations":[{"start":{"line":45,"column":57},"end":{"line":45,"column":61}}],"line":45},"1":{"loc":{"start":{"line":45,"column":63},"end":{"line":45,"column":85}},"type":"default-arg","locations":[{"start":{"line":45,"column":80},"end":{"line":45,"column":85}}],"line":45},"2":{"loc":{"start":{"line":46,"column":19},"end":{"line":46,"column":57}},"type":"binary-expr","locations":[{"start":{"line":46,"column":19},"end":{"line":46,"column":35}},{"start":{"line":46,"column":39},"end":{"line":46,"column":57}}],"line":46},"3":{"loc":{"start":{"line":49,"column":2},"end":{"line":51,"column":null}},"type":"if","locations":[{"start":{"line":49,"column":2},"end":{"line":51,"column":null}},{"start":{},"end":{}}],"line":49},"4":{"loc":{"start":{"line":53,"column":14},"end":{"line":53,"column":84}},"type":"binary-expr","locations":[{"start":{"line":53,"column":14},"end":{"line":53,"column":49}},{"start":{"line":53,"column":53},"end":{"line":53,"column":84}}],"line":53},"5":{"loc":{"start":{"line":55,"column":2},"end":{"line":57,"column":null}},"type":"if","locations":[{"start":{"line":55,"column":2},"end":{"line":57,"column":null}},{"start":{},"end":{}}],"line":55},"6":{"loc":{"start":{"line":55,"column":6},"end":{"line":55,"column":50}},"type":"binary-expr","locations":[{"start":{"line":55,"column":6},"end":{"line":55,"column":20}},{"start":{"line":55,"column":24},"end":{"line":55,"column":50}}],"line":55},"7":{"loc":{"start":{"line":68,"column":55},"end":{"line":68,"column":66}},"type":"default-arg","locations":[{"start":{"line":68,"column":62},"end":{"line":68,"column":66}}],"line":68},"8":{"loc":{"start":{"line":69,"column":19},"end":{"line":69,"column":57}},"type":"binary-expr","locations":[{"start":{"line":69,"column":19},"end":{"line":69,"column":35}},{"start":{"line":69,"column":39},"end":{"line":69,"column":57}}],"line":69},"9":{"loc":{"start":{"line":72,"column":2},"end":{"line":74,"column":null}},"type":"if","locations":[{"start":{"line":72,"column":2},"end":{"line":74,"column":null}},{"start":{},"end":{}}],"line":72},"10":{"loc":{"start":{"line":72,"column":6},"end":{"line":72,"column":61}},"type":"binary-expr","locations":[{"start":{"line":72,"column":6},"end":{"line":72,"column":20}},{"start":{"line":72,"column":24},"end":{"line":72,"column":61}}],"line":72},"11":{"loc":{"start":{"line":84,"column":28},"end":{"line":84,"column":39}},"type":"default-arg","locations":[{"start":{"line":84,"column":35},"end":{"line":84,"column":39}}],"line":84},"12":{"loc":{"start":{"line":85,"column":19},"end":{"line":85,"column":57}},"type":"binary-expr","locations":[{"start":{"line":85,"column":19},"end":{"line":85,"column":35}},{"start":{"line":85,"column":39},"end":{"line":85,"column":57}}],"line":85},"13":{"loc":{"start":{"line":181,"column":2},"end":{"line":183,"column":null}},"type":"if","locations":[{"start":{"line":181,"column":2},"end":{"line":183,"column":null}},{"start":{},"end":{}}],"line":181},"14":{"loc":{"start":{"line":185,"column":2},"end":{"line":187,"column":null}},"type":"if","locations":[{"start":{"line":185,"column":2},"end":{"line":187,"column":null}},{"start":{},"end":{}}],"line":185},"15":{"loc":{"start":{"line":198,"column":2},"end":{"line":200,"column":null}},"type":"if","locations":[{"start":{"line":198,"column":2},"end":{"line":200,"column":null}},{"start":{},"end":{}}],"line":198},"16":{"loc":{"start":{"line":198,"column":6},"end":{"line":198,"column":37}},"type":"binary-expr","locations":[{"start":{"line":198,"column":6},"end":{"line":198,"column":16}},{"start":{"line":198,"column":20},"end":{"line":198,"column":37}}],"line":198},"17":{"loc":{"start":{"line":202,"column":9},"end":{"line":202,"column":84}},"type":"binary-expr","locations":[{"start":{"line":202,"column":9},"end":{"line":202,"column":46}},{"start":{"line":202,"column":50},"end":{"line":202,"column":84}}],"line":202},"18":{"loc":{"start":{"line":211,"column":2},"end":{"line":213,"column":null}},"type":"if","locations":[{"start":{"line":211,"column":2},"end":{"line":213,"column":null}},{"start":{},"end":{}}],"line":211},"19":{"loc":{"start":{"line":215,"column":2},"end":{"line":217,"column":null}},"type":"if","locations":[{"start":{"line":215,"column":2},"end":{"line":217,"column":null}},{"start":{},"end":{}}],"line":215},"20":{"loc":{"start":{"line":219,"column":9},"end":{"line":219,"column":45}},"type":"binary-expr","locations":[{"start":{"line":219,"column":9},"end":{"line":219,"column":37}},{"start":{"line":219,"column":41},"end":{"line":219,"column":45}}],"line":219},"21":{"loc":{"start":{"line":281,"column":2},"end":{"line":283,"column":null}},"type":"if","locations":[{"start":{"line":281,"column":2},"end":{"line":283,"column":null}},{"start":{},"end":{}}],"line":281},"22":{"loc":{"start":{"line":284,"column":2},"end":{"line":286,"column":null}},"type":"if","locations":[{"start":{"line":284,"column":2},"end":{"line":286,"column":null}},{"start":{},"end":{}}],"line":284}},"s":{"0":17,"1":0,"2":0,"3":0,"4":0,"5":0,"6":0,"7":0,"8":0,"9":4,"10":4,"11":4,"12":0,"13":4,"14":11,"15":11,"16":17,"17":1866,"18":1861,"19":5,"20":5,"21":0,"22":32,"23":29,"24":3,"25":187,"26":1,"27":186,"28":1,"29":186,"30":17,"31":96,"32":96,"33":96,"34":192,"35":96,"36":96,"37":96,"38":0,"39":240,"40":0},"f":{"0":0,"1":4,"2":11,"3":1866,"4":32,"5":187,"6":96,"7":96,"8":96,"9":192,"10":240,"11":0},"b":{"0":[0],"1":[0],"2":[0,0],"3":[0,0],"4":[0,0],"5":[0,0],"6":[0,0],"7":[4],"8":[4,4],"9":[0,4],"10":[4,4],"11":[11],"12":[11,0],"13":[1861,5],"14":[5,0],"15":[29,3],"16":[32,32],"17":[3,0],"18":[1,186],"19":[1,185],"20":[186,0],"21":[96,96],"22":[96,0]},"meta":{"lastBranch":23,"lastFunction":12,"lastStatement":41,"seen":{"s:7:19:36:1":0,"f:45:16:45:36":0,"b:45:57:45:61":0,"b:45:80:45:85":1,"s:46:19:46:57":1,"b:46:19:46:35:46:39:46:57":2,"s:47:24:47:45":2,"b:49:2:51:Infinity:undefined:undefined:undefined:undefined":3,"s:49:2:51:Infinity":3,"s:50:4:50:Infinity":4,"s:53:14:53:84":5,"b:53:14:53:49:53:53:53:84":4,"b:55:2:57:Infinity:undefined:undefined:undefined:undefined":5,"s:55:2:57:Infinity":6,"b:55:6:55:20:55:24:55:50":6,"s:56:4:56:Infinity":7,"s:59:2:59:21":8,"f:68:16:68:41":1,"b:68:62:68:66":7,"s:69:19:69:57":9,"b:69:19:69:35:69:39:69:57":8,"s:70:24:70:45":10,"b:72:2:74:Infinity:undefined:undefined:undefined:undefined":9,"s:72:2:74:Infinity":11,"b:72:6:72:20:72:24:72:61":10,"s:73:4:73:Infinity":12,"s:76:2:76:Infinity":13,"f:84:16:84:27":2,"b:84:35:84:39":11,"s:85:19:85:57":14,"b:85:19:85:35:85:39:85:57":12,"s:86:2:86:Infinity":15,"s:90:17:173:1":16,"f:180:16:180:30":3,"b:181:2:183:Infinity:undefined:undefined:undefined:undefined":13,"s:181:2:183:Infinity":17,"s:182:4:182:Infinity":18,"b:185:2:187:Infinity:undefined:undefined:undefined:undefined":14,"s:185:2:187:Infinity":19,"s:186:4:186:Infinity":20,"s:189:2:189:Infinity":21,"f:197:16:197:36":4,"b:198:2:200:Infinity:undefined:undefined:undefined:undefined":15,"s:198:2:200:Infinity":22,"b:198:6:198:16:198:20:198:37":16,"s:199:4:199:Infinity":23,"s:202:2:202:Infinity":24,"b:202:9:202:46:202:50:202:84":17,"f:210:16:210:39":5,"b:211:2:213:Infinity:undefined:undefined:undefined:undefined":18,"s:211:2:213:Infinity":25,"s:212:4:212:Infinity":26,"b:215:2:217:Infinity:undefined:undefined:undefined:undefined":19,"s:215:2:217:Infinity":27,"s:216:4:216:Infinity":28,"s:219:2:219:Infinity":29,"b:219:9:219:37:219:41:219:45":20,"s:223:21:249:1":30,"f:255:16:255:39":6,"s:256:2:256:Infinity":31,"f:263:16:263:42":7,"s:264:2:264:Infinity":32,"f:271:16:271:40":8,"s:272:2:272:Infinity":33,"f:280:16:280:36":9,"b:281:2:283:Infinity:undefined:undefined:undefined:undefined":21,"s:281:2:283:Infinity":34,"s:282:4:282:Infinity":35,"b:284:2:286:Infinity:undefined:undefined:undefined:undefined":22,"s:284:2:286:Infinity":36,"s:285:4:285:Infinity":37,"s:287:2:287:Infinity":38,"f:294:16:294:33":10,"s:295:2:295:Infinity":39,"f:302:16:302:32":11,"s:303:2:306:Infinity":40}}}
,"/Users/zach/localcode/openfinanceplanner/src/calculations/income.js": {"path":"/Users/zach/localcode/openfinanceplanner/src/calculations/income.js","statementMap":{"0":{"start":{"line":8,"column":2},"end":{"line":10,"column":null}},"1":{"start":{"line":9,"column":4},"end":{"line":9,"column":null}},"2":{"start":{"line":12,"column":2},"end":{"line":14,"column":null}},"3":{"start":{"line":13,"column":4},"end":{"line":13,"column":null}},"4":{"start":{"line":16,"column":2},"end":{"line":18,"column":null}},"5":{"start":{"line":17,"column":4},"end":{"line":17,"column":null}},"6":{"start":{"line":20,"column":2},"end":{"line":25,"column":null}},"7":{"start":{"line":21,"column":35},"end":{"line":21,"column":61}},"8":{"start":{"line":22,"column":28},"end":{"line":22,"column":60}},"9":{"start":{"line":24,"column":4},"end":{"line":24,"column":null}},"10":{"start":{"line":27,"column":2},"end":{"line":27,"column":null}},"11":{"start":{"line":31,"column":2},"end":{"line":33,"column":null}},"12":{"start":{"line":32,"column":4},"end":{"line":32,"column":null}},"13":{"start":{"line":35,"column":2},"end":{"line":37,"column":null}},"14":{"start":{"line":36,"column":4},"end":{"line":36,"column":null}},"15":{"start":{"line":39,"column":2},"end":{"line":41,"column":null}},"16":{"start":{"line":40,"column":4},"end":{"line":40,"column":null}},"17":{"start":{"line":43,"column":2},"end":{"line":43,"column":null}},"18":{"start":{"line":55,"column":29},"end":{"line":59,"column":3}},"19":{"start":{"line":61,"column":2},"end":{"line":63,"column":null}},"20":{"start":{"line":62,"column":4},"end":{"line":62,"column":null}},"21":{"start":{"line":65,"column":27},"end":{"line":70,"column":3}},"22":{"start":{"line":73,"column":2},"end":{"line":75,"column":null}},"23":{"start":{"line":74,"column":4},"end":{"line":74,"column":null}},"24":{"start":{"line":78,"column":2},"end":{"line":80,"column":null}},"25":{"start":{"line":79,"column":4},"end":{"line":79,"column":null}},"26":{"start":{"line":82,"column":21},"end":{"line":82,"column":44}},"27":{"start":{"line":86,"column":26},"end":{"line":86,"column":57}},"28":{"start":{"line":88,"column":4},"end":{"line":88,"column":78}},"29":{"start":{"line":90,"column":2},"end":{"line":90,"column":null}},"30":{"start":{"line":101,"column":2},"end":{"line":103,"column":null}},"31":{"start":{"line":102,"column":4},"end":{"line":102,"column":null}},"32":{"start":{"line":114,"column":20},"end":{"line":114,"column":21}},"33":{"start":{"line":115,"column":21},"end":{"line":115,"column":22}},"34":{"start":{"line":116,"column":22},"end":{"line":116,"column":23}},"35":{"start":{"line":117,"column":27},"end":{"line":117,"column":28}},"36":{"start":{"line":119,"column":2},"end":{"line":134,"column":null}},"37":{"start":{"line":120,"column":19},"end":{"line":120,"column":89}},"38":{"start":{"line":121,"column":4},"end":{"line":121,"column":null}},"39":{"start":{"line":123,"column":4},"end":{"line":133,"column":null}},"40":{"start":{"line":125,"column":6},"end":{"line":125,"column":null}},"41":{"start":{"line":126,"column":6},"end":{"line":126,"column":null}},"42":{"start":{"line":128,"column":6},"end":{"line":128,"column":null}},"43":{"start":{"line":129,"column":6},"end":{"line":129,"column":null}},"44":{"start":{"line":131,"column":6},"end":{"line":131,"column":null}},"45":{"start":{"line":132,"column":6},"end":{"line":132,"column":null}},"46":{"start":{"line":136,"column":2},"end":{"line":141,"column":null}}},"fnMap":{"0":{"name":"evaluateStartYear","decl":{"start":{"line":7,"column":16},"end":{"line":7,"column":33}},"loc":{"start":{"line":7,"column":69},"end":{"line":28,"column":null}},"line":7},"1":{"name":"evaluateEndYear","decl":{"start":{"line":30,"column":16},"end":{"line":30,"column":31}},"loc":{"start":{"line":30,"column":87},"end":{"line":44,"column":null}},"line":30},"2":{"name":"calculateIncomeForYear","decl":{"start":{"line":54,"column":16},"end":{"line":54,"column":38}},"loc":{"start":{"line":54,"column":87},"end":{"line":91,"column":null}},"line":54},"3":{"name":"calculateTotalIncome","decl":{"start":{"line":100,"column":16},"end":{"line":100,"column":36}},"loc":{"start":{"line":100,"column":86},"end":{"line":104,"column":null}},"line":100},"4":{"name":"(anonymous_4)","decl":{"start":{"line":101,"column":24},"end":{"line":101,"column":25}},"loc":{"start":{"line":101,"column":43},"end":{"line":103,"column":3}},"line":101},"5":{"name":"calculateTaxableIncome","decl":{"start":{"line":113,"column":16},"end":{"line":113,"column":38}},"loc":{"start":{"line":113,"column":88},"end":{"line":142,"column":null}},"line":113},"6":{"name":"(anonymous_6)","decl":{"start":{"line":119,"column":18},"end":{"line":119,"column":19}},"loc":{"start":{"line":119,"column":30},"end":{"line":134,"column":3}},"line":119}},"branchMap":{"0":{"loc":{"start":{"line":8,"column":2},"end":{"line":10,"column":null}},"type":"if","locations":[{"start":{"line":8,"column":2},"end":{"line":10,"column":null}},{"start":{},"end":{}}],"line":8},"1":{"loc":{"start":{"line":12,"column":2},"end":{"line":14,"column":null}},"type":"if","locations":[{"start":{"line":12,"column":2},"end":{"line":14,"column":null}},{"start":{},"end":{}}],"line":12},"2":{"loc":{"start":{"line":16,"column":2},"end":{"line":18,"column":null}},"type":"if","locations":[{"start":{"line":16,"column":2},"end":{"line":18,"column":null}},{"start":{},"end":{}}],"line":16},"3":{"loc":{"start":{"line":16,"column":6},"end":{"line":16,"column":64}},"type":"binary-expr","locations":[{"start":{"line":16,"column":6},"end":{"line":16,"column":32}},{"start":{"line":16,"column":36},"end":{"line":16,"column":64}}],"line":16},"4":{"loc":{"start":{"line":20,"column":2},"end":{"line":25,"column":null}},"type":"if","locations":[{"start":{"line":20,"column":2},"end":{"line":25,"column":null}},{"start":{},"end":{}}],"line":20},"5":{"loc":{"start":{"line":20,"column":6},"end":{"line":20,"column":78}},"type":"binary-expr","locations":[{"start":{"line":20,"column":6},"end":{"line":20,"column":46}},{"start":{"line":20,"column":50},"end":{"line":20,"column":78}}],"line":20},"6":{"loc":{"start":{"line":24,"column":11},"end":{"line":24,"column":90}},"type":"cond-expr","locations":[{"start":{"line":24,"column":50},"end":{"line":24,"column":72}},{"start":{"line":24,"column":75},"end":{"line":24,"column":90}}],"line":24},"7":{"loc":{"start":{"line":31,"column":2},"end":{"line":33,"column":null}},"type":"if","locations":[{"start":{"line":31,"column":2},"end":{"line":33,"column":null}},{"start":{},"end":{}}],"line":31},"8":{"loc":{"start":{"line":35,"column":2},"end":{"line":37,"column":null}},"type":"if","locations":[{"start":{"line":35,"column":2},"end":{"line":37,"column":null}},{"start":{},"end":{}}],"line":35},"9":{"loc":{"start":{"line":39,"column":2},"end":{"line":41,"column":null}},"type":"if","locations":[{"start":{"line":39,"column":2},"end":{"line":41,"column":null}},{"start":{},"end":{}}],"line":39},"10":{"loc":{"start":{"line":39,"column":6},"end":{"line":39,"column":60}},"type":"binary-expr","locations":[{"start":{"line":39,"column":6},"end":{"line":39,"column":30}},{"start":{"line":39,"column":34},"end":{"line":39,"column":60}}],"line":39},"11":{"loc":{"start":{"line":61,"column":2},"end":{"line":63,"column":null}},"type":"if","locations":[{"start":{"line":61,"column":2},"end":{"line":63,"column":null}},{"start":{},"end":{}}],"line":61},"12":{"loc":{"start":{"line":73,"column":2},"end":{"line":75,"column":null}},"type":"if","locations":[{"start":{"line":73,"column":2},"end":{"line":75,"column":null}},{"start":{},"end":{}}],"line":73},"13":{"loc":{"start":{"line":74,"column":11},"end":{"line":74,"column":74}},"type":"cond-expr","locations":[{"start":{"line":74,"column":47},"end":{"line":74,"column":70}},{"start":{"line":74,"column":73},"end":{"line":74,"column":74}}],"line":74},"14":{"loc":{"start":{"line":78,"column":2},"end":{"line":80,"column":null}},"type":"if","locations":[{"start":{"line":78,"column":2},"end":{"line":80,"column":null}},{"start":{},"end":{}}],"line":78},"15":{"loc":{"start":{"line":78,"column":6},"end":{"line":78,"column":56}},"type":"binary-expr","locations":[{"start":{"line":78,"column":6},"end":{"line":78,"column":22}},{"start":{"line":78,"column":26},"end":{"line":78,"column":56}}],"line":78},"16":{"loc":{"start":{"line":88,"column":4},"end":{"line":88,"column":78}},"type":"cond-expr","locations":[{"start":{"line":88,"column":26},"end":{"line":88,"column":74}},{"start":{"line":88,"column":77},"end":{"line":88,"column":78}}],"line":88},"17":{"loc":{"start":{"line":123,"column":4},"end":{"line":133,"column":null}},"type":"switch","locations":[{"start":{"line":124,"column":4},"end":{"line":126,"column":null}},{"start":{"line":127,"column":4},"end":{"line":129,"column":null}},{"start":{"line":130,"column":4},"end":{"line":132,"column":null}}],"line":123}},"s":{"0":148,"1":126,"2":22,"3":2,"4":20,"5":1,"6":19,"7":2,"8":2,"9":2,"10":17,"11":144,"12":125,"13":19,"14":2,"15":17,"16":1,"17":16,"18":143,"19":143,"20":3,"21":140,"22":140,"23":0,"24":140,"25":2,"26":138,"27":138,"28":138,"29":143,"30":595,"31":130,"32":1,"33":1,"34":1,"35":1,"36":1,"37":3,"38":3,"39":3,"40":2,"41":2,"42":1,"43":1,"44":0,"45":0,"46":1},"f":{"0":148,"1":144,"2":143,"3":595,"4":130,"5":1,"6":3},"b":{"0":[126,22],"1":[2,20],"2":[1,19],"3":[20,1],"4":[2,17],"5":[19,2],"6":[1,1],"7":[125,19],"8":[2,17],"9":[1,16],"10":[17,1],"11":[3,140],"12":[0,140],"13":[0,0],"14":[2,138],"15":[140,4],"16":[126,12],"17":[2,1,0]},"meta":{"lastBranch":18,"lastFunction":7,"lastStatement":47,"seen":{"f:7:16:7:33":0,"b:8:2:10:Infinity:undefined:undefined:undefined:undefined":0,"s:8:2:10:Infinity":0,"s:9:4:9:Infinity":1,"b:12:2:14:Infinity:undefined:undefined:undefined:undefined":1,"s:12:2:14:Infinity":2,"s:13:4:13:Infinity":3,"b:16:2:18:Infinity:undefined:undefined:undefined:undefined":2,"s:16:2:18:Infinity":4,"b:16:6:16:32:16:36:16:64":3,"s:17:4:17:Infinity":5,"b:20:2:25:Infinity:undefined:undefined:undefined:undefined":4,"s:20:2:25:Infinity":6,"b:20:6:20:46:20:50:20:78":5,"s:21:35:21:61":7,"s:22:28:22:60":8,"s:24:4:24:Infinity":9,"b:24:50:24:72:24:75:24:90":6,"s:27:2:27:Infinity":10,"f:30:16:30:31":1,"b:31:2:33:Infinity:undefined:undefined:undefined:undefined":7,"s:31:2:33:Infinity":11,"s:32:4:32:Infinity":12,"b:35:2:37:Infinity:undefined:undefined:undefined:undefined":8,"s:35:2:37:Infinity":13,"s:36:4:36:Infinity":14,"b:39:2:41:Infinity:undefined:undefined:undefined:undefined":9,"s:39:2:41:Infinity":15,"b:39:6:39:30:39:34:39:60":10,"s:40:4:40:Infinity":16,"s:43:2:43:Infinity":17,"f:54:16:54:38":2,"s:55:29:59:3":18,"b:61:2:63:Infinity:undefined:undefined:undefined:undefined":11,"s:61:2:63:Infinity":19,"s:62:4:62:Infinity":20,"s:65:27:70:3":21,"b:73:2:75:Infinity:undefined:undefined:undefined:undefined":12,"s:73:2:75:Infinity":22,"s:74:4:74:Infinity":23,"b:74:47:74:70:74:73:74:74":13,"b:78:2:80:Infinity:undefined:undefined:undefined:undefined":14,"s:78:2:80:Infinity":24,"b:78:6:78:22:78:26:78:56":15,"s:79:4:79:Infinity":25,"s:82:21:82:44":26,"s:86:26:86:57":27,"s:88:4:88:78":28,"b:88:26:88:74:88:77:88:78":16,"s:90:2:90:Infinity":29,"f:100:16:100:36":3,"s:101:2:103:Infinity":30,"f:101:24:101:25":4,"s:102:4:102:Infinity":31,"f:113:16:113:38":5,"s:114:20:114:21":32,"s:115:21:115:22":33,"s:116:22:116:23":34,"s:117:27:117:28":35,"s:119:2:134:Infinity":36,"f:119:18:119:19":6,"s:120:19:120:89":37,"s:121:4:121:Infinity":38,"b:124:4:126:Infinity:127:4:129:Infinity:130:4:132:Infinity":17,"s:123:4:133:Infinity":39,"s:125:6:125:Infinity":40,"s:126:6:126:Infinity":41,"s:128:6:128:Infinity":42,"s:129:6:129:Infinity":43,"s:131:6:131:Infinity":44,"s:132:6:132:Infinity":45,"s:136:2:141:Infinity":46}}}
,"/Users/zach/localcode/openfinanceplanner/src/calculations/monte-carlo.js": {"path":"/Users/zach/localcode/openfinanceplanner/src/calculations/monte-carlo.js","statementMap":{},"fnMap":{},"branchMap":{},"s":{},"f":{},"b":{},"meta":{"lastBranch":0,"lastFunction":0,"lastStatement":0,"seen":{}}}
,"/Users/zach/localcode/openfinanceplanner/src/calculations/projection.js": {"path":"/Users/zach/localcode/openfinanceplanner/src/calculations/projection.js","statementMap":{"0":{"start":{"line":24,"column":19},"end":{"line":24,"column":37}},"1":{"start":{"line":26,"column":2},"end":{"line":37,"column":null}},"2":{"start":{"line":27,"column":21},"end":{"line":35,"column":6}},"3":{"start":{"line":36,"column":4},"end":{"line":36,"column":null}},"4":{"start":{"line":39,"column":2},"end":{"line":49,"column":null}},"5":{"start":{"line":40,"column":20},"end":{"line":47,"column":6}},"6":{"start":{"line":48,"column":4},"end":{"line":48,"column":null}},"7":{"start":{"line":51,"column":2},"end":{"line":60,"column":null}},"8":{"start":{"line":52,"column":20},"end":{"line":58,"column":6}},"9":{"start":{"line":59,"column":4},"end":{"line":59,"column":null}},"10":{"start":{"line":62,"column":2},"end":{"line":72,"column":null}},"11":{"start":{"line":63,"column":25},"end":{"line":70,"column":6}},"12":{"start":{"line":71,"column":4},"end":{"line":71,"column":null}},"13":{"start":{"line":74,"column":2},"end":{"line":87,"column":null}},"14":{"start":{"line":75,"column":29},"end":{"line":85,"column":6}},"15":{"start":{"line":86,"column":4},"end":{"line":86,"column":null}},"16":{"start":{"line":89,"column":2},"end":{"line":89,"column":null}},"17":{"start":{"line":99,"column":16},"end":{"line":105,"column":3}},"18":{"start":{"line":106,"column":2},"end":{"line":106,"column":null}},"19":{"start":{"line":117,"column":2},"end":{"line":119,"column":null}},"20":{"start":{"line":118,"column":4},"end":{"line":118,"column":null}},"21":{"start":{"line":122,"column":2},"end":{"line":124,"column":null}},"22":{"start":{"line":123,"column":4},"end":{"line":123,"column":null}},"23":{"start":{"line":127,"column":2},"end":{"line":129,"column":null}},"24":{"start":{"line":128,"column":4},"end":{"line":128,"column":null}},"25":{"start":{"line":131,"column":21},"end":{"line":131,"column":45}},"26":{"start":{"line":132,"column":30},"end":{"line":134,"column":7}},"27":{"start":{"line":136,"column":2},"end":{"line":136,"column":null}},"28":{"start":{"line":147,"column":2},"end":{"line":149,"column":null}},"29":{"start":{"line":148,"column":4},"end":{"line":148,"column":null}},"30":{"start":{"line":160,"column":18},"end":{"line":160,"column":20}},"31":{"start":{"line":161,"column":27},"end":{"line":164,"column":5}},"32":{"start":{"line":161,"column":55},"end":{"line":164,"column":3}},"33":{"start":{"line":166,"column":23},"end":{"line":166,"column":51}},"34":{"start":{"line":168,"column":20},"end":{"line":168,"column":44}},"35":{"start":{"line":169,"column":19},"end":{"line":169,"column":45}},"36":{"start":{"line":171,"column":2},"end":{"line":430,"column":null}},"37":{"start":{"line":171,"column":18},"end":{"line":171,"column":19}},"38":{"start":{"line":172,"column":24},"end":{"line":172,"column":40}},"39":{"start":{"line":173,"column":16},"end":{"line":173,"column":31}},"40":{"start":{"line":174,"column":22},"end":{"line":174,"column":58}},"41":{"start":{"line":176,"column":32},"end":{"line":176,"column":33}},"42":{"start":{"line":179,"column":25},"end":{"line":183,"column":5}},"43":{"start":{"line":186,"column":23},"end":{"line":191,"column":5}},"44":{"start":{"line":194,"column":32},"end":{"line":200,"column":5}},"45":{"start":{"line":202,"column":23},"end":{"line":202,"column":24}},"46":{"start":{"line":203,"column":26},"end":{"line":203,"column":27}},"47":{"start":{"line":204,"column":24},"end":{"line":204,"column":25}},"48":{"start":{"line":205,"column":23},"end":{"line":205,"column":24}},"49":{"start":{"line":208,"column":31},"end":{"line":217,"column":9}},"50":{"start":{"line":210,"column":6},"end":{"line":210,"column":null}},"51":{"start":{"line":210,"column":51},"end":{"line":210,"column":null}},"52":{"start":{"line":211,"column":6},"end":{"line":211,"column":null}},"53":{"start":{"line":211,"column":69},"end":{"line":211,"column":null}},"54":{"start":{"line":214,"column":6},"end":{"line":214,"column":null}},"55":{"start":{"line":214,"column":82},"end":{"line":214,"column":null}},"56":{"start":{"line":216,"column":6},"end":{"line":216,"column":null}},"57":{"start":{"line":220,"column":4},"end":{"line":227,"column":null}},"58":{"start":{"line":221,"column":24},"end":{"line":225,"column":7}},"59":{"start":{"line":226,"column":6},"end":{"line":226,"column":null}},"60":{"start":{"line":232,"column":24},"end":{"line":232,"column":73}},"61":{"start":{"line":235,"column":28},"end":{"line":242,"column":6}},"62":{"start":{"line":236,"column":22},"end":{"line":236,"column":40}},"63":{"start":{"line":237,"column":6},"end":{"line":240,"column":null}},"64":{"start":{"line":238,"column":32},"end":{"line":238,"column":98}},"65":{"start":{"line":239,"column":8},"end":{"line":239,"column":null}},"66":{"start":{"line":241,"column":6},"end":{"line":241,"column":null}},"67":{"start":{"line":243,"column":27},"end":{"line":243,"column":83}},"68":{"start":{"line":243,"column":64},"end":{"line":243,"column":73}},"69":{"start":{"line":244,"column":36},"end":{"line":244,"column":86}},"70":{"start":{"line":244,"column":73},"end":{"line":244,"column":82}},"71":{"start":{"line":246,"column":28},"end":{"line":256,"column":5}},"72":{"start":{"line":250,"column":24},"end":{"line":250,"column":null}},"73":{"start":{"line":252,"column":30},"end":{"line":252,"column":47}},"74":{"start":{"line":258,"column":24},"end":{"line":264,"column":6}},"75":{"start":{"line":266,"column":25},"end":{"line":266,"column":26}},"76":{"start":{"line":267,"column":31},"end":{"line":267,"column":32}},"77":{"start":{"line":268,"column":28},"end":{"line":268,"column":58}},"78":{"start":{"line":269,"column":40},"end":{"line":269,"column":41}},"79":{"start":{"line":270,"column":29},"end":{"line":270,"column":30}},"80":{"start":{"line":271,"column":35},"end":{"line":271,"column":36}},"81":{"start":{"line":272,"column":33},"end":{"line":272,"column":34}},"82":{"start":{"line":273,"column":39},"end":{"line":273,"column":40}},"83":{"start":{"line":274,"column":37},"end":{"line":274,"column":38}},"84":{"start":{"line":275,"column":40},"end":{"line":275,"column":41}},"85":{"start":{"line":277,"column":4},"end":{"line":321,"column":null}},"86":{"start":{"line":278,"column":6},"end":{"line":285,"column":null}},"87":{"start":{"line":279,"column":8},"end":{"line":284,"column":null}},"88":{"start":{"line":280,"column":10},"end":{"line":280,"column":null}},"89":{"start":{"line":281,"column":10},"end":{"line":283,"column":null}},"90":{"start":{"line":282,"column":12},"end":{"line":282,"column":null}},"91":{"start":{"line":287,"column":6},"end":{"line":289,"column":null}},"92":{"start":{"line":288,"column":8},"end":{"line":288,"column":null}},"93":{"start":{"line":290,"column":6},"end":{"line":292,"column":null}},"94":{"start":{"line":291,"column":8},"end":{"line":291,"column":null}},"95":{"start":{"line":293,"column":6},"end":{"line":295,"column":null}},"96":{"start":{"line":294,"column":8},"end":{"line":294,"column":null}},"97":{"start":{"line":296,"column":6},"end":{"line":298,"column":null}},"98":{"start":{"line":297,"column":8},"end":{"line":297,"column":null}},"99":{"start":{"line":299,"column":6},"end":{"line":301,"column":null}},"100":{"start":{"line":300,"column":8},"end":{"line":300,"column":null}},"101":{"start":{"line":302,"column":6},"end":{"line":309,"column":null}},"102":{"start":{"line":303,"column":8},"end":{"line":305,"column":null}},"103":{"start":{"line":304,"column":10},"end":{"line":304,"column":null}},"104":{"start":{"line":306,"column":8},"end":{"line":308,"column":null}},"105":{"start":{"line":307,"column":10},"end":{"line":307,"column":null}},"106":{"start":{"line":310,"column":6},"end":{"line":320,"column":null}},"107":{"start":{"line":311,"column":8},"end":{"line":313,"column":null}},"108":{"start":{"line":312,"column":10},"end":{"line":312,"column":null}},"109":{"start":{"line":314,"column":8},"end":{"line":316,"column":null}},"110":{"start":{"line":315,"column":10},"end":{"line":315,"column":null}},"111":{"start":{"line":317,"column":8},"end":{"line":319,"column":null}},"112":{"start":{"line":318,"column":10},"end":{"line":318,"column":null}},"113":{"start":{"line":323,"column":4},"end":{"line":325,"column":null}},"114":{"start":{"line":324,"column":6},"end":{"line":324,"column":null}},"115":{"start":{"line":328,"column":24},"end":{"line":328,"column":83}},"116":{"start":{"line":329,"column":4},"end":{"line":329,"column":null}},"117":{"start":{"line":332,"column":31},"end":{"line":332,"column":72}},"118":{"start":{"line":333,"column":30},"end":{"line":339,"column":5}},"119":{"start":{"line":341,"column":4},"end":{"line":396,"column":null}},"120":{"start":{"line":341,"column":17},"end":{"line":341,"column":18}},"121":{"start":{"line":342,"column":20},"end":{"line":342,"column":53}},"122":{"start":{"line":343,"column":22},"end":{"line":343,"column":38}},"123":{"start":{"line":344,"column":27},"end":{"line":344,"column":58}},"124":{"start":{"line":347,"column":6},"end":{"line":347,"column":null}},"125":{"start":{"line":350,"column":31},"end":{"line":350,"column":58}},"126":{"start":{"line":353,"column":23},"end":{"line":353,"column":24}},"127":{"start":{"line":354,"column":21},"end":{"line":354,"column":22}},"128":{"start":{"line":356,"column":6},"end":{"line":382,"column":null}},"129":{"start":{"line":357,"column":8},"end":{"line":380,"column":null}},"130":{"start":{"line":358,"column":27},"end":{"line":363,"column":11}},"131":{"start":{"line":364,"column":10},"end":{"line":364,"column":null}},"132":{"start":{"line":365,"column":10},"end":{"line":365,"column":null}},"133":{"start":{"line":366,"column":15},"end":{"line":380,"column":null}},"134":{"start":{"line":367,"column":10},"end":{"line":372,"column":null}},"135":{"start":{"line":373,"column":32},"end":{"line":378,"column":11}},"136":{"start":{"line":379,"column":10},"end":{"line":379,"column":null}},"137":{"start":{"line":384,"column":6},"end":{"line":384,"column":null}},"138":{"start":{"line":385,"column":6},"end":{"line":385,"column":null}},"139":{"start":{"line":388,"column":6},"end":{"line":388,"column":null}},"140":{"start":{"line":391,"column":25},"end":{"line":391,"column":77}},"141":{"start":{"line":392,"column":6},"end":{"line":392,"column":null}},"142":{"start":{"line":394,"column":6},"end":{"line":394,"column":null}},"143":{"start":{"line":395,"column":6},"end":{"line":395,"column":null}},"144":{"start":{"line":398,"column":4},"end":{"line":429,"column":null}},"145":{"start":{"line":406,"column":53},"end":{"line":406,"column":70}},"146":{"start":{"line":407,"column":47},"end":{"line":410,"column":7}},"147":{"start":{"line":432,"column":2},"end":{"line":432,"column":null}}},"fnMap":{"0":{"name":"initializeRuleRegistry","decl":{"start":{"line":23,"column":9},"end":{"line":23,"column":31}},"loc":{"start":{"line":23,"column":38},"end":{"line":90,"column":null}},"line":23},"1":{"name":"getAccountGrowthRate","decl":{"start":{"line":98,"column":16},"end":{"line":98,"column":36}},"loc":{"start":{"line":98,"column":63},"end":{"line":107,"column":null}},"line":98},"2":{"name":"calculateExpenseForYear","decl":{"start":{"line":116,"column":16},"end":{"line":116,"column":39}},"loc":{"start":{"line":116,"column":76},"end":{"line":137,"column":null}},"line":116},"3":{"name":"calculateTotalExpenses","decl":{"start":{"line":146,"column":16},"end":{"line":146,"column":38}},"loc":{"start":{"line":146,"column":76},"end":{"line":150,"column":null}},"line":146},"4":{"name":"(anonymous_4)","decl":{"start":{"line":147,"column":25},"end":{"line":147,"column":26}},"loc":{"start":{"line":147,"column":45},"end":{"line":149,"column":3}},"line":147},"5":{"name":"project","decl":{"start":{"line":159,"column":16},"end":{"line":159,"column":23}},"loc":{"start":{"line":159,"column":67},"end":{"line":433,"column":null}},"line":159},"6":{"name":"(anonymous_6)","decl":{"start":{"line":161,"column":45},"end":{"line":161,"column":46}},"loc":{"start":{"line":161,"column":55},"end":{"line":164,"column":3}},"line":161},"7":{"name":"(anonymous_7)","decl":{"start":{"line":208,"column":52},"end":{"line":208,"column":53}},"loc":{"start":{"line":208,"column":66},"end":{"line":217,"column":5}},"line":208},"8":{"name":"(anonymous_8)","decl":{"start":{"line":235,"column":49},"end":{"line":235,"column":50}},"loc":{"start":{"line":235,"column":63},"end":{"line":242,"column":5}},"line":235},"9":{"name":"(anonymous_9)","decl":{"start":{"line":243,"column":50},"end":{"line":243,"column":51}},"loc":{"start":{"line":243,"column":64},"end":{"line":243,"column":73}},"line":243},"10":{"name":"(anonymous_10)","decl":{"start":{"line":244,"column":59},"end":{"line":244,"column":60}},"loc":{"start":{"line":244,"column":73},"end":{"line":244,"column":82}},"line":244},"11":{"name":"(anonymous_11)","decl":{"start":{"line":250,"column":10},"end":{"line":250,"column":11}},"loc":{"start":{"line":250,"column":24},"end":{"line":250,"column":null}},"line":250},"12":{"name":"(anonymous_12)","decl":{"start":{"line":252,"column":16},"end":{"line":252,"column":17}},"loc":{"start":{"line":252,"column":30},"end":{"line":252,"column":47}},"line":252},"13":{"name":"(anonymous_13)","decl":{"start":{"line":277,"column":24},"end":{"line":277,"column":25}},"loc":{"start":{"line":277,"column":40},"end":{"line":321,"column":5}},"line":277},"14":{"name":"(anonymous_14)","decl":{"start":{"line":279,"column":48},"end":{"line":279,"column":49}},"loc":{"start":{"line":279,"column":57},"end":{"line":284,"column":9}},"line":279},"15":{"name":"(anonymous_15)","decl":{"start":{"line":406,"column":44},"end":{"line":406,"column":45}},"loc":{"start":{"line":406,"column":53},"end":{"line":406,"column":70}},"line":406},"16":{"name":"(anonymous_16)","decl":{"start":{"line":407,"column":37},"end":{"line":407,"column":38}},"loc":{"start":{"line":407,"column":47},"end":{"line":410,"column":7}},"line":407}},"branchMap":{"0":{"loc":{"start":{"line":26,"column":2},"end":{"line":37,"column":null}},"type":"if","locations":[{"start":{"line":26,"column":2},"end":{"line":37,"column":null}},{"start":{},"end":{}}],"line":26},"1":{"loc":{"start":{"line":26,"column":6},"end":{"line":26,"column":58}},"type":"binary-expr","locations":[{"start":{"line":26,"column":6},"end":{"line":26,"column":26}},{"start":{"line":26,"column":30},"end":{"line":26,"column":58}}],"line":26},"2":{"loc":{"start":{"line":39,"column":2},"end":{"line":49,"column":null}},"type":"if","locations":[{"start":{"line":39,"column":2},"end":{"line":49,"column":null}},{"start":{},"end":{}}],"line":39},"3":{"loc":{"start":{"line":39,"column":6},"end":{"line":39,"column":50}},"type":"binary-expr","locations":[{"start":{"line":39,"column":6},"end":{"line":39,"column":22}},{"start":{"line":39,"column":26},"end":{"line":39,"column":50}}],"line":39},"4":{"loc":{"start":{"line":51,"column":2},"end":{"line":60,"column":null}},"type":"if","locations":[{"start":{"line":51,"column":2},"end":{"line":60,"column":null}},{"start":{},"end":{}}],"line":51},"5":{"loc":{"start":{"line":51,"column":6},"end":{"line":51,"column":62}},"type":"binary-expr","locations":[{"start":{"line":51,"column":6},"end":{"line":51,"column":28}},{"start":{"line":51,"column":32},"end":{"line":51,"column":62}}],"line":51},"6":{"loc":{"start":{"line":62,"column":2},"end":{"line":72,"column":null}},"type":"if","locations":[{"start":{"line":62,"column":2},"end":{"line":72,"column":null}},{"start":{},"end":{}}],"line":62},"7":{"loc":{"start":{"line":62,"column":6},"end":{"line":62,"column":52}},"type":"binary-expr","locations":[{"start":{"line":62,"column":6},"end":{"line":62,"column":23}},{"start":{"line":62,"column":27},"end":{"line":62,"column":52}}],"line":62},"8":{"loc":{"start":{"line":74,"column":2},"end":{"line":87,"column":null}},"type":"if","locations":[{"start":{"line":74,"column":2},"end":{"line":87,"column":null}},{"start":{},"end":{}}],"line":74},"9":{"loc":{"start":{"line":74,"column":6},"end":{"line":74,"column":60}},"type":"binary-expr","locations":[{"start":{"line":74,"column":6},"end":{"line":74,"column":27}},{"start":{"line":74,"column":31},"end":{"line":74,"column":60}}],"line":74},"10":{"loc":{"start":{"line":106,"column":9},"end":{"line":106,"column":59}},"type":"binary-expr","locations":[{"start":{"line":106,"column":9},"end":{"line":106,"column":27}},{"start":{"line":106,"column":31},"end":{"line":106,"column":59}}],"line":106},"11":{"loc":{"start":{"line":117,"column":2},"end":{"line":119,"column":null}},"type":"if","locations":[{"start":{"line":117,"column":2},"end":{"line":119,"column":null}},{"start":{},"end":{}}],"line":117},"12":{"loc":{"start":{"line":122,"column":2},"end":{"line":124,"column":null}},"type":"if","locations":[{"start":{"line":122,"column":2},"end":{"line":124,"column":null}},{"start":{},"end":{}}],"line":122},"13":{"loc":{"start":{"line":123,"column":11},"end":{"line":123,"column":74}},"type":"cond-expr","locations":[{"start":{"line":123,"column":46},"end":{"line":123,"column":70}},{"start":{"line":123,"column":73},"end":{"line":123,"column":74}}],"line":123},"14":{"loc":{"start":{"line":127,"column":2},"end":{"line":129,"column":null}},"type":"if","locations":[{"start":{"line":127,"column":2},"end":{"line":129,"column":null}},{"start":{},"end":{}}],"line":127},"15":{"loc":{"start":{"line":127,"column":6},"end":{"line":127,"column":53}},"type":"binary-expr","locations":[{"start":{"line":127,"column":6},"end":{"line":127,"column":21}},{"start":{"line":127,"column":25},"end":{"line":127,"column":53}}],"line":127},"16":{"loc":{"start":{"line":132,"column":30},"end":{"line":134,"column":7}},"type":"cond-expr","locations":[{"start":{"line":133,"column":6},"end":{"line":133,"column":null}},{"start":{"line":134,"column":6},"end":{"line":134,"column":7}}],"line":132},"17":{"loc":{"start":{"line":159,"column":30},"end":{"line":159,"column":49}},"type":"default-arg","locations":[{"start":{"line":159,"column":47},"end":{"line":159,"column":49}}],"line":159},"18":{"loc":{"start":{"line":159,"column":51},"end":{"line":159,"column":65}},"type":"default-arg","locations":[{"start":{"line":159,"column":61},"end":{"line":159,"column":65}}],"line":159},"19":{"loc":{"start":{"line":187,"column":6},"end":{"line":187,"column":24}},"type":"binary-expr","locations":[{"start":{"line":187,"column":6},"end":{"line":187,"column":18}},{"start":{"line":187,"column":22},"end":{"line":187,"column":24}}],"line":187},"20":{"loc":{"start":{"line":210,"column":6},"end":{"line":210,"column":null}},"type":"if","locations":[{"start":{"line":210,"column":6},"end":{"line":210,"column":null}},{"start":{},"end":{}}],"line":210},"21":{"loc":{"start":{"line":210,"column":18},"end":{"line":210,"column":48}},"type":"binary-expr","locations":[{"start":{"line":210,"column":18},"end":{"line":210,"column":43}},{"start":{"line":210,"column":47},"end":{"line":210,"column":48}}],"line":210},"22":{"loc":{"start":{"line":211,"column":6},"end":{"line":211,"column":null}},"type":"if","locations":[{"start":{"line":211,"column":6},"end":{"line":211,"column":null}},{"start":{},"end":{}}],"line":211},"23":{"loc":{"start":{"line":211,"column":10},"end":{"line":211,"column":67}},"type":"binary-expr","locations":[{"start":{"line":211,"column":10},"end":{"line":211,"column":33}},{"start":{"line":211,"column":37},"end":{"line":211,"column":67}}],"line":211},"24":{"loc":{"start":{"line":214,"column":6},"end":{"line":214,"column":null}},"type":"if","locations":[{"start":{"line":214,"column":6},"end":{"line":214,"column":null}},{"start":{},"end":{}}],"line":214},"25":{"loc":{"start":{"line":214,"column":10},"end":{"line":214,"column":80}},"type":"binary-expr","locations":[{"start":{"line":214,"column":10},"end":{"line":214,"column":35}},{"start":{"line":214,"column":39},"end":{"line":214,"column":80}}],"line":214},"26":{"loc":{"start":{"line":214,"column":49},"end":{"line":214,"column":79}},"type":"binary-expr","locations":[{"start":{"line":214,"column":49},"end":{"line":214,"column":74}},{"start":{"line":214,"column":78},"end":{"line":214,"column":79}}],"line":214},"27":{"loc":{"start":{"line":216,"column":20},"end":{"line":216,"column":47}},"type":"binary-expr","locations":[{"start":{"line":216,"column":20},"end":{"line":216,"column":42}},{"start":{"line":216,"column":46},"end":{"line":216,"column":47}}],"line":216},"28":{"loc":{"start":{"line":220,"column":4},"end":{"line":227,"column":null}},"type":"if","locations":[{"start":{"line":220,"column":4},"end":{"line":227,"column":null}},{"start":{},"end":{}}],"line":220},"29":{"loc":{"start":{"line":220,"column":8},"end":{"line":220,"column":37}},"type":"binary-expr","locations":[{"start":{"line":220,"column":8},"end":{"line":220,"column":18}},{"start":{"line":220,"column":22},"end":{"line":220,"column":37}}],"line":220},"30":{"loc":{"start":{"line":237,"column":6},"end":{"line":240,"column":null}},"type":"if","locations":[{"start":{"line":237,"column":6},"end":{"line":240,"column":null}},{"start":{},"end":{}}],"line":237},"31":{"loc":{"start":{"line":237,"column":10},"end":{"line":237,"column":81}},"type":"binary-expr","locations":[{"start":{"line":237,"column":11},"end":{"line":237,"column":34}},{"start":{"line":237,"column":38},"end":{"line":237,"column":60}},{"start":{"line":237,"column":64},"end":{"line":237,"column":81}}],"line":237},"32":{"loc":{"start":{"line":250,"column":24},"end":{"line":250,"column":null}},"type":"binary-expr","locations":[{"start":{"line":250,"column":24},"end":{"line":250,"column":58}},{"start":{"line":250,"column":62},"end":{"line":250,"column":null}}],"line":250},"33":{"loc":{"start":{"line":278,"column":6},"end":{"line":285,"column":null}},"type":"if","locations":[{"start":{"line":278,"column":6},"end":{"line":285,"column":null}},{"start":{},"end":{}}],"line":278},"34":{"loc":{"start":{"line":281,"column":10},"end":{"line":283,"column":null}},"type":"if","locations":[{"start":{"line":281,"column":10},"end":{"line":283,"column":null}},{"start":{},"end":{}}],"line":281},"35":{"loc":{"start":{"line":287,"column":6},"end":{"line":289,"column":null}},"type":"if","locations":[{"start":{"line":287,"column":6},"end":{"line":289,"column":null}},{"start":{},"end":{}}],"line":287},"36":{"loc":{"start":{"line":290,"column":6},"end":{"line":292,"column":null}},"type":"if","locations":[{"start":{"line":290,"column":6},"end":{"line":292,"column":null}},{"start":{},"end":{}}],"line":290},"37":{"loc":{"start":{"line":290,"column":10},"end":{"line":290,"column":93}},"type":"binary-expr","locations":[{"start":{"line":290,"column":10},"end":{"line":290,"column":48}},{"start":{"line":290,"column":52},"end":{"line":290,"column":93}}],"line":290},"38":{"loc":{"start":{"line":293,"column":6},"end":{"line":295,"column":null}},"type":"if","locations":[{"start":{"line":293,"column":6},"end":{"line":295,"column":null}},{"start":{},"end":{}}],"line":293},"39":{"loc":{"start":{"line":293,"column":10},"end":{"line":293,"column":92}},"type":"binary-expr","locations":[{"start":{"line":293,"column":10},"end":{"line":293,"column":48}},{"start":{"line":293,"column":52},"end":{"line":293,"column":92}}],"line":293},"40":{"loc":{"start":{"line":296,"column":6},"end":{"line":298,"column":null}},"type":"if","locations":[{"start":{"line":296,"column":6},"end":{"line":298,"column":null}},{"start":{},"end":{}}],"line":296},"41":{"loc":{"start":{"line":299,"column":6},"end":{"line":301,"column":null}},"type":"if","locations":[{"start":{"line":299,"column":6},"end":{"line":301,"column":null}},{"start":{},"end":{}}],"line":299},"42":{"loc":{"start":{"line":302,"column":6},"end":{"line":309,"column":null}},"type":"if","locations":[{"start":{"line":302,"column":6},"end":{"line":309,"column":null}},{"start":{},"end":{}}],"line":302},"43":{"loc":{"start":{"line":303,"column":8},"end":{"line":305,"column":null}},"type":"if","locations":[{"start":{"line":303,"column":8},"end":{"line":305,"column":null}},{"start":{},"end":{}}],"line":303},"44":{"loc":{"start":{"line":306,"column":8},"end":{"line":308,"column":null}},"type":"if","locations":[{"start":{"line":306,"column":8},"end":{"line":308,"column":null}},{"start":{},"end":{}}],"line":306},"45":{"loc":{"start":{"line":310,"column":6},"end":{"line":320,"column":null}},"type":"if","locations":[{"start":{"line":310,"column":6},"end":{"line":320,"column":null}},{"start":{},"end":{}}],"line":310},"46":{"loc":{"start":{"line":311,"column":8},"end":{"line":313,"column":null}},"type":"if","locations":[{"start":{"line":311,"column":8},"end":{"line":313,"column":null}},{"start":{},"end":{}}],"line":311},"47":{"loc":{"start":{"line":314,"column":8},"end":{"line":316,"column":null}},"type":"if","locations":[{"start":{"line":314,"column":8},"end":{"line":316,"column":null}},{"start":{},"end":{}}],"line":314},"48":{"loc":{"start":{"line":317,"column":8},"end":{"line":319,"column":null}},"type":"if","locations":[{"start":{"line":317,"column":8},"end":{"line":319,"column":null}},{"start":{},"end":{}}],"line":317},"49":{"loc":{"start":{"line":323,"column":4},"end":{"line":325,"column":null}},"type":"if","locations":[{"start":{"line":323,"column":4},"end":{"line":325,"column":null}},{"start":{},"end":{}}],"line":323},"50":{"loc":{"start":{"line":332,"column":31},"end":{"line":332,"column":72}},"type":"binary-expr","locations":[{"start":{"line":332,"column":31},"end":{"line":332,"column":54}},{"start":{"line":332,"column":58},"end":{"line":332,"column":72}}],"line":332},"51":{"loc":{"start":{"line":344,"column":27},"end":{"line":344,"column":58}},"type":"binary-expr","locations":[{"start":{"line":344,"column":27},"end":{"line":344,"column":53}},{"start":{"line":344,"column":57},"end":{"line":344,"column":58}}],"line":344},"52":{"loc":{"start":{"line":356,"column":6},"end":{"line":382,"column":null}},"type":"if","locations":[{"start":{"line":356,"column":6},"end":{"line":382,"column":null}},{"start":{},"end":{}}],"line":356},"53":{"loc":{"start":{"line":357,"column":8},"end":{"line":380,"column":null}},"type":"if","locations":[{"start":{"line":357,"column":8},"end":{"line":380,"column":null}},{"start":{"line":366,"column":15},"end":{"line":380,"column":null}}],"line":357},"54":{"loc":{"start":{"line":357,"column":12},"end":{"line":357,"column":61}},"type":"binary-expr","locations":[{"start":{"line":357,"column":12},"end":{"line":357,"column":35}},{"start":{"line":357,"column":39},"end":{"line":357,"column":61}}],"line":357},"55":{"loc":{"start":{"line":366,"column":15},"end":{"line":380,"column":null}},"type":"if","locations":[{"start":{"line":366,"column":15},"end":{"line":380,"column":null}},{"start":{},"end":{}}],"line":366},"56":{"loc":{"start":{"line":384,"column":39},"end":{"line":384,"column":72}},"type":"binary-expr","locations":[{"start":{"line":384,"column":39},"end":{"line":384,"column":67}},{"start":{"line":384,"column":71},"end":{"line":384,"column":72}}],"line":384},"57":{"loc":{"start":{"line":385,"column":35},"end":{"line":385,"column":66}},"type":"binary-expr","locations":[{"start":{"line":385,"column":35},"end":{"line":385,"column":61}},{"start":{"line":385,"column":65},"end":{"line":385,"column":66}}],"line":385}},"s":{"0":44,"1":44,"2":5,"3":5,"4":44,"5":3,"6":3,"7":44,"8":6,"9":6,"10":44,"11":0,"12":0,"13":44,"14":0,"15":0,"16":44,"17":1001,"18":1001,"19":596,"20":0,"21":596,"22":0,"23":596,"24":0,"25":596,"26":596,"27":596,"28":593,"29":594,"30":44,"31":44,"32":76,"33":44,"34":44,"35":44,"36":44,"37":44,"38":592,"39":592,"40":592,"41":592,"42":592,"43":592,"44":592,"45":592,"46":592,"47":592,"48":592,"49":592,"50":999,"51":0,"52":999,"53":0,"54":999,"55":0,"56":999,"57":592,"58":96,"59":96,"60":592,"61":592,"62":999,"63":999,"64":181,"65":181,"66":818,"67":592,"68":999,"69":592,"70":999,"71":592,"72":999,"73":559,"74":592,"75":592,"76":592,"77":592,"78":592,"79":592,"80":592,"81":592,"82":592,"83":592,"84":592,"85":592,"86":168,"87":163,"88":51,"89":51,"90":0,"91":168,"92":52,"93":168,"94":45,"95":168,"96":45,"97":168,"98":66,"99":168,"100":66,"101":168,"102":0,"103":0,"104":0,"105":0,"106":168,"107":0,"108":0,"109":0,"110":0,"111":0,"112":0,"113":592,"114":468,"115":592,"116":592,"117":592,"118":592,"119":592,"120":592,"121":999,"122":999,"123":999,"124":999,"125":999,"126":999,"127":999,"128":999,"129":694,"130":423,"131":423,"132":423,"133":271,"134":150,"135":150,"136":150,"137":999,"138":999,"139":999,"140":999,"141":999,"142":999,"143":999,"144":592,"145":999,"146":999,"147":592},"f":{"0":44,"1":1001,"2":596,"3":593,"4":594,"5":44,"6":76,"7":999,"8":999,"9":999,"10":999,"11":999,"12":559,"13":168,"14":51,"15":999,"16":999},"b":{"0":[5,39],"1":[44,38],"2":[3,41],"3":[44,38],"4":[6,38],"5":[44,38],"6":[0,44],"7":[44,38],"8":[0,44],"9":[44,38],"10":[1001,0],"11":[0,596],"12":[0,596],"13":[0,0],"14":[0,596],"15":[596,0],"16":[539,57],"17":[44],"18":[44],"19":[592,98],"20":[0,999],"21":[999,999],"22":[0,999],"23":[999,0],"24":[0,999],"25":[999,0],"26":[0,0],"27":[999,825],"28":[96,496],"29":[592,380],"30":[181,818],"31":[999,675,559],"32":[999,675],"33":[163,5],"34":[0,51],"35":[52,116],"36":[45,123],"37":[168,45],"38":[45,123],"39":[168,45],"40":[66,102],"41":[66,102],"42":[0,168],"43":[0,0],"44":[0,0],"45":[0,168],"46":[0,0],"47":[0,0],"48":[0,0],"49":[468,124],"50":[592,98],"51":[999,825],"52":[694,305],"53":[423,271],"54":[694,488],"55":[150,121],"56":[999,999],"57":[999,999]},"meta":{"lastBranch":58,"lastFunction":17,"lastStatement":148,"seen":{"f:23:9:23:31":0,"s:24:19:24:37":0,"b:26:2:37:Infinity:undefined:undefined:undefined:undefined":0,"s:26:2:37:Infinity":1,"b:26:6:26:26:26:30:26:58":1,"s:27:21:35:6":2,"s:36:4:36:Infinity":3,"b:39:2:49:Infinity:undefined:undefined:undefined:undefined":2,"s:39:2:49:Infinity":4,"b:39:6:39:22:39:26:39:50":3,"s:40:20:47:6":5,"s:48:4:48:Infinity":6,"b:51:2:60:Infinity:undefined:undefined:undefined:undefined":4,"s:51:2:60:Infinity":7,"b:51:6:51:28:51:32:51:62":5,"s:52:20:58:6":8,"s:59:4:59:Infinity":9,"b:62:2:72:Infinity:undefined:undefined:undefined:undefined":6,"s:62:2:72:Infinity":10,"b:62:6:62:23:62:27:62:52":7,"s:63:25:70:6":11,"s:71:4:71:Infinity":12,"b:74:2:87:Infinity:undefined:undefined:undefined:undefined":8,"s:74:2:87:Infinity":13,"b:74:6:74:27:74:31:74:60":9,"s:75:29:85:6":14,"s:86:4:86:Infinity":15,"s:89:2:89:Infinity":16,"f:98:16:98:36":1,"s:99:16:105:3":17,"s:106:2:106:Infinity":18,"b:106:9:106:27:106:31:106:59":10,"f:116:16:116:39":2,"b:117:2:119:Infinity:undefined:undefined:undefined:undefined":11,"s:117:2:119:Infinity":19,"s:118:4:118:Infinity":20,"b:122:2:124:Infinity:undefined:undefined:undefined:undefined":12,"s:122:2:124:Infinity":21,"s:123:4:123:Infinity":22,"b:123:46:123:70:123:73:123:74":13,"b:127:2:129:Infinity:undefined:undefined:undefined:undefined":14,"s:127:2:129:Infinity":23,"b:127:6:127:21:127:25:127:53":15,"s:128:4:128:Infinity":24,"s:131:21:131:45":25,"s:132:30:134:7":26,"b:133:6:133:Infinity:134:6:134:7":16,"s:136:2:136:Infinity":27,"f:146:16:146:38":3,"s:147:2:149:Infinity":28,"f:147:25:147:26":4,"s:148:4:148:Infinity":29,"f:159:16:159:23":5,"b:159:47:159:49":17,"b:159:61:159:65":18,"s:160:18:160:20":30,"s:161:27:164:5":31,"f:161:45:161:46":6,"s:161:55:164:3":32,"s:166:23:166:51":33,"s:168:20:168:44":34,"s:169:19:169:45":35,"s:171:2:430:Infinity":36,"s:171:18:171:19":37,"s:172:24:172:40":38,"s:173:16:173:31":39,"s:174:22:174:58":40,"s:176:32:176:33":41,"s:179:25:183:5":42,"s:186:23:191:5":43,"b:187:6:187:18:187:22:187:24":19,"s:194:32:200:5":44,"s:202:23:202:24":45,"s:203:26:203:27":46,"s:204:24:204:25":47,"s:205:23:205:24":48,"s:208:31:217:9":49,"f:208:52:208:53":7,"b:210:6:210:Infinity:undefined:undefined:undefined:undefined":20,"s:210:6:210:Infinity":50,"b:210:18:210:43:210:47:210:48":21,"s:210:51:210:Infinity":51,"b:211:6:211:Infinity:undefined:undefined:undefined:undefined":22,"s:211:6:211:Infinity":52,"b:211:10:211:33:211:37:211:67":23,"s:211:69:211:Infinity":53,"b:214:6:214:Infinity:undefined:undefined:undefined:undefined":24,"s:214:6:214:Infinity":54,"b:214:10:214:35:214:39:214:80":25,"b:214:49:214:74:214:78:214:79":26,"s:214:82:214:Infinity":55,"s:216:6:216:Infinity":56,"b:216:20:216:42:216:46:216:47":27,"b:220:4:227:Infinity:undefined:undefined:undefined:undefined":28,"s:220:4:227:Infinity":57,"b:220:8:220:18:220:22:220:37":29,"s:221:24:225:7":58,"s:226:6:226:Infinity":59,"s:232:24:232:73":60,"s:235:28:242:6":61,"f:235:49:235:50":8,"s:236:22:236:40":62,"b:237:6:240:Infinity:undefined:undefined:undefined:undefined":30,"s:237:6:240:Infinity":63,"b:237:11:237:34:237:38:237:60:237:64:237:81":31,"s:238:32:238:98":64,"s:239:8:239:Infinity":65,"s:241:6:241:Infinity":66,"s:243:27:243:83":67,"f:243:50:243:51":9,"s:243:64:243:73":68,"s:244:36:244:86":69,"f:244:59:244:60":10,"s:244:73:244:82":70,"s:246:28:256:5":71,"f:250:10:250:11":11,"s:250:24:250:Infinity":72,"b:250:24:250:58:250:62:250:Infinity":32,"f:252:16:252:17":12,"s:252:30:252:47":73,"s:258:24:264:6":74,"s:266:25:266:26":75,"s:267:31:267:32":76,"s:268:28:268:58":77,"s:269:40:269:41":78,"s:270:29:270:30":79,"s:271:35:271:36":80,"s:272:33:272:34":81,"s:273:39:273:40":82,"s:274:37:274:38":83,"s:275:40:275:41":84,"s:277:4:321:Infinity":85,"f:277:24:277:25":13,"b:278:6:285:Infinity:undefined:undefined:undefined:undefined":33,"s:278:6:285:Infinity":86,"s:279:8:284:Infinity":87,"f:279:48:279:49":14,"s:280:10:280:Infinity":88,"b:281:10:283:Infinity:undefined:undefined:undefined:undefined":34,"s:281:10:283:Infinity":89,"s:282:12:282:Infinity":90,"b:287:6:289:Infinity:undefined:undefined:undefined:undefined":35,"s:287:6:289:Infinity":91,"s:288:8:288:Infinity":92,"b:290:6:292:Infinity:undefined:undefined:undefined:undefined":36,"s:290:6:292:Infinity":93,"b:290:10:290:48:290:52:290:93":37,"s:291:8:291:Infinity":94,"b:293:6:295:Infinity:undefined:undefined:undefined:undefined":38,"s:293:6:295:Infinity":95,"b:293:10:293:48:293:52:293:92":39,"s:294:8:294:Infinity":96,"b:296:6:298:Infinity:undefined:undefined:undefined:undefined":40,"s:296:6:298:Infinity":97,"s:297:8:297:Infinity":98,"b:299:6:301:Infinity:undefined:undefined:undefined:undefined":41,"s:299:6:301:Infinity":99,"s:300:8:300:Infinity":100,"b:302:6:309:Infinity:undefined:undefined:undefined:undefined":42,"s:302:6:309:Infinity":101,"b:303:8:305:Infinity:undefined:undefined:undefined:undefined":43,"s:303:8:305:Infinity":102,"s:304:10:304:Infinity":103,"b:306:8:308:Infinity:undefined:undefined:undefined:undefined":44,"s:306:8:308:Infinity":104,"s:307:10:307:Infinity":105,"b:310:6:320:Infinity:undefined:undefined:undefined:undefined":45,"s:310:6:320:Infinity":106,"b:311:8:313:Infinity:undefined:undefined:undefined:undefined":46,"s:311:8:313:Infinity":107,"s:312:10:312:Infinity":108,"b:314:8:316:Infinity:undefined:undefined:undefined:undefined":47,"s:314:8:316:Infinity":109,"s:315:10:315:Infinity":110,"b:317:8:319:Infinity:undefined:undefined:undefined:undefined":48,"s:317:8:319:Infinity":111,"s:318:10:318:Infinity":112,"b:323:4:325:Infinity:undefined:undefined:undefined:undefined":49,"s:323:4:325:Infinity":113,"s:324:6:324:Infinity":114,"s:328:24:328:83":115,"s:329:4:329:Infinity":116,"s:332:31:332:72":117,"b:332:31:332:54:332:58:332:72":50,"s:333:30:339:5":118,"s:341:4:396:Infinity":119,"s:341:17:341:18":120,"s:342:20:342:53":121,"s:343:22:343:38":122,"s:344:27:344:58":123,"b:344:27:344:53:344:57:344:58":51,"s:347:6:347:Infinity":124,"s:350:31:350:58":125,"s:353:23:353:24":126,"s:354:21:354:22":127,"b:356:6:382:Infinity:undefined:undefined:undefined:undefined":52,"s:356:6:382:Infinity":128,"b:357:8:380:Infinity:366:15:380:Infinity":53,"s:357:8:380:Infinity":129,"b:357:12:357:35:357:39:357:61":54,"s:358:27:363:11":130,"s:364:10:364:Infinity":131,"s:365:10:365:Infinity":132,"b:366:15:380:Infinity:undefined:undefined:undefined:undefined":55,"s:366:15:380:Infinity":133,"s:367:10:372:Infinity":134,"s:373:32:378:11":135,"s:379:10:379:Infinity":136,"s:384:6:384:Infinity":137,"b:384:39:384:67:384:71:384:72":56,"s:385:6:385:Infinity":138,"b:385:35:385:61:385:65:385:66":57,"s:388:6:388:Infinity":139,"s:391:25:391:77":140,"s:392:6:392:Infinity":141,"s:394:6:394:Infinity":142,"s:395:6:395:Infinity":143,"s:398:4:429:Infinity":144,"f:406:44:406:45":15,"s:406:53:406:70":145,"f:407:37:407:38":16,"s:407:47:410:7":146,"s:432:2:432:Infinity":147}}}
,"/Users/zach/localcode/openfinanceplanner/src/calculations/qcd.js": {"path":"/Users/zach/localcode/openfinanceplanner/src/calculations/qcd.js","statementMap":{"0":{"start":{"line":8,"column":24},"end":{"line":8,"column":28}},"1":{"start":{"line":9,"column":24},"end":{"line":9,"column":44}},"2":{"start":{"line":12,"column":2},"end":{"line":12,"column":null}},"3":{"start":{"line":16,"column":24},"end":{"line":16,"column":39}},"4":{"start":{"line":17,"column":2},"end":{"line":17,"column":null}},"5":{"start":{"line":21,"column":2},"end":{"line":23,"column":null}},"6":{"start":{"line":22,"column":4},"end":{"line":22,"column":null}},"7":{"start":{"line":25,"column":22},"end":{"line":25,"column":34}},"8":{"start":{"line":26,"column":25},"end":{"line":26,"column":45}},"9":{"start":{"line":28,"column":2},"end":{"line":30,"column":null}},"10":{"start":{"line":29,"column":4},"end":{"line":29,"column":null}},"11":{"start":{"line":32,"column":2},"end":{"line":34,"column":null}},"12":{"start":{"line":33,"column":4},"end":{"line":33,"column":null}},"13":{"start":{"line":38,"column":2},"end":{"line":46,"column":null}},"14":{"start":{"line":39,"column":4},"end":{"line":39,"column":null}},"15":{"start":{"line":40,"column":9},"end":{"line":46,"column":null}},"16":{"start":{"line":41,"column":4},"end":{"line":41,"column":null}},"17":{"start":{"line":42,"column":9},"end":{"line":46,"column":null}},"18":{"start":{"line":43,"column":4},"end":{"line":43,"column":null}},"19":{"start":{"line":45,"column":4},"end":{"line":45,"column":null}},"20":{"start":{"line":48,"column":17},"end":{"line":48,"column":59}},"21":{"start":{"line":49,"column":2},"end":{"line":49,"column":null}},"22":{"start":{"line":53,"column":2},"end":{"line":55,"column":null}},"23":{"start":{"line":54,"column":4},"end":{"line":54,"column":null}},"24":{"start":{"line":59,"column":2},"end":{"line":59,"column":null}},"25":{"start":{"line":63,"column":2},"end":{"line":63,"column":null}},"26":{"start":{"line":67,"column":2},"end":{"line":69,"column":null}},"27":{"start":{"line":68,"column":4},"end":{"line":68,"column":null}},"28":{"start":{"line":71,"column":2},"end":{"line":71,"column":null}},"29":{"start":{"line":75,"column":17},"end":{"line":75,"column":19}},"30":{"start":{"line":77,"column":2},"end":{"line":79,"column":null}},"31":{"start":{"line":78,"column":4},"end":{"line":78,"column":null}},"32":{"start":{"line":81,"column":2},"end":{"line":83,"column":null}},"33":{"start":{"line":82,"column":4},"end":{"line":82,"column":null}},"34":{"start":{"line":85,"column":2},"end":{"line":87,"column":null}},"35":{"start":{"line":86,"column":4},"end":{"line":86,"column":null}},"36":{"start":{"line":89,"column":2},"end":{"line":94,"column":null}},"37":{"start":{"line":93,"column":4},"end":{"line":93,"column":null}},"38":{"start":{"line":96,"column":2},"end":{"line":96,"column":null}}},"fnMap":{"0":{"name":"mustTakeQCD","decl":{"start":{"line":11,"column":16},"end":{"line":11,"column":27}},"loc":{"start":{"line":11,"column":33},"end":{"line":13,"column":null}},"line":11},"1":{"name":"canAccountTakeQCD","decl":{"start":{"line":15,"column":16},"end":{"line":15,"column":33}},"loc":{"start":{"line":15,"column":47},"end":{"line":18,"column":null}},"line":15},"2":{"name":"calculateQCDForAccount","decl":{"start":{"line":20,"column":16},"end":{"line":20,"column":38}},"loc":{"start":{"line":20,"column":72},"end":{"line":50,"column":null}},"line":20},"3":{"name":"calculateTotalQCD","decl":{"start":{"line":52,"column":16},"end":{"line":52,"column":33}},"loc":{"start":{"line":52,"column":68},"end":{"line":56,"column":null}},"line":52},"4":{"name":"(anonymous_4)","decl":{"start":{"line":53,"column":25},"end":{"line":53,"column":26}},"loc":{"start":{"line":53,"column":45},"end":{"line":55,"column":3}},"line":53},"5":{"name":"getQCDLimit","decl":{"start":{"line":58,"column":16},"end":{"line":58,"column":27}},"loc":{"start":{"line":58,"column":30},"end":{"line":60,"column":null}},"line":58},"6":{"name":"getQCDMinimumAge","decl":{"start":{"line":62,"column":16},"end":{"line":62,"column":32}},"loc":{"start":{"line":62,"column":35},"end":{"line":64,"column":null}},"line":62},"7":{"name":"calculateQCDTaxBenefit","decl":{"start":{"line":66,"column":16},"end":{"line":66,"column":38}},"loc":{"start":{"line":66,"column":67},"end":{"line":72,"column":null}},"line":66},"8":{"name":"validateQCDSettings","decl":{"start":{"line":74,"column":16},"end":{"line":74,"column":35}},"loc":{"start":{"line":74,"column":46},"end":{"line":97,"column":null}},"line":74}},"branchMap":{"0":{"loc":{"start":{"line":21,"column":2},"end":{"line":23,"column":null}},"type":"if","locations":[{"start":{"line":21,"column":2},"end":{"line":23,"column":null}},{"start":{},"end":{}}],"line":21},"1":{"loc":{"start":{"line":26,"column":25},"end":{"line":26,"column":45}},"type":"binary-expr","locations":[{"start":{"line":26,"column":25},"end":{"line":26,"column":40}},{"start":{"line":26,"column":44},"end":{"line":26,"column":45}}],"line":26},"2":{"loc":{"start":{"line":28,"column":2},"end":{"line":30,"column":null}},"type":"if","locations":[{"start":{"line":28,"column":2},"end":{"line":30,"column":null}},{"start":{},"end":{}}],"line":28},"3":{"loc":{"start":{"line":32,"column":2},"end":{"line":34,"column":null}},"type":"if","locations":[{"start":{"line":32,"column":2},"end":{"line":34,"column":null}},{"start":{},"end":{}}],"line":32},"4":{"loc":{"start":{"line":38,"column":2},"end":{"line":46,"column":null}},"type":"if","locations":[{"start":{"line":38,"column":2},"end":{"line":46,"column":null}},{"start":{"line":40,"column":9},"end":{"line":46,"column":null}}],"line":38},"5":{"loc":{"start":{"line":39,"column":16},"end":{"line":39,"column":45}},"type":"binary-expr","locations":[{"start":{"line":39,"column":16},"end":{"line":39,"column":40}},{"start":{"line":39,"column":44},"end":{"line":39,"column":45}}],"line":39},"6":{"loc":{"start":{"line":40,"column":9},"end":{"line":46,"column":null}},"type":"if","locations":[{"start":{"line":40,"column":9},"end":{"line":46,"column":null}},{"start":{"line":42,"column":9},"end":{"line":46,"column":null}}],"line":40},"7":{"loc":{"start":{"line":41,"column":45},"end":{"line":41,"column":72}},"type":"binary-expr","locations":[{"start":{"line":41,"column":45},"end":{"line":41,"column":67}},{"start":{"line":41,"column":71},"end":{"line":41,"column":72}}],"line":41},"8":{"loc":{"start":{"line":42,"column":9},"end":{"line":46,"column":null}},"type":"if","locations":[{"start":{"line":42,"column":9},"end":{"line":46,"column":null}},{"start":{"line":44,"column":9},"end":{"line":46,"column":null}}],"line":42},"9":{"loc":{"start":{"line":43,"column":16},"end":{"line":43,"column":30}},"type":"binary-expr","locations":[{"start":{"line":43,"column":16},"end":{"line":43,"column":25}},{"start":{"line":43,"column":29},"end":{"line":43,"column":30}}],"line":43},"10":{"loc":{"start":{"line":67,"column":2},"end":{"line":69,"column":null}},"type":"if","locations":[{"start":{"line":67,"column":2},"end":{"line":69,"column":null}},{"start":{},"end":{}}],"line":67},"11":{"loc":{"start":{"line":71,"column":22},"end":{"line":71,"column":42}},"type":"binary-expr","locations":[{"start":{"line":71,"column":22},"end":{"line":71,"column":37}},{"start":{"line":71,"column":41},"end":{"line":71,"column":42}}],"line":71},"12":{"loc":{"start":{"line":77,"column":2},"end":{"line":79,"column":null}},"type":"if","locations":[{"start":{"line":77,"column":2},"end":{"line":79,"column":null}},{"start":{},"end":{}}],"line":77},"13":{"loc":{"start":{"line":81,"column":2},"end":{"line":83,"column":null}},"type":"if","locations":[{"start":{"line":81,"column":2},"end":{"line":83,"column":null}},{"start":{},"end":{}}],"line":81},"14":{"loc":{"start":{"line":81,"column":6},"end":{"line":81,"column":87}},"type":"binary-expr","locations":[{"start":{"line":81,"column":6},"end":{"line":81,"column":24}},{"start":{"line":81,"column":28},"end":{"line":81,"column":87}}],"line":81},"15":{"loc":{"start":{"line":85,"column":2},"end":{"line":87,"column":null}},"type":"if","locations":[{"start":{"line":85,"column":2},"end":{"line":87,"column":null}},{"start":{},"end":{}}],"line":85},"16":{"loc":{"start":{"line":85,"column":6},"end":{"line":85,"column":92}},"type":"binary-expr","locations":[{"start":{"line":85,"column":6},"end":{"line":85,"column":35}},{"start":{"line":85,"column":40},"end":{"line":85,"column":62}},{"start":{"line":85,"column":66},"end":{"line":85,"column":91}}],"line":85},"17":{"loc":{"start":{"line":89,"column":2},"end":{"line":94,"column":null}},"type":"if","locations":[{"start":{"line":89,"column":2},"end":{"line":94,"column":null}},{"start":{},"end":{}}],"line":89},"18":{"loc":{"start":{"line":90,"column":4},"end":{"line":91,"column":null}},"type":"binary-expr","locations":[{"start":{"line":90,"column":4},"end":{"line":90,"column":38}},{"start":{"line":91,"column":5},"end":{"line":91,"column":25}},{"start":{"line":91,"column":29},"end":{"line":91,"column":53}},{"start":{"line":91,"column":57},"end":{"line":91,"column":80}}],"line":90}},"s":{"0":11,"1":11,"2":167,"3":116,"4":116,"5":112,"6":1,"7":111,"8":111,"9":112,"10":1,"11":110,"12":1,"13":109,"14":45,"15":64,"16":31,"17":33,"18":33,"19":0,"20":109,"21":109,"22":53,"23":55,"24":1,"25":1,"26":54,"27":2,"28":52,"29":4,"30":4,"31":0,"32":4,"33":1,"34":4,"35":1,"36":4,"37":1,"38":4},"f":{"0":167,"1":116,"2":112,"3":53,"4":55,"5":1,"6":1,"7":54,"8":4},"b":{"0":[1,111],"1":[111,0],"2":[1,111],"3":[1,109],"4":[45,64],"5":[45,0],"6":[31,33],"7":[31,0],"8":[33,0],"9":[33,2],"10":[2,52],"11":[52,0],"12":[0,4],"13":[1,3],"14":[4,4],"15":[1,3],"16":[4,2,2],"17":[1,3],"18":[4,1,1,1]},"meta":{"lastBranch":19,"lastFunction":9,"lastStatement":39,"seen":{"s:8:24:8:28":0,"s:9:24:9:44":1,"f:11:16:11:27":0,"s:12:2:12:Infinity":2,"f:15:16:15:33":1,"s:16:24:16:39":3,"s:17:2:17:Infinity":4,"f:20:16:20:38":2,"b:21:2:23:Infinity:undefined:undefined:undefined:undefined":0,"s:21:2:23:Infinity":5,"s:22:4:22:Infinity":6,"s:25:22:25:34":7,"s:26:25:26:45":8,"b:26:25:26:40:26:44:26:45":1,"b:28:2:30:Infinity:undefined:undefined:undefined:undefined":2,"s:28:2:30:Infinity":9,"s:29:4:29:Infinity":10,"b:32:2:34:Infinity:undefined:undefined:undefined:undefined":3,"s:32:2:34:Infinity":11,"s:33:4:33:Infinity":12,"b:38:2:46:Infinity:40:9:46:Infinity":4,"s:38:2:46:Infinity":13,"s:39:4:39:Infinity":14,"b:39:16:39:40:39:44:39:45":5,"b:40:9:46:Infinity:42:9:46:Infinity":6,"s:40:9:46:Infinity":15,"s:41:4:41:Infinity":16,"b:41:45:41:67:41:71:41:72":7,"b:42:9:46:Infinity:44:9:46:Infinity":8,"s:42:9:46:Infinity":17,"s:43:4:43:Infinity":18,"b:43:16:43:25:43:29:43:30":9,"s:45:4:45:Infinity":19,"s:48:17:48:59":20,"s:49:2:49:Infinity":21,"f:52:16:52:33":3,"s:53:2:55:Infinity":22,"f:53:25:53:26":4,"s:54:4:54:Infinity":23,"f:58:16:58:27":5,"s:59:2:59:Infinity":24,"f:62:16:62:32":6,"s:63:2:63:Infinity":25,"f:66:16:66:38":7,"b:67:2:69:Infinity:undefined:undefined:undefined:undefined":10,"s:67:2:69:Infinity":26,"s:68:4:68:Infinity":27,"s:71:2:71:Infinity":28,"b:71:22:71:37:71:41:71:42":11,"f:74:16:74:35":8,"s:75:17:75:19":29,"b:77:2:79:Infinity:undefined:undefined:undefined:undefined":12,"s:77:2:79:Infinity":30,"s:78:4:78:Infinity":31,"b:81:2:83:Infinity:undefined:undefined:undefined:undefined":13,"s:81:2:83:Infinity":32,"b:81:6:81:24:81:28:81:87":14,"s:82:4:82:Infinity":33,"b:85:2:87:Infinity:undefined:undefined:undefined:undefined":15,"s:85:2:87:Infinity":34,"b:85:6:85:35:85:40:85:62:85:66:85:91":16,"s:86:4:86:Infinity":35,"b:89:2:94:Infinity:undefined:undefined:undefined:undefined":17,"s:89:2:94:Infinity":36,"b:90:4:90:38:91:5:91:25:91:29:91:53:91:57:91:80":18,"s:93:4:93:Infinity":37,"s:96:2:96:Infinity":38}}}
,"/Users/zach/localcode/openfinanceplanner/src/calculations/rmd.js": {"path":"/Users/zach/localcode/openfinanceplanner/src/calculations/rmd.js","statementMap":{"0":{"start":{"line":12,"column":16},"end":{"line":12,"column":45}},"1":{"start":{"line":14,"column":2},"end":{"line":16,"column":null}},"2":{"start":{"line":15,"column":4},"end":{"line":15,"column":null}},"3":{"start":{"line":18,"column":2},"end":{"line":18,"column":null}},"4":{"start":{"line":22,"column":22},"end":{"line":22,"column":46}},"5":{"start":{"line":23,"column":22},"end":{"line":23,"column":78}},"6":{"start":{"line":25,"column":2},"end":{"line":27,"column":null}},"7":{"start":{"line":26,"column":4},"end":{"line":26,"column":null}},"8":{"start":{"line":29,"column":2},"end":{"line":38,"column":null}},"9":{"start":{"line":30,"column":25},"end":{"line":30,"column":48}},"10":{"start":{"line":31,"column":27},"end":{"line":31,"column":45}},"11":{"start":{"line":33,"column":4},"end":{"line":35,"column":null}},"12":{"start":{"line":34,"column":6},"end":{"line":34,"column":null}},"13":{"start":{"line":37,"column":4},"end":{"line":37,"column":null}},"14":{"start":{"line":40,"column":2},"end":{"line":40,"column":null}},"15":{"start":{"line":44,"column":2},"end":{"line":46,"column":null}},"16":{"start":{"line":45,"column":4},"end":{"line":45,"column":null}},"17":{"start":{"line":48,"column":25},"end":{"line":48,"column":45}},"18":{"start":{"line":49,"column":22},"end":{"line":49,"column":34}},"19":{"start":{"line":51,"column":2},"end":{"line":53,"column":null}},"20":{"start":{"line":52,"column":4},"end":{"line":52,"column":null}},"21":{"start":{"line":55,"column":2},"end":{"line":55,"column":null}},"22":{"start":{"line":59,"column":2},"end":{"line":61,"column":null}},"23":{"start":{"line":60,"column":4},"end":{"line":60,"column":null}},"24":{"start":{"line":65,"column":2},"end":{"line":67,"column":null}},"25":{"start":{"line":66,"column":4},"end":{"line":66,"column":null}},"26":{"start":{"line":69,"column":22},"end":{"line":69,"column":46}},"27":{"start":{"line":70,"column":21},"end":{"line":70,"column":47}},"28":{"start":{"line":72,"column":2},"end":{"line":74,"column":null}},"29":{"start":{"line":73,"column":4},"end":{"line":73,"column":null}},"30":{"start":{"line":76,"column":2},"end":{"line":76,"column":null}}},"fnMap":{"0":{"name":"calculateRMD","decl":{"start":{"line":11,"column":16},"end":{"line":11,"column":28}},"loc":{"start":{"line":11,"column":50},"end":{"line":19,"column":null}},"line":11},"1":{"name":"mustTakeRMD","decl":{"start":{"line":21,"column":16},"end":{"line":21,"column":27}},"loc":{"start":{"line":21,"column":44},"end":{"line":41,"column":null}},"line":21},"2":{"name":"calculateRMDForAccount","decl":{"start":{"line":43,"column":16},"end":{"line":43,"column":38}},"loc":{"start":{"line":43,"column":53},"end":{"line":56,"column":null}},"line":43},"3":{"name":"calculateTotalRMD","decl":{"start":{"line":58,"column":16},"end":{"line":58,"column":33}},"loc":{"start":{"line":58,"column":49},"end":{"line":62,"column":null}},"line":58},"4":{"name":"(anonymous_4)","decl":{"start":{"line":59,"column":25},"end":{"line":59,"column":26}},"loc":{"start":{"line":59,"column":45},"end":{"line":61,"column":3}},"line":59},"5":{"name":"getRMDDeadline","decl":{"start":{"line":64,"column":16},"end":{"line":64,"column":30}},"loc":{"start":{"line":64,"column":47},"end":{"line":77,"column":null}},"line":64}},"branchMap":{"0":{"loc":{"start":{"line":14,"column":2},"end":{"line":16,"column":null}},"type":"if","locations":[{"start":{"line":14,"column":2},"end":{"line":16,"column":null}},{"start":{},"end":{}}],"line":14},"1":{"loc":{"start":{"line":14,"column":6},"end":{"line":14,"column":28}},"type":"binary-expr","locations":[{"start":{"line":14,"column":6},"end":{"line":14,"column":13}},{"start":{"line":14,"column":17},"end":{"line":14,"column":28}}],"line":14},"2":{"loc":{"start":{"line":23,"column":22},"end":{"line":23,"column":78}},"type":"cond-expr","locations":[{"start":{"line":23,"column":33},"end":{"line":23,"column":59}},{"start":{"line":23,"column":61},"end":{"line":23,"column":78}}],"line":23},"3":{"loc":{"start":{"line":25,"column":2},"end":{"line":27,"column":null}},"type":"if","locations":[{"start":{"line":25,"column":2},"end":{"line":27,"column":null}},{"start":{},"end":{}}],"line":25},"4":{"loc":{"start":{"line":29,"column":2},"end":{"line":38,"column":null}},"type":"if","locations":[{"start":{"line":29,"column":2},"end":{"line":38,"column":null}},{"start":{},"end":{}}],"line":29},"5":{"loc":{"start":{"line":33,"column":4},"end":{"line":35,"column":null}},"type":"if","locations":[{"start":{"line":33,"column":4},"end":{"line":35,"column":null}},{"start":{},"end":{}}],"line":33},"6":{"loc":{"start":{"line":44,"column":2},"end":{"line":46,"column":null}},"type":"if","locations":[{"start":{"line":44,"column":2},"end":{"line":46,"column":null}},{"start":{},"end":{}}],"line":44},"7":{"loc":{"start":{"line":48,"column":25},"end":{"line":48,"column":45}},"type":"binary-expr","locations":[{"start":{"line":48,"column":25},"end":{"line":48,"column":40}},{"start":{"line":48,"column":44},"end":{"line":48,"column":45}}],"line":48},"8":{"loc":{"start":{"line":51,"column":2},"end":{"line":53,"column":null}},"type":"if","locations":[{"start":{"line":51,"column":2},"end":{"line":53,"column":null}},{"start":{},"end":{}}],"line":51},"9":{"loc":{"start":{"line":51,"column":6},"end":{"line":51,"column":82}},"type":"binary-expr","locations":[{"start":{"line":51,"column":6},"end":{"line":51,"column":28}},{"start":{"line":51,"column":32},"end":{"line":51,"column":53}},{"start":{"line":51,"column":57},"end":{"line":51,"column":82}}],"line":51},"10":{"loc":{"start":{"line":65,"column":2},"end":{"line":67,"column":null}},"type":"if","locations":[{"start":{"line":65,"column":2},"end":{"line":67,"column":null}},{"start":{},"end":{}}],"line":65},"11":{"loc":{"start":{"line":72,"column":2},"end":{"line":74,"column":null}},"type":"if","locations":[{"start":{"line":72,"column":2},"end":{"line":74,"column":null}},{"start":{},"end":{}}],"line":72}},"s":{"0":184,"1":184,"2":0,"3":184,"4":1344,"5":1344,"6":1344,"7":824,"8":520,"9":2,"10":2,"11":2,"12":2,"13":0,"14":518,"15":189,"16":1,"17":188,"18":189,"19":189,"20":4,"21":184,"22":1,"23":3,"24":0,"25":0,"26":0,"27":0,"28":0,"29":0,"30":0},"f":{"0":184,"1":1344,"2":189,"3":1,"4":3,"5":0},"b":{"0":[0,184],"1":[184,184],"2":[2,1342],"3":[824,520],"4":[2,518],"5":[2,0],"6":[1,188],"7":[188,0],"8":[4,185],"9":[189,186,185],"10":[0,0],"11":[0,0]},"meta":{"lastBranch":12,"lastFunction":6,"lastStatement":31,"seen":{"f:11:16:11:28":0,"s:12:16:12:45":0,"b:14:2:16:Infinity:undefined:undef
[...]
Infinity":39,"s:211:4:213:Infinity":40,"s:214:4:216:Infinity":41,"s:217:4:219:Infinity":42,"s:220:4:222:Infinity":43,"f:225:2:225:30":10,"s:226:15:226:46":44,"s:227:4:227:Infinity":45,"b:229:4:237:Infinity:235:11:237:Infinity":10,"s:229:4:237:Infinity":46,"s:230:6:230:Infinity":47,"s:231:6:231:Infinity":48,"b:231:51:231:63:231:67:231:69":11,"s:232:6:232:Infinity":49,"b:232:56:232:73:232:77:232:79":12,"s:233:6:234:Infinity":50,"b:234:8:234:20:234:24:234:65":13,"s:236:6:236:Infinity":51,"f:240:2:240:11":11,"s:241:4:241:Infinity":52,"f:241:54:241:55":12,"s:241:62:241:91":53,"s:242:4:242:Infinity":54,"f:242:46:242:47":13,"s:242:54:242:83":55,"s:244:23:252:5":56,"s:254:16:254:60":57,"b:255:4:257:Infinity:undefined:undefined:undefined:undefined":14,"s:255:4:257:Infinity":58,"s:256:6:256:Infinity":59,"s:259:4:259:Infinity":60,"f:262:2:262:17":14,"s:263:4:264:Infinity":61,"s:265:4:266:Infinity":62,"s:267:4:268:Infinity":63,"s:269:4:270:Infinity":64,"s:271:4:272:Infinity":65,"s:273:4:273:Infinity":66,"s:274:4:274:Infinity":67,"s:275:4:275:Infinity":68,"f:278:2:278:18":15,"s:279:4:279:Infinity":69,"f:282:2:282:15":16,"s:283:17:283:68":70,"s:284:16:284:69":71,"s:285:26:285:89":72,"b:287:4:290:Infinity:undefined:undefined:undefined:undefined":15,"s:287:4:290:Infinity":73,"b:287:8:287:13:287:17:287:21:287:25:287:39":16,"s:288:6:288:Infinity":74,"s:289:6:289:Infinity":75,"s:292:17:292:51":76,"s:293:4:293:Infinity":77,"s:294:4:294:Infinity":78,"s:296:4:296:Infinity":79,"s:297:4:297:Infinity":80,"s:298:4:298:Infinity":81,"s:299:4:299:Infinity":82,"s:301:4:301:Infinity":83,"s:302:4:302:Infinity":84,"s:303:4:303:Infinity":85,"f:306:2:306:12":17,"b:307:4:307:Infinity:undefined:undefined:undefined:undefined":17,"s:307:4:307:Infinity":86,"s:307:27:307:Infinity":87,"b:308:4:308:Infinity:undefined:undefined:undefined:undefined":18,"s:308:4:308:Infinity":88,"s:308:61:308:Infinity":89,"s:310:4:310:Infinity":90,"s:311:4:311:Infinity":91,"s:312:4:312:Infinity":92,"s:313:4:313:Infinity":93,"s:315:24:315:62":94,"s:316:4:323:Infinity":95,"s:324:4:324:Infinity":96,"s:325:4:325:Infinity":97,"f:330:2:330:23":18,"b:331:4:331:Infinity:undefined:undefined:undefined:undefined":19,"s:331:4:331:Infinity":98,"s:331:27:331:Infinity":99,"s:333:20:333:66":100,"s:334:15:340:5":101,"b:334:15:334:47:334:51:340:5":20,"s:341:16:347:5":102,"b:341:16:341:44:341:48:347:5":21,"s:349:4:466:Infinity":103,"b:370:98:370:108:370:111:370:113":22,"b:371:100:371:110:371:113:371:115":23,"b:372:92:372:102:372:105:372:107":24,"b:391:62:391:72:391:75:391:77":25,"b:392:76:392:86:392:89:392:91":26,"b:393:72:393:82:393:85:393:87":27,"b:398:119:398:126:398:129:398:135":28,"b:406:132:406:139:406:142:406:148":29,"b:414:129:414:136:414:139:414:145":30,"b:437:65:437:75:437:78:437:80":31,"b:438:75:438:85:438:88:438:90":32,"b:439:61:439:71:439:74:439:76":33,"b:444:99:444:106:444:109:444:115":34,"b:452:109:452:116:452:119:452:125":35,"s:468:4:468:Infinity":104,"f:471:2:471:18":19,"s:472:4:472:Infinity":105,"s:473:4:475:Infinity":106,"s:476:4:478:Infinity":107,"s:479:4:480:Infinity":108,"s:481:4:483:Infinity":109,"s:485:22:485:87":110,"s:486:23:486:87":111,"s:488:6:488:91":112,"b:488:6:488:86:488:90:488:91":36,"s:490:6:490:89":113,"b:490:6:490:84:490:88:490:89":37,"s:492:6:492:89":114,"b:492:6:492:84:492:88:492:89":38,"s:494:4:500:Infinity":115,"s:502:23:502:76":116,"s:503:24:503:76":117,"s:505:6:505:79":118,"b:505:6:505:74:505:78:505:79":39,"s:506:26:506:97":119,"b:506:26:506:92:506:96:506:97":40,"s:508:6:508:82":120,"b:508:6:508:77:508:81:508:82":41,"s:510:4:516:Infinity":121,"s:518:23:518:76":122,"s:519:24:519:76":123,"s:520:25:520:98":124,"b:520:25:520:90:520:94:520:98":42,"s:522:4:526:Infinity":125,"s:528:4:528:Infinity":126,"s:529:4:529:Infinity":127,"s:530:4:530:Infinity":128,"s:531:4:531:Infinity":129,"s:532:4:532:Infinity":130,"s:533:4:533:Infinity":131,"f:538:2:538:22":20,"s:539:20:539:76":132,"s:540:19:540:66":133,"s:541:21:541:70":134,"b:543:4:549:Infinity:546:11:549:Infinity":43,"s:543:4:549:Infinity":135,"s:544:6:544:Infinity":136,"s:545:6:545:Infinity":137,"s:547:6:547:Infinity":138,"s:548:6:548:Infinity":139,"f:552:2:552:20":21,"s:553:20:553:76":140,"s:554:22:554:74":141,"s:555:27:555:86":142,"s:556:22:556:74":143,"b:558:4:584:Infinity:undefined:undefined:undefined:undefined":44,"s:558:4:584:Infinity":144,"b:559:6:562:Infinity:undefined:undefined:undefined:undefined":45,"s:559:6:562:Infinity":145,"b:559:10:559:20:559:24:559:39:559:43:559:53":46,"s:560:8:560:Infinity":146,"s:561:8:561:Infinity":147,"s:564:6:583:Infinity":148,"f:565:8:565:9":22,"s:566:22:566:59":149,"s:568:12:575:18":150,"s:577:10:578:Infinity":151,"s:579:10:580:Infinity":152,"s:581:10:581:Infinity":153,"s:586:4:591:Infinity":154,"b:588:17:588:26:588:30:588:31":47,"b:589:22:589:36:589:40:589:41":48,"b:590:17:590:26:590:30:590:71":49,"s:593:4:593:Infinity":155,"s:594:4:594:Infinity":156,"s:595:4:595:Infinity":157,"f:600:2:600:17":23,"s:601:4:601:Infinity":158,"f:604:2:604:12":24,"s:605:24:605:74":159,"s:606:22:606:59":160,"s:608:26:621:5":161,"f:608:26:608:27":25,"s:609:6:620:Infinity":162,"s:610:21:610:63":163,"s:611:8:611:Infinity":164,"s:612:8:612:Infinity":165,"s:613:8:613:Infinity":166,"s:614:8:614:Infinity":167,"s:615:8:615:Infinity":168,"s:616:8:616:Infinity":169,"s:617:8:617:Infinity":170,"s:619:8:619:Infinity":171,"b:623:4:633:Infinity:625:11:633:Infinity":50,"s:623:4:633:Infinity":172,"s:624:6:624:Infinity":173,"b:625:11:633:Infinity:631:11:633:Infinity":51,"s:625:11:633:Infinity":174,"s:626:21:626:37":175,"s:627:6:629:Infinity":176,"f:627:22:627:23":26,"s:628:8:628:Infinity":177,"s:630:6:630:Infinity":178,"s:632:6:632:Infinity":179,"f:636:2:636:19":27,"b:637:4:640:Infinity:undefined:undefined:undefined:undefined":52,"s:637:4:640:Infinity":180,"s:638:6:638:Infinity":181,"s:639:6:639:Infinity":182,"s:642:17:642:65":183,"s:643:17:643:63":184,"s:644:16:644:41":185,"s:645:14:645:41":186,"s:646:4:646:Infinity":187,"s:647:4:647:Infinity":188,"s:648:4:648:Infinity":189,"s:649:4:649:Infinity":190,"f:654:2:654:12":28,"s:655:16:661:5":191,"s:662:4:662:Infinity":192,"f:662:36:662:37":29,"s:662:43:662:49":193}}}
,"/Users/zach/localcode/openfinanceplanner/src/ui/ProjectionController.js": {"path":"/Users/zach/localcode/openfinanceplanner/src/ui/ProjectionController.js","statementMap":{"0":{"start":{"line":9,"column":4},"end":{"line":9,"column":null}},"1":{"start":{"line":10,"column":4},"end":{"line":10,"column":null}},"2":{"start":{"line":11,"column":4},"end":{"line":11,"column":null}},"3":{"start":{"line":12,"column":4},"end":{"line":12,"column":null}},"4":{"start":{"line":16,"column":4},"end":{"line":19,"column":null}},"5":{"start":{"line":17,"column":6},"end":{"line":17,"column":null}},"6":{"start":{"line":18,"column":6},"end":{"line":18,"column":null}},"7":{"start":{"line":21,"column":4},"end":{"line":21,"column":null}},"8":{"start":{"line":22,"column":4},"end":{"line":22,"column":null}},"9":{"start":{"line":23,"column":4},"end":{"line":23,"column":null}},"10":{"start":{"line":24,"column":4},"end":{"line":24,"column":null}},"11":{"start":{"line":28,"column":4},"end":{"line":31,"column":null}},"12":{"start":{"line":29,"column":6},"end":{"line":29,"column":null}},"13":{"start":{"line":30,"column":6},"end":{"line":30,"column":null}},"14":{"start":{"line":33,"column":4},"end":{"line":33,"column":null}},"15":{"start":{"line":34,"column":4},"end":{"line":34,"column":null}},"16":{"start":{"line":35,"column":4},"end":{"line":35,"column":null}},"17":{"start":{"line":39,"column":22},"end":{"line":39,"column":66}},"18":{"start":{"line":40,"column":4},"end":{"line":43,"column":null}},"19":{"start":{"line":41,"column":6},"end":{"line":41,"column":null}},"20":{"start":{"line":42,"column":6},"end":{"line":42,"column":null}},"21":{"start":{"line":45,"column":25},"end":{"line":45,"column":95}},"22":{"start":{"line":46,"column":30},"end":{"line":46,"column":96}},"23":{"start":{"line":46,"column":65},"end":{"line":46,"column":76}},"24":{"start":{"line":47,"column":27},"end":{"line":47,"column":87}},"25":{"start":{"line":47,"column":62},"end":{"line":47,"column":73}},"26":{"start":{"line":48,"column":27},"end":{"line":48,"column":60}},"27":{"start":{"line":50,"column":28},"end":{"line":50,"column":30}},"28":{"start":{"line":51,"column":4},"end":{"line":98,"column":null}},"29":{"start":{"line":52,"column":25},"end":{"line":52,"column":85}},"30":{"start":{"line":54,"column":8},"end":{"line":58,"column":28}},"31":{"start":{"line":60,"column":6},"end":{"line":97,"column":null}},"32":{"start":{"line":100,"column":4},"end":{"line":227,"column":null}},"33":{"start":{"line":165,"column":83},"end":{"line":165,"column":106}},"34":{"start":{"line":170,"column":83},"end":{"line":170,"column":104}},"35":{"start":{"line":175,"column":83},"end":{"line":175,"column":103}},"36":{"start":{"line":180,"column":83},"end":{"line":180,"column":105}},"37":{"start":{"line":208,"column":15},"end":{"line":220,"column":null}},"38":{"start":{"line":229,"column":4},"end":{"line":229,"column":null}},"39":{"start":{"line":231,"column":4},"end":{"line":237,"column":null}},"40":{"start":{"line":232,"column":6},"end":{"line":236,"column":null}},"41":{"start":{"line":239,"column":4},"end":{"line":239,"column":null}},"42":{"start":{"line":240,"column":4},"end":{"line":240,"column":null}},"43":{"start":{"line":244,"column":4},"end":{"line":244,"column":null}},"44":{"start":{"line":244,"column":55},"end":{"line":244,"column":85}},"45":{"start":{"line":245,"column":4},"end":{"line":247,"column":null}},"46":{"start":{"line":247,"column":28},"end":{"line":247,"column":62}},"47":{"start":{"line":249,"column":22},"end":{"line":249,"column":75}},"48":{"start":{"line":250,"column":26},"end":{"line":250,"column":66}},"49":{"start":{"line":252,"column":4},"end":{"line":252,"column":null}},"50":{"start":{"line":252,"column":19},"end":{"line":252,"column":null}},"51":{"start":{"line":253,"column":4},"end":{"line":253,"column":null}},"52":{"start":{"line":253,"column":23},"end":{"line":253,"column":null}},"53":{"start":{"line":257,"column":16},"end":{"line":263,"column":5}},"54":{"start":{"line":264,"column":4},"end":{"line":264,"column":null}},"55":{"start":{"line":264,"column":43},"end":{"line":264,"column":49}}},"fnMap":{"0":{"name":"(anonymous_0)","decl":{"start":{"line":8,"column":2},"end":{"line":8,"column":13}},"loc":{"start":{"line":8,"column":42},"end":{"line":13,"column":null}},"line":8},"1":{"name":"(anonymous_1)","decl":{"start":{"line":15,"column":2},"end":{"line":15,"column":15}},"loc":{"start":{"line":15,"column":18},"end":{"line":25,"column":null}},"line":15},"2":{"name":"(anonymous_2)","decl":{"start":{"line":27,"column":2},"end":{"line":27,"column":15}},"loc":{"start":{"line":27,"column":18},"end":{"line":36,"column":null}},"line":27},"3":{"name":"(anonymous_3)","decl":{"start":{"line":38,"column":2},"end":{"line":38,"column":25}},"loc":{"start":{"line":38,"column":28},"end":{"line":241,"column":null}},"line":38},"4":{"name":"(anonymous_4)","decl":{"start":{"line":46,"column":58},"end":{"line":46,"column":59}},"loc":{"start":{"line":46,"column":65},"end":{"line":46,"column":76}},"line":46},"5":{"name":"(anonymous_5)","decl":{"start":{"line":47,"column":55},"end":{"line":47,"column":56}},"loc":{"start":{"line":47,"column":62},"end":{"line":47,"column":73}},"line":47},"6":{"name":"(anonymous_6)","decl":{"start":{"line":165,"column":71},"end":{"line":165,"column":72}},"loc":{"start":{"line":165,"column":83},"end":{"line":165,"column":106}},"line":165},"7":{"name":"(anonymous_7)","decl":{"start":{"line":170,"column":71},"end":{"line":170,"column":72}},"loc":{"start":{"line":170,"column":83},"end":{"line":170,"column":104}},"line":170},"8":{"name":"(anonymous_8)","decl":{"start":{"line":175,"column":71},"end":{"line":175,"column":72}},"loc":{"start":{"line":175,"column":83},"end":{"line":175,"column":103}},"line":175},"9":{"name":"(anonymous_9)","decl":{"start":{"line":180,"column":71},"end":{"line":180,"column":72}},"loc":{"start":{"line":180,"column":83},"end":{"line":180,"column":105}},"line":180},"10":{"name":"(anonymous_10)","decl":{"start":{"line":208,"column":6},"end":{"line":208,"column":7}},"loc":{"start":{"line":208,"column":15},"end":{"line":220,"column":null}},"line":208},"11":{"name":"(anonymous_11)","decl":{"start":{"line":243,"column":2},"end":{"line":243,"column":11}},"loc":{"start":{"line":243,"column":21},"end":{"line":254,"column":null}},"line":243},"12":{"name":"(anonymous_12)","decl":{"start":{"line":244,"column":46},"end":{"line":244,"column":47}},"loc":{"start":{"line":244,"column":55},"end":{"line":244,"column":85}},"line":244},"13":{"name":"(anonymous_13)","decl":{"start":{"line":247,"column":15},"end":{"line":247,"column":16}},"loc":{"start":{"line":247,"column":28},"end":{"line":247,"column":62}},"line":247},"14":{"name":"(anonymous_14)","decl":{"start":{"line":256,"column":2},"end":{"line":256,"column":12}},"loc":{"start":{"line":256,"column":19},"end":{"line":265,"column":null}},"line":256},"15":{"name":"(anonymous_15)","decl":{"start":{"line":264,"column":36},"end":{"line":264,"column":37}},"loc":{"start":{"line":264,"column":43},"end":{"line":264,"column":49}},"line":264}},"branchMap":{"0":{"loc":{"start":{"line":16,"column":4},"end":{"line":19,"column":null}},"type":"if","locations":[{"start":{"line":16,"column":4},"end":{"line":19,"column":null}},{"start":{},"end":{}}],"line":16},"1":{"loc":{"start":{"line":28,"column":4},"end":{"line":31,"column":null}},"type":"if","locations":[{"start":{"line":28,"column":4},"end":{"line":31,"column":null}},{"start":{},"end":{}}],"line":28},"2":{"loc":{"start":{"line":40,"column":4},"end":{"line":43,"column":null}},"type":"if","locations":[{"start":{"line":40,"column":4},"end":{"line":43,"column":null}},{"start":{},"end":{}}],"line":40},"3":{"loc":{"start":{"line":40,"column":8},"end":{"line":40,"column":70}},"type":"binary-expr","locations":[{"start":{"line":40,"column":8},"end":{"line":40,"column":31}},{"start":{"line":40,"column":35},"end":{"line":40,"column":70}}],"line":40},"4":{"loc":{"start":{"line":46,"column":30},"end":{"line":46,"column":96}},"type":"binary-expr","locations":[{"start":{"line":46,"column":30},"end":{"line":46,"column":91}},{"start":{"line":46,"column":95},"end":{"line":46,"column":96}}],"line":46},"5":{"loc":{"start":{"line":47,"column":27},"end":{"line":47,"column":87}},"type":"binary-expr","locations":[{"start":{"line":47,"column":27},"end":{"line":47,"column":80}},{"start":{"line":47,"column":84},"end":{"line":47,"column":87}}],"line":47},"6":{"loc":{"start":{"line":51,"column":4},"end":{"line":98,"column":null}},"type":"if","locations":[{"start":{"line":51,"column":4},"end":{"line":98,"column":null}},{"start":{},"end":{}}],"line":51},"7":{"loc":{"start":{"line":54,"column":8},"end":{"line":58,"column":28}},"type":"cond-expr","locations":[{"start":{"line":55,"column":12},"end":{"line":55,"column":null}},{"start":{"line":56,"column":12},"end":{"line":58,"column":28}}],"line":54},"8":{"loc":{"start":{"line":56,"column":12},"end":{"line":58,"column":28}},"type":"cond-expr","locations":[{"start":{"line":57,"column":14},"end":{"line":57,"column":null}},{"start":{"line":58,"column":14},"end":{"line":58,"column":28}}],"line":56},"9":{"loc":{"start":{"line":89,"column":2},"end":{"line":93,"column":null}},"type":"cond-expr","locations":[{"start":{"line":90,"column":6},"end":{"line":90,"column":null}},{"start":{"line":91,"column":6},"end":{"line":93,"column":null}}],"line":89},"10":{"loc":{"start":{"line":91,"column":6},"end":{"line":93,"column":null}},"type":"cond-expr","locations":[{"start":{"line":92,"column":8},"end":{"line":92,"column":null}},{"start":{"line":93,"column":8},"end":{"line":93,"column":null}}],"line":91},"11":{"loc":{"start":{"line":126,"column":2},"end":{"line":137,"column":null}},"type":"cond-expr","locations":[{"start":{"line":127,"column":6},"end":{"line":136,"column":null}},{"start":{"line":137,"column":6},"end":{"line":137,"column":null}}],"line":126},"12":{"loc":{"start":{"line":218,"column":24},"end":{"line":218,"column":142}},"type":"cond-expr","locations":[{"start":{"line":218,"column":40},"end":{"line":218,"column":90}},{"start":{"line":218,"column":93},"end":{"line":218,"column":142}}],"line":218},"13":{"loc":{"start":{"line":231,"column":4},"end":{"line":237,"column":null}},"type":"if","locations":[{"start":{"line":231,"column":4},"end":{"line":237,"column":null}},{"start":{},"end":{}}],"line":231},"14":{"loc":{"start":{"line":252,"column":4},"end":{"line":252,"column":null}},"type":"if","locations":[{"start":{"line":252,"column":4},"end":{"line":252,"column":null}},{"start":{},"end":{}}],"line":252},"15":{"loc":{"start":{"line":253,"column":4},"end":{"line":253,"column":null}},"type":"if","locations":[{"start":{"line":253,"column":4},"end":{"line":253,"column":null}},{"start":{},"end":{}}],"line":253}},"s":{"0":5,"1":5,"2":5,"3":5,"4":0,"5":0,"6":0,"7":0,"8":0,"9":0,"10":0,"11":0,"12":0,"13":0,"14":0,"15":0,"16":0,"17":4,"18":4,"19":4,"20":4,"21":0,"22":0,"23":0,"24":4,"25":0,"26":4,"27":4,"28":4,"29":0,"30":0,"31":0,"32":0,"33":0,"34":0,"35":0,"36":0,"37":0,"38":4,"39":4,"40":0,"41":0,"42":0,"43":0,"44":0,"45":0,"46":0,"47":0,"48":0,"49":0,"50":0,"51":0,"52":0,"53":0,"54":0,"55":0},"f":{"0":5,"1":0,"2":0,"3":4,"4":0,"5":0,"6":0,"7":0,"8":0,"9":0,"10":0,"11":0,"12":0,"13":0,"14":0,"15":0},"b":{"0":[0,0],"1":[0,0],"2":[4,0],"3":[4,0],"4":[0,0],"5":[4,0],"6":[0,4],"7":[0,0],"8":[0,0],"9":[0,0],"10":[0,0],"11":[0,0],"12":[0,0],"13":[0,4],"14":[0,0],"15":[0,0]},"meta":{"lastBranch":16,"lastFunction":16,"lastStatement":56,"seen":{"f:8:2:8:13":0,"s:9:4:9:Infinity":0,"s:10:4:10:Infinity":1,"s:11:4:11:Infinity":2,"s:12:4:12:Infinity":3,"f:15:2:15:15":1,"b:16:4:19:Infinity:undefined:undefined:undefined:undefined":0,"s:16:4:19:Infinity":4,"s:17:6:17:Infinity":5,"s:18:6:18:Infinity":6,"s:21:4:21:Infinity":7,"s:22:4:22:Infinity":8,"s:23:4:23:Infinity":9,"s:24:4:24:Infinity":10,"f:27:2:27:15":2,"b:28:4:31:Infinity:undefined:undefined:undefined:undefined":1,"s:28:4:31:Infinity":11,"s:29:6:29:Infinity":12,"s:30:6:30:Infinity":13,"s:33:4:33:Infinity":14,"s:34:4:34:Infinity":15,"s:35:4:35:Infinity":16,"f:38:2:38:25":3,"s:39:22:39:66":17,"b:40:4:43:Infinity:undefined:undefined:undefined:undefined":2,"s:40:4:43:Infinity":18,"b:40:8:40:31:40:35:40:70":3,"s:41:6:41:Infinity":19,"s:42:6:42:Infinity":20,"s:45:25:45:95":21,"s:46:30:46:96":22,"b:46:30:46:91:46:95:46:96":4,"f:46:58:46:59":4,"s:46:65:46:76":23,"s:47:27:47:87":24,"b:47:27:47:80:47:84:47:87":5,"f:47:55:47:56":5,"s:47:62:47:73":25,"s:48:27:48:60":26,"s:50:28:50:30":27,"b:51:4:98:Infinity:undefined:undefined:undefined:undefined":6,"s:51:4:98:Infinity":28,"s:52:25:52:85":29,"s:54:8:58:28":30,"b:55:12:55:Infinity:56:12:58:28":7,"b:57:14:57:Infinity:58:14:58:28":8,"s:60:6:97:Infinity":31,"b:90:6:90:Infinity:91:6:93:Infinity":9,"b:92:8:92:Infinity:93:8:93:Infinity":10,"s:100:4:227:Infinity":32,"b:127:6:136:Infinity:137:6:137:Infinity":11,"f:165:71:165:72":6,"s:165:83:165:106":33,"f:170:71:170:72":7,"s:170:83:170:104":34,"f:175:71:175:72":8,"s:175:83:175:103":35,"f:180:71:180:72":9,"s:180:83:180:105":36,"f:208:6:208:7":10,"s:208:15:220:Infinity":37,"b:218:40:218:90:218:93:218:142":12,"s:229:4:229:Infinity":38,"b:231:4:237:Infinity:undefined:undefined:undefined:undefined":13,"s:231:4:237:Infinity":39,"s:232:6:236:Infinity":40,"s:239:4:239:Infinity":41,"s:240:4:240:Infinity":42,"f:243:2:243:11":11,"s:244:4:244:Infinity":43,"f:244:46:244:47":12,"s:244:55:244:85":44,"s:245:4:247:Infinity":45,"f:247:15:247:16":13,"s:247:28:247:62":46,"s:249:22:249:75":47,"s:250:26:250:66":48,"b:252:4:252:Infinity:undefined:undefined:undefined:undefined":14,"s:252:4:252:Infinity":49,"s:252:19:252:Infinity":50,"b:253:4:253:Infinity:undefined:undefined:undefined:undefined":15,"s:253:4:253:Infinity":51,"s:253:23:253:Infinity":52,"f:256:2:256:12":14,"s:257:16:263:5":53,"s:264:4:264:Infinity":54,"f:264:36:264:37":15,"s:264:43:264:49":55}}}
}
