TN:
SF:config/loader.js
FN:45,getContributionLimit
FN:68,getTotalContributionLimit
FN:84,getQCDLimit
FN:180,getRMDStartAge
FN:197,getFullRetirementAge
FN:210,getLifeExpectancyFactor
FN:255,getDefaultInflationRate
FN:263,getDefaultEquityGrowthRate
FN:271,getDefaultBondGrowthRate
FN:280,getDefaultVolatility
FN:294,getDefaultTaxRate
FN:302,getMedicareRates
FNF:12
FNH:10
FNDA:0,getContributionLimit
FNDA:4,getTotalContributionLimit
FNDA:11,getQCDLimit
FNDA:1866,getRMDStartAge
FNDA:32,getFullRetirementAge
FNDA:187,getLifeExpectancyFactor
FNDA:96,getDefaultInflationRate
FNDA:96,getDefaultEquityGrowthRate
FNDA:96,getDefaultBondGrowthRate
FNDA:192,getDefaultVolatility
FNDA:240,getDefaultTaxRate
FNDA:0,getMedicareRates
DA:7,17
DA:46,0
DA:47,0
DA:49,0
DA:50,0
DA:53,0
DA:55,0
DA:56,0
DA:59,0
DA:69,4
DA:70,4
DA:72,4
DA:73,0
DA:76,4
DA:85,11
DA:86,11
DA:90,17
DA:181,1866
DA:182,1861
DA:185,5
DA:186,5
DA:189,0
DA:198,32
DA:199,29
DA:202,3
DA:211,187
DA:212,1
DA:215,186
DA:216,1
DA:219,186
DA:223,17
DA:256,96
DA:264,96
DA:272,96
DA:281,192
DA:282,96
DA:284,96
DA:285,96
DA:287,0
DA:295,240
DA:303,0
LF:41
LH:29
BRDA:45,0,0,0
BRDA:45,1,0,0
BRDA:46,2,0,0
BRDA:46,2,1,0
BRDA:49,3,0,0
BRDA:49,3,1,0
BRDA:53,4,0,0
BRDA:53,4,1,0
BRDA:55,5,0,0
BRDA:55,5,1,0
BRDA:55,6,0,0
BRDA:55,6,1,0
BRDA:68,7,0,4
BRDA:69,8,0,4
BRDA:69,8,1,4
BRDA:72,9,0,0
BRDA:72,9,1,4
BRDA:72,10,0,4
BRDA:72,10,1,4
BRDA:84,11,0,11
BRDA:85,12,0,11
BRDA:85,12,1,0
BRDA:181,13,0,1861
BRDA:181,13,1,5
BRDA:185,14,0,5
BRDA:185,14,1,0
BRDA:198,15,0,29
BRDA:198,15,1,3
BRDA:198,16,0,32
BRDA:198,16,1,32
BRDA:202,17,0,3
BRDA:202,17,1,0
BRDA:211,18,0,1
BRDA:211,18,1,186
BRDA:215,19,0,1
BRDA:215,19,1,185
BRDA:219,20,0,186
BRDA:219,20,1,0
BRDA:281,21,0,96
BRDA:281,21,1,96
BRDA:284,22,0,96
BRDA:284,22,1,0
BRF:42
BRH:24
end_of_record
TN:
SF:src/calculations/income.js
FN:7,evaluateStartYear
FN:30,evaluateEndYear
FN:54,calculateIncomeForYear
FN:100,calculateTotalIncome
FN:101,(anonymous_4)
FN:113,calculateTaxableIncome
FN:119,(anonymous_6)
FNF:7
FNH:7
FNDA:148,evaluateStartYear
FNDA:144,evaluateEndYear
FNDA:143,calculateIncomeForYear
FNDA:595,calculateTotalIncome
FNDA:130,(anonymous_4)
FNDA:1,calculateTaxableIncome
FNDA:3,(anonymous_6)
DA:8,148
DA:9,126
DA:12,22
DA:13,2
DA:16,20
DA:17,1
DA:20,19
DA:21,2
DA:22,2
DA:24,2
DA:27,17
DA:31,144
DA:32,125
DA:35,19
DA:36,2
DA:39,17
DA:40,1
DA:43,16
DA:55,143
DA:61,143
DA:62,3
DA:65,140
DA:73,140
DA:74,0
DA:78,140
DA:79,2
DA:82,138
DA:86,138
DA:88,138
DA:90,143
DA:101,595
DA:102,130
DA:114,1
DA:115,1
DA:116,1
DA:117,1
DA:119,1
DA:120,3
DA:121,3
DA:123,3
DA:125,2
DA:126,2
DA:128,1
DA:129,1
DA:131,0
DA:132,0
DA:136,1
LF:47
LH:44
BRDA:8,0,0,126
BRDA:8,0,1,22
BRDA:12,1,0,2
BRDA:12,1,1,20
BRDA:16,2,0,1
BRDA:16,2,1,19
BRDA:16,3,0,20
BRDA:16,3,1,1
BRDA:20,4,0,2
BRDA:20,4,1,17
BRDA:20,5,0,19
BRDA:20,5,1,2
BRDA:24,6,0,1
BRDA:24,6,1,1
BRDA:31,7,0,125
BRDA:31,7,1,19
BRDA:35,8,0,2
BRDA:35,8,1,17
BRDA:39,9,0,1
BRDA:39,9,1,16
BRDA:39,10,0,17
BRDA:39,10,1,1
BRDA:61,11,0,3
BRDA:61,11,1,140
BRDA:73,12,0,0
BRDA:73,12,1,140
BRDA:74,13,0,0
BRDA:74,13,1,0
BRDA:78,14,0,2
BRDA:78,14,1,138
BRDA:78,15,0,140
BRDA:78,15,1,4
BRDA:88,16,0,126
BRDA:88,16,1,12
BRDA:123,17,0,2
BRDA:123,17,1,1
BRDA:123,17,2,0
BRF:37
BRH:33
end_of_record
TN:
SF:src/calculations/monte-carlo.js
FNF:0
FNH:0
LF:0
LH:0
BRF:0
BRH:0
end_of_record
TN:
SF:src/calculations/projection.js
FN:23,initializeRuleRegistry
FN:98,getAccountGrowthRate
FN:116,calculateExpenseForYear
FN:146,calculateTotalExpenses
FN:147,(anonymous_4)
FN:159,project
FN:161,(anonymous_6)
FN:208,(anonymous_7)
FN:235,(anonymous_8)
FN:243,(anonymous_9)
FN:244,(anonymous_10)
FN:250,(anonymous_11)
FN:252,(anonymous_12)
FN:277,(anonymous_13)
FN:279,(anonymous_14)
FN:406,(anonymous_15)
FN:407,(anonymous_16)
FNF:17
FNH:17
FNDA:44,initializeRuleRegistry
FNDA:1001,getAccountGrowthRate
FNDA:596,calculateExpenseForYear
FNDA:593,calculateTotalExpenses
FNDA:594,(anonymous_4)
FNDA:44,project
FNDA:76,(anonymous_6)
FNDA:999,(anonymous_7)
FNDA:999,(anonymous_8)
FNDA:999,(anonymous_9)
FNDA:999,(anonymous_10)
FNDA:999,(anonymous_11)
FNDA:559,(anonymous_12)
FNDA:168,(anonymous_13)
FNDA:51,(anonymous_14)
FNDA:999,(anonymous_15)
FNDA:999,(anonymous_16)
DA:24,44
DA:26,44
DA:27,5
DA:36,5
DA:39,44
DA:40,3
DA:48,3
DA:51,44
DA:52,6
DA:59,6
DA:62,44
DA:63,0
DA:71,0
DA:74,44
DA:75,0
DA:86,0
DA:89,44
DA:99,1001
DA:106,1001
DA:117,596
DA:118,0
DA:122,596
DA:123,0
DA:127,596
DA:128,0
DA:131,596
DA:132,596
DA:136,596
DA:147,593
DA:148,594
DA:160,44
DA:161,76
DA:166,44
DA:168,44
DA:169,44
DA:171,44
DA:172,592
DA:173,592
DA:174,592
DA:176,592
DA:179,592
DA:186,592
DA:194,592
DA:202,592
DA:203,592
DA:204,592
DA:205,592
DA:208,592
DA:210,999
DA:211,999
DA:214,999
DA:216,999
DA:220,592
DA:221,96
DA:226,96
DA:232,592
DA:235,592
DA:236,999
DA:237,999
DA:238,181
DA:239,181
DA:241,818
DA:243,999
DA:244,999
DA:246,592
DA:250,999
DA:252,559
DA:258,592
DA:266,592
DA:267,592
DA:268,592
DA:269,592
DA:270,592
DA:271,592
DA:272,592
DA:273,592
DA:274,592
DA:275,592
DA:277,592
DA:278,168
DA:279,163
DA:280,51
DA:281,51
DA:282,0
DA:287,168
DA:288,52
DA:290,168
DA:291,45
DA:293,168
DA:294,45
DA:296,168
DA:297,66
DA:299,168
DA:300,66
DA:302,168
DA:303,0
DA:304,0
DA:306,0
DA:307,0
DA:310,168
DA:311,0
DA:312,0
DA:314,0
DA:315,0
DA:317,0
DA:318,0
DA:323,592
DA:324,468
DA:328,592
DA:329,592
DA:332,592
DA:333,592
DA:341,592
DA:342,999
DA:343,999
DA:344,999
DA:347,999
DA:350,999
DA:353,999
DA:354,999
DA:356,999
DA:357,694
DA:358,423
DA:364,423
DA:365,423
DA:366,271
DA:367,150
DA:373,150
DA:379,150
DA:384,999
DA:385,999
DA:388,999
DA:391,999
DA:392,999
DA:394,999
DA:395,999
DA:398,592
DA:406,999
DA:407,999
DA:432,592
LF:140
LH:122
BRDA:26,0,0,5
BRDA:26,0,1,39
BRDA:26,1,0,44
BRDA:26,1,1,38
BRDA:39,2,0,3
BRDA:39,2,1,41
BRDA:39,3,0,44
BRDA:39,3,1,38
BRDA:51,4,0,6
BRDA:51,4,1,38
BRDA:51,5,0,44
BRDA:51,5,1,38
BRDA:62,6,0,0
BRDA:62,6,1,44
BRDA:62,7,0,44
BRDA:62,7,1,38
BRDA:74,8,0,0
BRDA:74,8,1,44
BRDA:74,9,0,44
BRDA:74,9,1,38
BRDA:106,10,0,1001
BRDA:106,10,1,0
BRDA:117,11,0,0
BRDA:117,11,1,596
BRDA:122,12,0,0
BRDA:122,12,1,596
BRDA:123,13,0,0
BRDA:123,13,1,0
BRDA:127,14,0,0
BRDA:127,14,1,596
BRDA:127,15,0,596
BRDA:127,15,1,0
BRDA:132,16,0,539
BRDA:132,16,1,57
BRDA:159,17,0,44
BRDA:159,18,0,44
BRDA:187,19,0,592
BRDA:187,19,1,98
BRDA:210,20,0,0
BRDA:210,20,1,999
BRDA:210,21,0,999
BRDA:210,21,1,999
BRDA:211,22,0,0
BRDA:211,22,1,999
BRDA:211,23,0,999
BRDA:211,23,1,0
BRDA:214,24,0,0
BRDA:214,24,1,999
BRDA:214,25,0,999
BRDA:214,25,1,0
BRDA:214,26,0,0
BRDA:214,26,1,0
BRDA:216,27,0,999
BRDA:216,27,1,825
BRDA:220,28,0,96
BRDA:220,28,1,496
BRDA:220,29,0,592
BRDA:220,29,1,380
BRDA:237,30,0,181
BRDA:237,30,1,818
BRDA:237,31,0,999
BRDA:237,31,1,675
BRDA:237,31,2,559
BRDA:250,32,0,999
BRDA:250,32,1,675
BRDA:278,33,0,163
BRDA:278,33,1,5
BRDA:281,34,0,0
BRDA:281,34,1,51
BRDA:287,35,0,52
BRDA:287,35,1,116
BRDA:290,36,0,45
BRDA:290,36,1,123
BRDA:290,37,0,168
BRDA:290,37,1,45
BRDA:293,38,0,45
BRDA:293,38,1,123
BRDA:293,39,0,168
BRDA:293,39,1,45
BRDA:296,40,0,66
BRDA:296,40,1,102
BRDA:299,41,0,66
BRDA:299,41,1,102
BRDA:302,42,0,0
BRDA:302,42,1,168
BRDA:303,43,0,0
BRDA:303,43,1,0
BRDA:306,44,0,0
BRDA:306,44,1,0
BRDA:310,45,0,0
BRDA:310,45,1,168
BRDA:311,46,0,0
BRDA:311,46,1,0
BRDA:314,47,0,0
BRDA:314,47,1,0
BRDA:317,48,0,0
BRDA:317,48,1,0
BRDA:323,49,0,468
BRDA:323,49,1,124
BRDA:332,50,0,592
BRDA:332,50,1,98
BRDA:344,51,0,999
BRDA:344,51,1,825
BRDA:356,52,0,694
BRDA:356,52,1,305
BRDA:357,53,0,423
BRDA:357,53,1,271
BRDA:357,54,0,694
BRDA:357,54,1,488
BRDA:366,55,0,150
BRDA:366,55,1,121
BRDA:384,56,0,999
BRDA:384,56,1,999
BRDA:385,57,0,999
BRDA:385,57,1,999
BRF:115
BRH:86
end_of_record
TN:
SF:src/calculations/qcd.js
FN:11,mustTakeQCD
FN:15,canAccountTakeQCD
FN:20,calculateQCDForAccount
FN:52,calculateTotalQCD
FN:53,(anonymous_4)
FN:58,getQCDLimit
FN:62,getQCDMinimumAge
FN:66,calculateQCDTaxBenefit
FN:74,validateQCDSettings
FNF:9
FNH:9
FNDA:167,mustTakeQCD
FNDA:116,canAccountTakeQCD
FNDA:112,calculateQCDForAccount
FNDA:53,calculateTotalQCD
FNDA:55,(anonymous_4)
FNDA:1,getQCDLimit
FNDA:1,getQCDMinimumAge
FNDA:54,calculateQCDTaxBenefit
FNDA:4,validateQCDSettings
DA:8,11
DA:9,11
DA:12,167
DA:16,116
DA:17,116
DA:21,112
DA:22,1
DA:25,111
DA:26,111
DA:28,112
DA:29,1
DA:32,110
DA:33,1
DA:38,109
DA:39,45
DA:40,64
DA:41,31
DA:42,33
DA:43,33
DA:45,0
DA:48,109
DA:49,109
DA:53,53
DA:54,55
DA:59,1
DA:63,1
DA:67,54
DA:68,2
DA:71,52
DA:75,4
DA:77,4
DA:78,0
DA:81,4
DA:82,1
DA:85,4
DA:86,1
DA:89,4
DA:93,1
DA:96,4
LF:39
LH:37
BRDA:21,0,0,1
BRDA:21,0,1,111
BRDA:26,1,0,111
BRDA:26,1,1,0
BRDA:28,2,0,1
BRDA:28,2,1,111
BRDA:32,3,0,1
BRDA:32,3,1,109
BRDA:38,4,0,45
BRDA:38,4,1,64
BRDA:39,5,0,45
BRDA:39,5,1,0
BRDA:40,6,0,31
BRDA:40,6,1,33
BRDA:41,7,0,31
BRDA:41,7,1,0
BRDA:42,8,0,33
BRDA:42,8,1,0
BRDA:43,9,0,33
BRDA:43,9,1,2
BRDA:67,10,0,2
BRDA:67,10,1,52
BRDA:71,11,0,52
BRDA:71,11,1,0
BRDA:77,12,0,0
BRDA:77,12,1,4
BRDA:81,13,0,1
BRDA:81,13,1,3
BRDA:81,14,0,4
BRDA:81,14,1,4
BRDA:85,15,0,1
BRDA:85,15,1,3
BRDA:85,16,0,4
BRDA:85,16,1,2
BRDA:85,16,2,2
BRDA:89,17,0,1
BRDA:89,17,1,3
BRDA:90,18,0,4
BRDA:90,18,1,1
BRDA:90,18,2,1
BRDA:90,18,3,1
BRF:41
BRH:35
end_of_record
TN:
SF:src/calculations/rmd.js
FN:11,calculateRMD
FN:21,mustTakeRMD
FN:43,calculateRMDForAccount
FN:58,calculateTotalRMD
FN:59,(anonymous_4)
FN:64,getRMDDeadline
FNF:6
FNH:5
FNDA:184,calculateRMD
FNDA:1344,mustTakeRMD
FNDA:189,calculateRMDForAccount
FNDA:1,calculateTotalRMD
FNDA:3,(anonymous_4)
FNDA:0,getRMDDeadline
DA:12,184
DA:14,184
DA:15,0
DA:18,184
DA:22,1344
DA:23,1344
DA:25,1344
DA:26,824
DA:29,520
DA:30,2
DA:31,2
DA:33,2
DA:34,2
DA:37,0
DA:40,518
DA:44,189
DA:45,1
DA:48,188
DA:49,189
DA:51,189
DA:52,4
DA:55,184
DA:59,1
DA:60,3
DA:65,0
DA:66,0
DA:69,0
DA:70,0
DA:72,0
DA:73,0
DA:76,0
LF:31
LH:22
BRDA:14,0,0,0
BRDA:14,0,1,184
BRDA:14,1,0,184
BRDA:14,1,1,184
BRDA:23,2,0,2
BRDA:23,2,1,1342
BRDA:25,3,0,824
BRDA:25,3,1,520
BRDA:29,4,0,2
BRDA:29,4,1,518
BRDA:33,5,0,2
BRDA:33,5,1,0
BRDA:44,6,0,1
BRDA:44,6,1,188
BRDA:48,7,0,188
BRDA:48,7,1,0
BRDA:51,8,0,4
BRDA:51,8,1,185
BRDA:51,9,0,189
BRDA:51,9,1,186
BRDA:51,9,2,185
BRDA:65,10,0,0
BRDA:65,10,1,0
BRDA:72,11,0,0
BRDA:72,11,1,0
BRF:25
BRH:18
end_of_record
TN:
SF:src/calculations/roth-conversions.js
FN:25,calculateConversionTax
FN:52,calculateBracketFillConversion
FN:74,calculateFixedConversion
FN:97,calculatePercentageConversion
FN:116,calculateBackdoorRothConversion
FN:133,calculateProRataBasis
FN:166,isPenaltyFree
FN:191,optimizeConversionsAcrossYears
FN:200,(anonymous_8)
FN:203,(anonymous_9)
FN:279,analyzeConversion
FNF:11
FNH:11
FNDA:47,calculateConversionTax
FNDA:9,calculateBracketFillConversion
FNDA:43,calculateFixedConversion
FNDA:12,calculatePercentageConversion
FNDA:2,calculateBackdoorRothConversion
FNDA:4,calculateProRataBasis
FNDA:4,isPenaltyFree
FNDA:2,optimizeConversionsAcrossYears
FNDA:15,(anonymous_8)
FNDA:10,(anonymous_9)
FNDA:1,analyzeConversion
DA:31,47
DA:32,47
DA:34,47
DA:57,9
DA:58,9
DA:60,9
DA:80,43
DA:81,9
DA:84,34
DA:102,12
DA:103,12
DA:117,2
DA:134,4
DA:135,1
DA:142,3
DA:143,3
DA:144,3
DA:146,3
DA:167,4
DA:168,4
DA:169,4
DA:171,4
DA:192,2
DA:193,2
DA:195,2
DA:196,10
DA:197,10
DA:199,10
DA:200,15
DA:203,10
DA:205,10
DA:206,0
DA:212,0
DA:215,10
DA:216,10
DA:218,10
DA:221,0
DA:222,0
DA:223,0
DA:228,0
DA:229,0
DA:233,10
DA:234,10
DA:235,10
DA:241,10
DA:242,10
DA:245,0
DA:246,0
DA:247,0
DA:248,0
DA:251,0
DA:252,0
DA:255,10
DA:264,10
DA:280,1
DA:281,1
DA:283,1
DA:290,1
DA:291,1
DA:292,1
DA:294,1
DA:295,1
DA:296,1
DA:299,1
DA:301,1
DA:303,1
LF:66
LH:53
BRDA:31,0,0,47
BRDA:31,0,1,0
BRDA:80,1,0,9
BRDA:80,1,1,34
BRDA:100,2,0,12
BRDA:134,3,0,1
BRDA:134,3,1,3
BRDA:171,4,0,4
BRDA:171,4,1,3
BRDA:191,5,0,2
BRDA:200,6,0,15
BRDA:200,6,1,15
BRDA:205,7,0,0
BRDA:205,7,1,10
BRDA:218,8,0,0
BRDA:218,8,1,10
BRDA:218,8,2,0
BRDA:218,8,3,0
BRDA:290,9,0,1
BRDA:290,9,1,0
BRDA:291,10,0,1
BRDA:291,10,1,0
BRDA:297,11,0,1
BRDA:297,11,1,0
BRDA:311,12,0,1
BRDA:311,12,1,0
BRDA:313,13,0,1
BRDA:313,13,1,0
BRF:28
BRH:18
end_of_record
TN:
SF:src/calculations/social-security.js
FN:16,fraToMonths
FN:30,calculateSocialSecurityBenefit
FN:81,calculateSocialSecurityForYear
FN:121,estimatePIA
FN:153,calculateTaxableSocialSecurity
FN:180,getClaimingStrategyOptions
FNF:6
FNH:5
FNDA:28,fraToMonths
FNDA:28,calculateSocialSecurityBenefit
FNDA:595,calculateSocialSecurityForYear
FNDA:3,estimatePIA
FNDA:0,calculateTaxableSocialSecurity
FNDA:4,getClaimingStrategyOptions
DA:17,28
DA:38,28
DA:39,28
DA:40,28
DA:42,28
DA:44,28
DA:46,7
DA:47,7
DA:48,0
DA:50,7
DA:51,7
DA:52,7
DA:53,7
DA:55,21
DA:57,7
DA:58,7
DA:59,7
DA:65,28
DA:66,28
DA:67,28
DA:69,28
DA:88,595
DA:89,554
DA:92,41
DA:93,41
DA:96,41
DA:97,595
DA:98,16
DA:102,25
DA:112,25
DA:127,3
DA:128,3
DA:130,3
DA:132,3
DA:133,1
DA:134,2
DA:135,1
DA:137,1
DA:143,3
DA:154,0
DA:157,0
DA:161,0
DA:162,0
DA:163,0
DA:164,0
DA:170,0
DA:181,4
LF:47
LH:39
BRDA:36,0,0,28
BRDA:44,1,0,7
BRDA:44,1,1,21
BRDA:47,2,0,0
BRDA:47,2,1,7
BRDA:55,3,0,7
BRDA:55,3,1,14
BRDA:86,4,0,595
BRDA:88,5,0,554
BRDA:88,5,1,41
BRDA:88,6,0,595
BRDA:88,6,1,595
BRDA:96,7,0,41
BRDA:96,7,1,0
BRDA:97,8,0,16
BRDA:97,8,1,579
BRDA:132,9,0,1
BRDA:132,9,1,2
BRDA:134,10,0,1
BRDA:134,10,1,1
BRDA:157,11,0,0
BRDA:157,11,1,0
BRDA:161,12,0,0
BRDA:161,12,1,0
BRDA:163,13,0,0
BRDA:163,13,1,0
BRDA:172,14,0,0
BRDA:172,14,1,0
BRF:28
BRH:18
end_of_record
TN:
SF:src/calculations/tax-loss-harvesting.js
FN:11,calculateUnrealizedLoss
FN:38,calculateTotalUnrealizedLoss
FN:39,(anonymous_2)
FN:51,calculateTaxBenefitFromLoss
FN:85,suggestHarvestingAmount
FN:140,validateHarvestingAmount
FN:166,applyHarvesting
FN:191,isHarvestingEnabled
FN:200,getStrategyDescription
FNF:9
FNH:9
FNDA:100,calculateUnrealizedLoss
FNDA:67,calculateTotalUnrealizedLoss
FNDA:91,(anonymous_2)
FNDA:5,calculateTaxBenefitFromLoss
FNDA:4,suggestHarvestingAmount
FNDA:6,validateHarvestingAmount
FNDA:2,applyHarvesting
FNDA:4,isHarvestingEnabled
FNDA:3,getStrategyDescription
DA:13,100
DA:14,13
DA:18,87
DA:19,1
DA:22,86
DA:23,86
DA:26,86
DA:27,8
DA:30,78
DA:39,67
DA:40,91
DA:56,5
DA:57,1
DA:63,4
DA:66,4
DA:67,4
DA:70,4
DA:71,4
DA:72,4
DA:74,4
DA:91,4
DA:92,1
DA:99,3
DA:102,4
DA:103,1
DA:114,2
DA:116,1
DA:117,1
DA:118,1
DA:121,1
DA:122,1
DA:125,2
DA:127,2
DA:141,6
DA:142,1
DA:146,5
DA:147,5
DA:148,2
DA:152,3
DA:153,1
DA:156,2
DA:167,2
DA:168,1
DA:177,1
DA:179,1
DA:192,4
DA:201,3
DA:207,3
LF:48
LH:48
BRDA:13,0,0,13
BRDA:13,0,1,87
BRDA:18,1,0,1
BRDA:18,1,1,86
BRDA:18,2,0,87
BRDA:18,2,1,86
BRDA:26,3,0,8
BRDA:26,3,1,78
BRDA:56,4,0,1
BRDA:56,4,1,4
BRDA:91,5,0,1
BRDA:91,5,1,3
BRDA:99,6,0,3
BRDA:99,6,1,0
BRDA:102,7,0,1
BRDA:102,7,1,3
BRDA:114,8,0,1
BRDA:114,8,1,1
BRDA:141,9,0,1
BRDA:141,9,1,5
BRDA:147,10,0,2
BRDA:147,10,1,3
BRDA:152,11,0,1
BRDA:152,11,1,2
BRDA:167,12,0,1
BRDA:167,12,1,1
BRDA:192,13,0,4
BRDA:192,13,1,2
BRDA:207,14,0,3
BRDA:207,14,1,1
BRF:30
BRH:29
end_of_record
TN:
SF:src/calculations/tax.js
FN:41,getStandardDeduction
FN:53,calculateTotalTax
FN:121,calculateLongTermCapitalGainsTax
FN:151,calculateShortTermCapitalGainsTax
FN:164,calculateNetInvestmentIncomeTax
FN:203,calculateCapitalGainsTax
FN:232,calculateSocialSecurityTax
FN:245,calculateMedicareTax
FN:266,calculateFicaTax
FNF:9
FNH:9
FNDA:3,getStandardDeduction
FNDA:577,calculateTotalTax
FNDA:154,calculateLongTermCapitalGainsTax
FNDA:3,calculateShortTermCapitalGainsTax
FNDA:6,calculateNetInvestmentIncomeTax
FNDA:2,calculateCapitalGainsTax
FNDA:98,calculateSocialSecurityTax
FNDA:99,calculateMedicareTax
FNDA:97,calculateFicaTax
DA:42,3
DA:54,577
DA:55,577
DA:57,577
DA:68,11
DA:91,11
DA:122,154
DA:124,154
DA:125,154
DA:127,154
DA:128,327
DA:130,173
DA:135,327
DA:136,327
DA:138,327
DA:141,154
DA:153,3
DA:166,6
DA:173,6
DA:174,6
DA:175,0
DA:179,6
DA:180,2
DA:184,4
DA:189,4
DA:191,4
DA:210,2
DA:211,2
DA:214,2
DA:215,2
DA:217,2
DA:219,2
DA:233,98
DA:234,98
DA:235,98
DA:247,99
DA:248,99
DA:251,99
DA:253,99
DA:254,99
DA:256,99
DA:267,97
DA:268,97
DA:270,97
LF:44
LH:43
BRDA:53,0,0,577
BRDA:55,1,0,190
BRDA:55,1,1,387
BRDA:121,2,0,154
BRDA:122,3,0,0
BRDA:122,3,1,154
BRDA:128,4,0,154
BRDA:128,4,1,173
BRDA:132,5,0,0
BRDA:132,5,1,173
BRDA:151,6,0,3
BRDA:164,7,0,6
BRDA:174,8,0,0
BRDA:174,8,1,6
BRDA:179,9,0,2
BRDA:179,9,1,4
BRDA:208,10,0,2
BRDA:232,11,0,98
BRDA:233,12,0,0
BRDA:233,12,1,98
BRDA:245,13,0,99
BRDA:254,14,0,25
BRDA:254,14,1,74
BRDA:266,15,0,97
BRF:24
BRH:20
end_of_record
TN:
SF:src/calculations/withdrawal-strategies.js
FN:27,proportionalWithdrawalStrategy
FN:29,(anonymous_1)
FN:51,(anonymous_2)
FN:76,taxEfficientWithdrawalStrategy
FN:90,(anonymous_4)
FN:99,(anonymous_5)
FN:105,(anonymous_6)
FN:106,(anonymous_7)
FN:138,taxAwareWithdrawalStrategy
FN:169,calculateWithdrawals
FNF:10
FNH:10
FNDA:552,proportionalWithdrawalStrategy
FNDA:876,(anonymous_1)
FNDA:712,(anonymous_2)
FNDA:50,taxEfficientWithdrawalStrategy
FNDA:146,(anonymous_4)
FNDA:68,(anonymous_5)
FNDA:68,(anonymous_6)
FNDA:80,(anonymous_7)
FNDA:2,taxAwareWithdrawalStrategy
FNDA:595,calculateWithdrawals
DA:11,10
DA:28,552
DA:29,876
DA:31,552
DA:32,118
DA:36,434
DA:37,7
DA:38,8
DA:40,7
DA:44,427
DA:45,712
DA:46,712
DA:47,712
DA:51,712
DA:52,427
DA:54,427
DA:56,284
DA:57,321
DA:58,284
DA:59,284
DA:64,427
DA:81,50
DA:84,50
DA:85,146
DA:86,27
DA:90,146
DA:91,50
DA:93,50
DA:94,26
DA:98,24
DA:99,68
DA:105,68
DA:108,80
DA:109,80
DA:111,0
DA:115,24
DA:116,49
DA:118,25
DA:119,25
DA:121,25
DA:122,25
DA:125,24
DA:147,2
DA:157,2
DA:176,595
DA:182,595
DA:183,595
LF:47
LH:46
BRDA:31,0,0,118
BRDA:31,0,1,434
BRDA:31,1,0,552
BRDA:31,1,1,552
BRDA:36,2,0,7
BRDA:36,2,1,427
BRDA:54,3,0,284
BRDA:54,3,1,143
BRDA:57,4,0,284
BRDA:57,4,1,37
BRDA:57,5,0,321
BRDA:57,5,1,284
BRDA:79,6,0,50
BRDA:85,7,0,27
BRDA:85,7,1,119
BRDA:93,8,0,26
BRDA:93,8,1,24
BRDA:102,9,0,68
BRDA:102,9,1,0
BRDA:108,10,0,80
BRDA:108,10,1,0
BRDA:116,11,0,24
BRDA:116,11,1,25
BRDA:141,12,0,2
BRDA:142,13,0,2
BRDA:173,14,0,595
BRDA:174,15,0,595
BRDA:182,16,0,595
BRDA:182,16,1,0
BRF:29
BRH:26
end_of_record
TN:
SF:src/calculations/tax/federal.js
FN:15,calculateFederalTax
FNF:1
FNH:1
FNDA:584,calculateFederalTax
DA:16,584
DA:17,584
DA:19,584
DA:21,584
DA:22,584
DA:24,584
DA:25,1028
DA:27,470
DA:32,1028
DA:33,1028
DA:35,1028
DA:38,584
LF:12
LH:12
BRDA:15,0,0,584
BRDA:25,1,0,558
BRDA:25,1,1,470
BRDA:29,2,0,26
BRDA:29,2,1,444
BRF:5
BRH:5
end_of_record
TN:
SF:src/calculations/tax/states.js
FN:15,getStateTaxBrackets
FN:29,getStateStandardDeduction
FN:43,calculateStateTax
FNF:3
FNH:3
FNDA:213,getStateTaxBrackets
FNDA:214,getStateStandardDeduction
FNDA:211,calculateStateTax
DA:16,213
DA:18,213
DA:19,213
DA:30,214
DA:32,214
DA:44,211
DA:46,210
DA:47,210
DA:49,210
DA:51,210
DA:52,210
DA:54,210
DA:55,216
DA:57,21
DA:62,216
DA:63,216
DA:65,216
DA:68,210
LF:18
LH:18
BRDA:16,0,0,0
BRDA:16,0,1,213
BRDA:30,1,0,0
BRDA:30,1,1,214
BRDA:43,2,0,211
BRDA:44,3,0,1
BRDA:44,3,1,210
BRDA:55,4,0,195
BRDA:55,4,1,21
BRDA:59,5,0,14
BRDA:59,5,1,7
BRF:11
BRH:9
end_of_record
TN:
SF:src/calculations/tax/config/loader.js
FN:120,loadFederalBrackets
FN:134,loadFederalStandardDeduction
FN:148,loadStateBrackets
FN:177,loadStateStandardDeduction
FNF:4
FNH:4
FNDA:584,loadFederalBrackets
FNDA:587,loadFederalStandardDeduction
FNDA:213,loadStateBrackets
FNDA:214,loadStateStandardDeduction
DA:10,11
DA:57,11
DA:105,11
DA:110,11
DA:121,584
DA:122,584
DA:123,0
DA:125,584
DA:135,587
DA:136,587
DA:137,0
DA:139,587
DA:149,213
DA:152,213
DA:153,213
DA:154,10
DA:162,203
DA:163,203
DA:164,0
DA:167,203
DA:178,214
DA:181,214
DA:182,214
DA:183,9
DA:186,205
DA:187,205
DA:188,0
DA:191,205
LF:28
LH:24
BRDA:122,0,0,0
BRDA:122,0,1,584
BRDA:136,1,0,0
BRDA:136,1,1,587
BRDA:153,2,0,10
BRDA:153,2,1,203
BRDA:163,3,0,0
BRDA:163,3,1,203
BRDA:182,4,0,9
BRDA:182,4,1,205
BRDA:187,5,0,0
BRDA:187,5,1,205
BRF:12
BRH:8
end_of_record
TN:
SF:src/calculations/tax/config/states-2024.js
FNF:0
FNH:0
DA:1,11
LF:1
LH:1
BRF:0
BRH:0
end_of_record
TN:
SF:src/calculations/tax/config/states-2025.js
FNF:0
FNH:0
DA:1,11
LF:1
LH:1
BRF:0
BRH:0
end_of_record
TN:
SF:src/core/models/Account.js
FN:6,(anonymous_0)
FN:19,(anonymous_1)
FN:23,(anonymous_2)
FN:38,(anonymous_3)
FNF:4
FNH:4
FNDA:106,(anonymous_0)
FNDA:106,(anonymous_1)
FNDA:28,(anonymous_2)
FNDA:11,(anonymous_3)
DA:7,106
DA:8,106
DA:9,106
DA:10,106
DA:11,106
DA:12,106
DA:13,106
DA:14,106
DA:15,106
DA:16,106
DA:20,106
DA:24,28
DA:39,3
DA:40,3
DA:41,3
DA:42,3
DA:43,3
DA:45,3
DA:46,3
DA:47,3
DA:48,3
LF:21
LH:21
BRDA:11,0,0,19
BRDA:11,0,1,87
BRDA:41,1,0,0
BRDA:41,1,1,3
BRDA:42,2,0,3
BRDA:42,2,1,0
BRDA:44,3,0,3
BRDA:44,3,1,0
BRDA:45,4,0,3
BRDA:45,4,1,3
BRDA:46,5,0,3
BRDA:46,5,1,3
BRDA:47,6,0,3
BRDA:47,6,1,0
BRF:14
BRH:10
end_of_record
TN:
SF:src/core/models/Expense.js
FN:6,(anonymous_0)
FN:16,(anonymous_1)
FN:20,(anonymous_2)
FN:32,(anonymous_3)
FNF:4
FNH:4
FNDA:52,(anonymous_0)
FNDA:52,(anonymous_1)
FNDA:8,(anonymous_2)
FNDA:9,(anonymous_3)
DA:7,52
DA:8,52
DA:9,52
DA:10,52
DA:11,52
DA:12,52
DA:13,52
DA:17,52
DA:21,8
DA:33,2
DA:39,2
DA:40,2
DA:41,2
DA:42,2
LF:14
LH:14
BRDA:6,0,0,52
BRDA:40,1,0,2
BRDA:40,1,1,1
BRDA:41,2,0,2
BRDA:41,2,1,2
BRF:5
BRH:5
end_of_record
TN:
SF:src/core/models/Income.js
FN:6,(anonymous_0)
FN:23,(anonymous_1)
FN:28,(anonymous_2)
FN:42,(anonymous_3)
FN:59,(anonymous_4)
FNF:5
FNH:5
FNDA:16,(anonymous_0)
FNDA:16,(anonymous_1)
FNDA:3,(anonymous_2)
FNDA:2,(anonymous_3)
FNDA:12,(anonymous_4)
DA:7,16
DA:8,16
DA:9,16
DA:10,16
DA:11,16
DA:12,16
DA:13,16
DA:14,16
DA:17,16
DA:18,16
DA:19,16
DA:20,16
DA:24,16
DA:29,3
DA:39,3
DA:43,2
DA:60,3
DA:61,3
DA:62,3
DA:63,3
DA:64,3
DA:65,3
DA:66,3
DA:67,3
DA:68,3
DA:69,3
LF:26
LH:26
BRDA:6,0,0,16
BRDA:39,1,0,3
BRDA:39,1,1,0
BRDA:62,2,0,3
BRDA:62,2,1,2
BRDA:63,3,0,3
BRDA:63,3,1,3
BRDA:64,4,0,3
BRDA:64,4,1,0
BRDA:65,5,0,3
BRDA:65,5,1,0
BRDA:66,6,0,3
BRDA:66,6,1,3
BRDA:67,7,0,3
BRDA:67,7,1,0
BRDA:68,8,0,3
BRDA:68,8,1,3
BRF:17
BRH:13
end_of_record
TN:
SF:src/core/models/Plan.js
FN:15,(anonymous_0)
FN:83,(anonymous_1)
FN:87,(anonymous_2)
FN:92,(anonymous_3)
FN:93,(anonymous_4)
FN:97,(anonymous_5)
FN:102,(anonymous_6)
FN:103,(anonymous_7)
FN:107,(anonymous_8)
FN:112,(anonymous_9)
FN:113,(anonymous_10)
FN:117,(anonymous_11)
FN:121,(anonymous_12)
FN:140,(anonymous_13)
FN:141,(anonymous_14)
FN:142,(anonymous_15)
FN:146,(anonymous_16)
FN:233,(anonymous_17)
FNF:18
FNH:12
FNDA:80,(anonymous_0)
FNDA:80,(anonymous_1)
FNDA:100,(anonymous_2)
FNDA:0,(anonymous_3)
FNDA:0,(anonymous_4)
FNDA:46,(anonymous_5)
FNDA:0,(anonymous_6)
FNDA:0,(anonymous_7)
FNDA:5,(anonymous_8)
FNDA:0,(anonymous_9)
FNDA:0,(anonymous_10)
FNDA:151,(anonymous_11)
FNDA:17,(anonymous_12)
FNDA:27,(anonymous_13)
FNDA:7,(anonymous_14)
FNDA:1,(anonymous_15)
FNDA:11,(anonymous_16)
FNDA:1,(anonymous_17)
DA:16,80
DA:17,80
DA:18,80
DA:19,80
DA:20,80
DA:30,80
DA:37,80
DA:43,80
DA:44,80
DA:45,80
DA:46,80
DA:47,80
DA:54,80
DA:61,80
DA:66,80
DA:72,80
DA:84,80
DA:88,100
DA:89,100
DA:93,0
DA:94,0
DA:98,46
DA:99,46
DA:103,0
DA:104,0
DA:108,5
DA:109,5
DA:113,0
DA:114,0
DA:118,151
DA:122,17
DA:140,27
DA:141,7
DA:142,1
DA:149,16
DA:150,16
DA:156,16
DA:157,16
DA:158,16
DA:160,16
DA:163,16
DA:164,0
DA:168,16
DA:178,16
DA:186,16
DA:195,16
DA:204,16
DA:211,16
DA:219,16
DA:230,16
DA:231,16
DA:232,16
DA:233,1
DA:235,16
LF:54
LH:47
BRDA:15,0,0,80
BRDA:140,1,0,27
BRDA:140,1,1,0
BRDA:141,2,0,7
BRDA:141,2,1,0
BRDA:142,3,0,1
BRDA:142,3,1,0
BRDA:149,4,0,16
BRDA:149,4,1,0
BRDA:163,5,0,0
BRDA:163,5,1,16
BRDA:230,6,0,16
BRDA:230,6,1,0
BRDA:231,7,0,16
BRDA:231,7,1,0
BRDA:232,8,0,16
BRDA:232,8,1,0
BRDA:233,9,0,0
BRDA:233,9,1,1
BRF:19
BRH:10
end_of_record
TN:
SF:src/core/rules/BackdoorRothRule.js
FN:4,(anonymous_0)
FN:11,(anonymous_1)
FN:38,(anonymous_2)
FN:39,(anonymous_3)
FN:66,(anonymous_4)
FN:67,(anonymous_5)
FN:113,(anonymous_6)
FN:154,(anonymous_7)
FN:166,(anonymous_8)
FN:190,(anonymous_9)
FNF:10
FNH:10
FNDA:13,(anonymous_0)
FNDA:9,(anonymous_1)
FNDA:14,(anonymous_2)
FNDA:14,(anonymous_3)
FNDA:14,(anonymous_4)
FNDA:14,(anonymous_5)
FNDA:9,(anonymous_6)
FNDA:9,(anonymous_7)
FNDA:7,(anonymous_8)
FNDA:9,(anonymous_9)
DA:5,13
DA:6,13
DA:7,13
DA:8,13
DA:12,9
DA:14,9
DA:15,0
DA:18,9
DA:20,9
DA:21,0
DA:24,9
DA:25,9
DA:27,9
DA:28,9
DA:29,1
DA:37,8
DA:38,14
DA:39,14
DA:41,8
DA:42,1
DA:50,7
DA:51,7
DA:53,7
DA:54,7
DA:56,7
DA:57,0
DA:65,7
DA:66,14
DA:67,14
DA:69,7
DA:70,0
DA:78,7
DA:81,7
DA:83,9
DA:101,9
DA:114,9
DA:115,9
DA:117,9
DA:151,9
DA:155,9
DA:156,0
DA:159,9
DA:160,1
DA:163,8
DA:167,7
DA:169,7
DA:170,0
DA:178,7
DA:179,7
DA:180,7
DA:182,7
DA:191,9
DA:192,9
LF:53
LH:47
BRDA:6,0,0,13
BRDA:6,0,1,0
BRDA:7,1,0,13
BRDA:7,1,1,0
BRDA:8,2,0,13
BRDA:8,2,1,0
BRDA:14,3,0,0
BRDA:14,3,1,9
BRDA:14,4,0,9
BRDA:14,4,1,9
BRDA:20,5,0,0
BRDA:20,5,1,9
BRDA:25,6,0,9
BRDA:25,6,1,0
BRDA:28,7,0,1
BRDA:28,7,1,8
BRDA:41,8,0,1
BRDA:41,8,1,7
BRDA:56,9,0,0
BRDA:56,9,1,7
BRDA:69,10,0,0
BRDA:69,10,1,7
BRDA:81,11,0,7
BRDA:81,11,1,0
BRDA:151,12,0,9
BRDA:151,12,1,0
BRDA:155,13,0,0
BRDA:155,13,1,9
BRDA:159,14,0,1
BRDA:159,14,1,8
BRDA:169,15,0,0
BRDA:169,15,1,7
BRDA:192,16,0,9
BRDA:192,16,1,9
BRF:34
BRH:22
end_of_record
TN:
SF:src/core/rules/BaseRule.js
FN:14,(anonymous_0)
FN:28,(anonymous_1)
FN:37,(anonymous_2)
FN:62,(anonymous_3)
FN:70,(anonymous_4)
FN:83,(anonymous_5)
FNF:6
FNH:4
FNDA:59,(anonymous_0)
FNDA:0,(anonymous_1)
FNDA:35,(anonymous_2)
FNDA:179,(anonymous_3)
FNDA:1,(anonymous_4)
FNDA:0,(anonymous_5)
DA:15,59
DA:16,59
DA:17,59
DA:29,0
DA:38,35
DA:40,35
DA:41,0
DA:44,35
DA:45,0
DA:48,35
DA:49,0
DA:52,35
DA:63,179
DA:71,1
DA:84,0
LF:15
LH:10
BRDA:17,0,0,59
BRDA:17,0,1,10
BRDA:40,1,0,0
BRDA:40,1,1,35
BRDA:40,2,0,35
BRDA:40,2,1,35
BRDA:44,3,0,0
BRDA:44,3,1,35
BRDA:44,4,0,35
BRDA:44,4,1,35
BRDA:48,5,0,0
BRDA:48,5,1,35
BRF:12
BRH:9
end_of_record
TN:
SF:src/core/rules/MegaBackdoorRothRule.js
FN:5,(anonymous_0)
FN:35,(anonymous_1)
FN:61,(anonymous_2)
FN:62,(anonymous_3)
FN:101,(anonymous_4)
FN:102,(anonymous_5)
FN:150,(anonymous_6)
FN:158,(anonymous_7)
FN:174,(anonymous_8)
FNF:9
FNH:9
FNDA:10,(anonymous_0)
FNDA:5,(anonymous_1)
FNDA:6,(anonymous_2)
FNDA:6,(anonymous_3)
FNDA:6,(anonymous_4)
FNDA:6,(anonymous_5)
FNDA:4,(anonymous_6)
FNDA:5,(anonymous_7)
FNDA:5,(anonymous_8)
DA:6,10
DA:12,10
DA:13,10
DA:14,10
DA:15,10
DA:18,10
DA:19,10
DA:23,0
DA:26,10
DA:27,10
DA:31,0
DA:36,5
DA:38,5
DA:39,0
DA:42,5
DA:44,5
DA:45,0
DA:48,5
DA:49,5
DA:50,1
DA:58,4
DA:60,4
DA:61,6
DA:62,6
DA:64,4
DA:65,1
DA:73,3
DA:74,3
DA:75,3
DA:77,3
DA:78,5
DA:83,5
DA:84,5
DA:85,5
DA:87,5
DA:89,5
DA:90,0
DA:98,3
DA:100,3
DA:101,6
DA:102,6
DA:104,3
DA:105,0
DA:113,3
DA:115,3
DA:116,3
DA:117,3
DA:119,3
DA:137,3
DA:151,4
DA:152,4
DA:153,4
DA:155,4
DA:159,5
DA:160,0
DA:163,5
DA:164,1
DA:167,4
DA:168,0
DA:171,4
DA:175,5
DA:176,5
LF:62
LH:54
BRDA:12,0,0,10
BRDA:12,0,1,0
BRDA:15,1,0,10
BRDA:15,1,1,0
BRDA:18,2,0,10
BRDA:18,2,1,0
BRDA:19,3,0,10
BRDA:19,3,1,0
BRDA:26,4,0,10
BRDA:26,4,1,0
BRDA:27,5,0,10
BRDA:27,5,1,0
BRDA:38,6,0,0
BRDA:38,6,1,5
BRDA:38,7,0,5
BRDA:38,7,1,5
BRDA:44,8,0,0
BRDA:44,8,1,5
BRDA:49,9,0,1
BRDA:49,9,1,4
BRDA:64,10,0,1
BRDA:64,10,1,3
BRDA:77,11,0,3
BRDA:77,11,1,0
BRDA:83,12,0,5
BRDA:83,12,1,0
BRDA:89,13,0,0
BRDA:89,13,1,5
BRDA:104,14,0,0
BRDA:104,14,1,3
BRDA:159,15,0,0
BRDA:159,15,1,5
BRDA:163,16,0,1
BRDA:163,16,1,4
BRDA:167,17,0,0
BRDA:167,17,1,4
BRDA:176,18,0,5
BRDA:176,18,1,5
BRF:38
BRH:24
end_of_record
TN:
SF:src/core/rules/QCDRule.js
FN:13,(anonymous_0)
FN:20,(anonymous_1)
FN:47,(anonymous_2)
FN:71,(anonymous_3)
FNF:4
FNH:4
FNDA:3,(anonymous_0)
FNDA:52,(anonymous_1)
FNDA:52,(anonymous_2)
FNDA:53,(anonymous_3)
DA:14,3
DA:15,3
DA:16,3
DA:17,3
DA:21,52
DA:23,52
DA:24,0
DA:27,52
DA:28,52
DA:30,52
DA:35,52
DA:36,21
DA:37,31
DA:38,15
DA:41,52
DA:42,52
DA:43,52
DA:45,52
DA:47,52
DA:48,52
DA:49,52
DA:55,52
DA:56,51
DA:64,52
DA:72,53
DA:73,53
DA:74,0
DA:77,53
DA:78,53
LF:29
LH:27
BRDA:15,0,0,3
BRDA:15,0,1,0
BRDA:16,1,0,3
BRDA:16,1,1,2
BRDA:17,2,0,3
BRDA:17,2,1,2
BRDA:23,3,0,0
BRDA:23,3,1,52
BRDA:23,4,0,52
BRDA:23,4,1,52
BRDA:28,5,0,52
BRDA:28,5,1,5
BRDA:35,6,0,21
BRDA:35,6,1,31
BRDA:37,7,0,15
BRDA:37,7,1,16
BRDA:41,8,0,52
BRDA:41,8,1,0
BRDA:43,9,0,52
BRDA:43,9,1,0
BRDA:52,10,0,52
BRDA:52,10,1,5
BRDA:55,11,0,51
BRDA:55,11,1,1
BRDA:73,12,0,0
BRDA:73,12,1,53
BRDA:73,13,0,53
BRDA:73,13,1,53
BRF:28
BRH:23
end_of_record
TN:
SF:src/core/rules/RothConversionRule.js
FN:10,(anonymous_0)
FN:18,(anonymous_1)
FN:35,(anonymous_2)
FN:36,(anonymous_3)
FN:38,(anonymous_4)
FN:45,(anonymous_5)
FN:100,(anonymous_6)
FNF:7
FNH:7
FNDA:5,(anonymous_0)
FNDA:50,(anonymous_1)
FNDA:90,(anonymous_2)
FNDA:90,(anonymous_3)
FNDA:90,(anonymous_4)
FNDA:45,(anonymous_5)
FNDA:50,(anonymous_6)
DA:11,5
DA:12,5
DA:13,5
DA:14,5
DA:15,5
DA:19,50
DA:21,50
DA:22,0
DA:25,50
DA:26,5
DA:29,45
DA:30,50
DA:31,50
DA:34,50
DA:35,90
DA:36,90
DA:38,90
DA:40,50
DA:41,0
DA:44,45
DA:45,45
DA:48,45
DA:50,45
DA:52,45
DA:54,30
DA:60,30
DA:63,5
DA:68,5
DA:71,10
DA:72,10
DA:75,0
DA:78,45
DA:79,0
DA:82,45
DA:83,50
DA:90,50
DA:92,50
DA:101,50
DA:102,50
LF:39
LH:35
BRDA:12,0,0,5
BRDA:12,0,1,0
BRDA:13,1,0,5
BRDA:13,1,1,2
BRDA:14,2,0,5
BRDA:14,2,1,5
BRDA:15,3,0,5
BRDA:15,3,1,4
BRDA:21,4,0,0
BRDA:21,4,1,50
BRDA:21,5,0,50
BRDA:21,5,1,50
BRDA:25,6,0,5
BRDA:25,6,1,45
BRDA:29,7,0,45
BRDA:29,7,1,45
BRDA:31,8,0,50
BRDA:31,8,1,37
BRDA:36,9,0,90
BRDA:36,9,1,90
BRDA:40,10,0,0
BRDA:40,10,1,50
BRDA:40,11,0,50
BRDA:40,11,1,45
BRDA:52,12,0,30
BRDA:52,12,1,5
BRDA:52,12,2,10
BRDA:52,12,3,0
BRDA:78,13,0,0
BRDA:78,13,1,45
BRDA:82,14,0,45
BRDA:82,14,1,0
BRDA:102,15,0,50
BRDA:102,15,1,50
BRF:34
BRH:28
end_of_record
TN:
SF:src/core/rules/RuleRegistry.js
FN:7,(anonymous_0)
FN:16,(anonymous_1)
FN:48,(anonymous_2)
FN:57,(anonymous_3)
FN:66,(anonymous_4)
FN:74,(anonymous_5)
FN:82,(anonymous_6)
FN:90,(anonymous_7)
FN:111,(anonymous_8)
FN:116,(anonymous_9)
FN:157,(anonymous_10)
FN:162,(anonymous_11)
FN:198,(anonymous_12)
FN:202,(anonymous_13)
FN:209,(anonymous_14)
FNF:15
FNH:12
FNDA:53,(anonymous_0)
FNDA:31,(anonymous_1)
FNDA:1,(anonymous_2)
FNDA:1,(anonymous_3)
FNDA:2,(anonymous_4)
FNDA:1,(anonymous_5)
FNDA:0,(anonymous_6)
FNDA:2,(anonymous_7)
FNDA:1,(anonymous_8)
FNDA:4,(anonymous_9)
FNDA:593,(anonymous_10)
FNDA:175,(anonymous_11)
FNDA:0,(anonymous_12)
FNDA:0,(anonymous_13)
FNDA:592,(anonymous_14)
DA:8,53
DA:17,31
DA:18,0
DA:24,31
DA:25,31
DA:26,0
DA:32,31
DA:33,1
DA:39,30
DA:40,30
DA:49,1
DA:58,1
DA:67,2
DA:75,1
DA:83,0
DA:91,2
DA:93,2
DA:94,4
DA:95,3
DA:96,1
DA:101,2
DA:112,1
DA:113,1
DA:114,1
DA:116,1
DA:117,4
DA:118,1
DA:119,1
DA:120,1
DA:123,3
DA:124,0
DA:127,3
DA:128,3
DA:129,3
DA:131,3
DA:132,3
DA:133,3
DA:134,3
DA:138,3
DA:141,1
DA:142,3
DA:143,1
DA:147,1
DA:158,593
DA:159,593
DA:160,593
DA:162,593
DA:163,175
DA:164,0
DA:166,175
DA:167,3
DA:170,172
DA:171,172
DA:172,0
DA:175,172
DA:177,172
DA:178,3
DA:181,172
DA:182,172
DA:183,172
DA:186,593
DA:187,172
DA:188,172
DA:192,593
DA:199,0
DA:203,0
DA:210,592
DA:211,592
DA:213,592
DA:214,169
DA:215,168
DA:216,168
DA:220,592
LF:73
LH:65
BRDA:17,0,0,0
BRDA:17,0,1,31
BRDA:17,1,0,31
BRDA:17,1,1,31
BRDA:25,2,0,0
BRDA:25,2,1,31
BRDA:32,3,0,1
BRDA:32,3,1,30
BRDA:95,4,0,1
BRDA:95,4,1,2
BRDA:116,5,0,4
BRDA:117,6,0,1
BRDA:117,6,1,3
BRDA:123,7,0,0
BRDA:123,7,1,3
BRDA:132,8,0,3
BRDA:132,8,1,0
BRDA:142,9,0,1
BRDA:142,9,1,2
BRDA:163,10,0,0
BRDA:163,10,1,175
BRDA:166,11,0,3
BRDA:166,11,1,172
BRDA:171,12,0,0
BRDA:171,12,1,172
BRDA:187,13,0,172
BRDA:187,13,1,0
BRDA:214,14,0,168
BRDA:214,14,1,1
BRF:29
BRH:22
end_of_record
TN:
SF:src/core/rules/StrategyFactory.js
FN:9,(anonymous_0)
FN:18,(anonymous_1)
FN:34,(anonymous_2)
FN:77,(anonymous_3)
FN:78,(anonymous_4)
FN:86,(anonymous_5)
FN:94,(anonymous_6)
FN:103,(anonymous_7)
FN:110,(anonymous_8)
FNF:9
FNH:7
FNDA:5,(anonymous_0)
FNDA:4,(anonymous_1)
FNDA:4,(anonymous_2)
FNDA:1,(anonymous_3)
FNDA:2,(anonymous_4)
FNDA:1,(anonymous_5)
FNDA:1,(anonymous_6)
FNDA:0,(anonymous_7)
FNDA:0,(anonymous_8)
DA:10,5
DA:19,4
DA:20,0
DA:23,4
DA:35,4
DA:37,4
DA:38,0
DA:41,4
DA:42,0
DA:45,4
DA:47,4
DA:48,1
DA:51,3
DA:58,4
DA:60,4
DA:61,0
DA:64,3
DA:65,3
DA:66,0
DA:69,3
DA:78,2
DA:87,1
DA:95,1
DA:104,0
DA:111,0
LF:25
LH:18
BRDA:19,0,0,0
BRDA:19,0,1,4
BRDA:35,1,0,4
BRDA:37,2,0,0
BRDA:37,2,1,4
BRDA:41,3,0,0
BRDA:41,3,1,4
BRDA:47,4,0,1
BRDA:47,4,1,3
BRDA:53,5,0,3
BRDA:53,5,1,0
BRDA:54,6,0,4
BRDA:54,6,1,3
BRDA:60,7,0,0
BRDA:60,7,1,4
BRDA:65,8,0,0
BRDA:65,8,1,3
BRF:17
BRH:11
end_of_record
TN:
SF:src/core/rules/TLHRule.js
FN:11,(anonymous_0)
FN:17,(anonymous_1)
FN:68,(anonymous_2)
FN:100,(anonymous_3)
FNF:4
FNH:3
FNDA:6,(anonymous_0)
FNDA:66,(anonymous_1)
FNDA:0,(anonymous_2)
FNDA:66,(anonymous_3)
DA:12,6
DA:13,6
DA:14,6
DA:18,66
DA:20,66
DA:21,0
DA:29,66
DA:30,66
DA:32,66
DA:33,66
DA:41,0
DA:42,66
DA:44,66
DA:49,66
DA:56,66
DA:57,0
DA:65,0
DA:66,0
DA:68,0
DA:69,0
DA:70,0
DA:71,0
DA:72,0
DA:73,0
DA:77,0
DA:78,0
DA:79,0
DA:80,0
DA:86,0
DA:92,0
DA:101,66
DA:102,66
LF:32
LH:15
BRDA:13,0,0,6
BRDA:13,0,1,0
BRDA:14,1,0,6
BRDA:14,1,1,0
BRDA:20,2,0,0
BRDA:20,2,1,66
BRDA:20,3,0,66
BRDA:20,3,1,66
BRDA:29,4,0,66
BRDA:29,4,1,0
BRDA:32,5,0,66
BRDA:32,5,1,0
BRDA:41,6,0,0
BRDA:41,6,1,0
BRDA:42,7,0,66
BRDA:42,7,1,0
BRDA:56,8,0,0
BRDA:56,8,1,66
BRDA:60,9,0,0
BRDA:60,9,1,0
BRDA:70,10,0,0
BRDA:70,10,1,0
BRDA:72,11,0,0
BRDA:72,11,1,0
BRDA:72,12,0,0
BRDA:72,12,1,0
BRDA:78,13,0,0
BRDA:78,13,1,0
BRDA:95,14,0,0
BRDA:95,14,1,0
BRDA:102,15,0,66
BRDA:102,15,1,66
BRF:32
BRH:11
end_of_record
TN:
SF:src/core/rules/index.js
FNF:0
FNH:0
LF:0
LH:0
BRF:0
BRH:0
end_of_record
TN:
SF:src/storage/StorageManager.js
FN:13,(anonymous_0)
FN:29,(anonymous_1)
FN:50,(anonymous_2)
FN:59,(anonymous_3)
FN:63,(anonymous_4)
FN:74,(anonymous_5)
FN:101,(anonymous_6)
FN:112,(anonymous_7)
FN:131,(anonymous_8)
FN:156,(anonymous_9)
FN:164,(anonymous_10)
FN:174,(anonymous_11)
FNF:12
FNH:9
FNDA:5,(anonymous_0)
FNDA:5,(anonymous_1)
FNDA:5,(anonymous_2)
FNDA:0,(anonymous_3)
FNDA:0,(anonymous_4)
FNDA:5,(anonymous_5)
FNDA:5,(anonymous_6)
FNDA:5,(anonymous_7)
FNDA:5,(anonymous_8)
FNDA:5,(anonymous_9)
FNDA:5,(anonymous_10)
FNDA:0,(anonymous_11)
DA:14,17
DA:15,17
DA:16,0
DA:19,17
DA:20,17
DA:21,17
DA:30,17
DA:31,17
DA:33,17
DA:34,0
DA:37,17
DA:38,17
DA:39,17
DA:41,0
DA:42,0
DA:51,5
DA:52,5
DA:53,5
DA:56,0
DA:57,0
DA:58,0
DA:59,0
DA:63,0
DA:65,0
DA:66,0
DA:75,17
DA:77,17
DA:78,0
DA:79,0
DA:80,0
DA:81,0
DA:82,0
DA:89,0
DA:94,17
DA:102,0
DA:103,0
DA:104,0
DA:113,0
DA:122,0
DA:132,0
DA:133,0
DA:136,0
DA:137,0
DA:141,0
DA:142,0
DA:143,0
DA:146,0
DA:148,0
DA:157,0
DA:165,0
DA:167,0
DA:168,0
DA:169,0
DA:170,0
DA:174,0
LF:55
LH:17
BRDA:15,0,0,0
BRDA:15,0,1,17
BRDA:33,1,0,0
BRDA:33,1,1,17
BRDA:52,2,0,5
BRDA:52,2,1,0
BRDA:79,3,0,0
BRDA:79,3,1,0
BRDA:79,4,0,0
BRDA:79,4,1,0
BRDA:136,5,0,0
BRDA:136,5,1,0
BRDA:142,6,0,0
BRDA:142,6,1,0
BRDA:157,7,0,0
BRDA:157,7,1,0
BRDA:169,8,0,0
BRDA:169,8,1,0
BRDA:169,9,0,0
BRDA:169,9,1,0
BRDA:169,9,2,0
BRF:21
BRH:3
end_of_record
TN:
SF:src/storage/schema.js
FN:20,validatePlanSchema
FN:217,(anonymous_1)
FN:409,migratePlan
FNF:3
FNH:2
FNDA:17,validatePlanSchema
FNDA:1,(anonymous_1)
FNDA:0,migratePlan
DA:6,5
DA:8,5
DA:21,17
DA:23,17
DA:24,0
DA:27,17
DA:28,0
DA:31,17
DA:32,0
DA:36,17
DA:41,0
DA:47,17
DA:52,0
DA:55,17
DA:112,0
DA:115,17
DA:116,0
DA:120,17
DA:125,0
DA:128,17
DA:133,0
DA:137,17
DA:143,0
DA:146,17
DA:152,0
DA:155,17
DA:161,0
DA:165,17
DA:166,0
DA:169,17
DA:170,17
DA:171,0
DA:174,17
DA:180,0
DA:183,17
DA:189,0
DA:192,17
DA:198,0
DA:202,17
DA:203,0
DA:206,17
DA:207,0
DA:211,17
DA:212,0
DA:216,17
DA:217,17
DA:218,1
DA:219,0
DA:222,1
DA:223,0
DA:226,1
DA:227,0
DA:230,1
DA:231,0
DA:234,1
DA:239,0
DA:242,1
DA:254,0
DA:259,1
DA:263,0
DA:268,1
DA:269,0
DA:273,1
DA:278,0
DA:281,1
DA:285,0
DA:288,1
DA:293,0
DA:296,1
DA:300,0
DA:303,1
DA:308,0
DA:313,17
DA:314,0
DA:317,17
DA:318,17
DA:319,0
DA:322,17
DA:327,0
DA:330,17
DA:335,0
DA:338,17
DA:343,0
DA:347,17
DA:348,0
DA:351,17
DA:352,17
DA:353,0
DA:356,17
DA:361,0
DA:364,17
DA:365,0
DA:368,17
DA:369,0
DA:372,17
DA:377,0
DA:380,17
DA:385,0
DA:388,17
DA:393,0
DA:397,17
DA:413,0
LF:102
LH:55
BRDA:23,0,0,0
BRDA:23,0,1,17
BRDA:23,1,0,17
BRDA:23,1,1,17
BRDA:27,2,0,0
BRDA:27,2,1,17
BRDA:27,3,0,17
BRDA:27,3,1,17
BRDA:31,4,0,0
BRDA:31,4,1,17
BRDA:31,5,0,17
BRDA:31,5,1,17
BRDA:36,6,0,0
BRDA:36,6,1,17
BRDA:37,7,0,17
BRDA:37,7,1,17
BRDA:37,7,2,17
BRDA:47,8,0,0
BRDA:47,8,1,17
BRDA:48,9,0,17
BRDA:48,9,1,0
BRDA:48,9,2,0
BRDA:48,9,3,0
BRDA:55,10,0,0
BRDA:55,10,1,17
BRDA:56,11,0,17
BRDA:56,11,1,0
BRDA:56,11,2,0
BRDA:115,12,0,0
BRDA:115,12,1,17
BRDA:115,13,0,17
BRDA:115,13,1,17
BRDA:120,14,0,0
BRDA:120,14,1,17
BRDA:121,15,0,17
BRDA:121,15,1,17
BRDA:121,15,2,17
BRDA:128,16,0,0
BRDA:128,16,1,17
BRDA:129,17,0,17
BRDA:129,17,1,17
BRDA:129,17,2,17
BRDA:137,18,0,0
BRDA:137,18,1,17
BRDA:138,19,0,17
BRDA:138,19,1,17
BRDA:138,19,2,17
BRDA:138,19,3,17
BRDA:146,20,0,0
BRDA:146,20,1,17
BRDA:147,21,0,17
BRDA:147,21,1,17
BRDA:147,21,2,17
BRDA:147,21,3,17
BRDA:155,22,0,0
BRDA:155,22,1,17
BRDA:156,23,0,17
BRDA:156,23,1,17
BRDA:156,23,2,17
BRDA:156,23,3,17
BRDA:165,24,0,0
BRDA:165,24,1,17
BRDA:165,25,0,17
BRDA:165,25,1,17
BRDA:169,26,0,17
BRDA:169,26,1,0
BRDA:170,27,0,0
BRDA:170,27,1,17
BRDA:174,28,0,0
BRDA:174,28,1,17
BRDA:175,29,0,17
BRDA:175,29,1,17
BRDA:175,29,2,17
BRDA:175,29,3,17
BRDA:183,30,0,0
BRDA:183,30,1,17
BRDA:184,31,0,17
BRDA:184,31,1,17
BRDA:184,31,2,17
BRDA:184,31,3,17
BRDA:192,32,0,0
BRDA:192,32,1,17
BRDA:193,33,0,17
BRDA:193,33,1,17
BRDA:193,33,2,17
BRDA:193,33,3,17
BRDA:202,34,0,0
BRDA:202,34,1,17
BRDA:206,35,0,0
BRDA:206,35,1,17
BRDA:211,36,0,0
BRDA:211,36,1,17
BRDA:216,37,0,17
BRDA:216,37,1,0
BRDA:218,38,0,0
BRDA:218,38,1,1
BRDA:218,39,0,1
BRDA:218,39,1,1
BRDA:222,40,0,0
BRDA:222,40,1,1
BRDA:222,41,0,1
BRDA:222,41,1,1
BRDA:226,42,0,0
BRDA:226,42,1,1
BRDA:226,43,0,1
BRDA:226,43,1,1
BRDA:230,44,0,0
BRDA:230,44,1,1
BRDA:230,45,0,1
BRDA:230,45,1,1
BRDA:234,46,0,0
BRDA:234,46,1,1
BRDA:235,47,0,1
BRDA:235,47,1,0
BRDA:235,47,2,0
BRDA:235,47,3,0
BRDA:242,48,0,0
BRDA:242,48,1,1
BRDA:259,49,0,0
BRDA:259,49,1,1
BRDA:260,50,0,1
BRDA:260,50,1,1
BRDA:268,51,0,0
BRDA:268,51,1,1
BRDA:268,52,0,1
BRDA:268,52,1,1
BRDA:273,53,0,0
BRDA:273,53,1,1
BRDA:274,54,0,1
BRDA:274,54,1,0
BRDA:274,54,2,0
BRDA:281,55,0,0
BRDA:281,55,1,1
BRDA:282,56,0,1
BRDA:282,56,1,0
BRDA:282,56,2,0
BRDA:288,57,0,0
BRDA:288,57,1,1
BRDA:289,58,0,1
BRDA:289,58,1,0
BRDA:289,58,2,0
BRDA:296,59,0,0
BRDA:296,59,1,1
BRDA:297,60,0,1
BRDA:297,60,1,0
BRDA:297,60,2,0
BRDA:303,61,0,0
BRDA:303,61,1,1
BRDA:304,62,0,1
BRDA:304,62,1,1
BRDA:304,62,2,1
BRDA:313,63,0,0
BRDA:313,63,1,17
BRDA:313,64,0,17
BRDA:313,64,1,17
BRDA:317,65,0,17
BRDA:317,65,1,0
BRDA:318,66,0,0
BRDA:318,66,1,17
BRDA:322,67,0,0
BRDA:322,67,1,17
BRDA:323,68,0,17
BRDA:323,68,1,17
BRDA:323,68,2,17
BRDA:330,69,0,0
BRDA:330,69,1,17
BRDA:331,70,0,17
BRDA:331,70,1,17
BRDA:331,70,2,17
BRDA:338,71,0,0
BRDA:338,71,1,17
BRDA:339,72,0,17
BRDA:339,72,1,17
BRDA:339,72,2,17
BRDA:347,73,0,0
BRDA:347,73,1,17
BRDA:347,74,0,17
BRDA:347,74,1,17
BRDA:351,75,0,17
BRDA:351,75,1,0
BRDA:352,76,0,0
BRDA:352,76,1,17
BRDA:356,77,0,0
BRDA:356,77,1,17
BRDA:357,78,0,17
BRDA:357,78,1,17
BRDA:357,78,2,17
BRDA:364,79,0,0
BRDA:364,79,1,17
BRDA:368,80,0,0
BRDA:368,80,1,17
BRDA:372,81,0,0
BRDA:372,81,1,17
BRDA:373,82,0,17
BRDA:373,82,1,17
BRDA:373,82,2,17
BRDA:380,83,0,0
BRDA:380,83,1,17
BRDA:381,84,0,17
BRDA:381,84,1,17
BRDA:381,84,2,17
BRDA:388,85,0,0
BRDA:388,85,1,17
BRDA:389,86,0,17
BRDA:389,86,1,17
BRDA:389,86,2,17
BRF:206
BRH:140
end_of_record
TN:
SF:src/ui/AccountController.js
FN:9,(anonymous_0)
FN:16,(anonymous_1)
FN:25,(anonymous_2)
FN:57,(anonymous_3)
FN:99,(anonymous_4)
FN:118,(anonymous_5)
FN:125,(anonymous_6)
FN:126,(anonymous_7)
FN:158,(anonymous_8)
FN:159,(anonymous_9)
FN:176,(anonymous_10)
FN:184,(anonymous_11)
FNF:12
FNH:1
FNDA:5,(anonymous_0)
FNDA:0,(anonymous_1)
FNDA:0,(anonymous_2)
FNDA:0,(anonymous_3)
FNDA:0,(anonymous_4)
FNDA:0,(anonymous_5)
FNDA:0,(anonymous_6)
FNDA:0,(anonymous_7)
FNDA:0,(anonymous_8)
FNDA:0,(anonymous_9)
FNDA:0,(anonymous_10)
FNDA:0,(anonymous_11)
DA:10,5
DA:11,5
DA:17,0
DA:18,0
DA:20,0
DA:21,0
DA:22,0
DA:25,0
DA:26,0
DA:27,0
DA:28,0
DA:51,0
DA:58,0
DA:59,0
DA:60,0
DA:61,0
DA:94,0
DA:100,0
DA:101,0
DA:102,0
DA:103,0
DA:105,0
DA:106,0
DA:107,0
DA:110,0
DA:111,0
DA:112,0
DA:113,0
DA:114,0
DA:115,0
DA:119,0
DA:120,0
DA:121,0
DA:122,0
DA:126,0
DA:127,0
DA:129,0
DA:130,0
DA:131,0
DA:132,0
DA:155,0
DA:159,0
DA:160,0
DA:162,0
DA:163,0
DA:164,0
DA:168,0
DA:169,0
DA:170,0
DA:171,0
DA:177,0
DA:184,0
LF:52
LH:2
BRDA:20,0,0,0
BRDA:20,0,1,0
BRDA:102,1,0,0
BRDA:102,1,1,0
BRDA:103,2,0,0
BRDA:103,2,1,0
BRDA:105,3,0,0
BRDA:105,3,1,0
BRDA:105,4,0,0
BRDA:105,4,1,0
BRDA:119,5,0,0
BRDA:119,5,1,0
BRDA:127,6,0,0
BRDA:127,6,1,0
BRDA:160,7,0,0
BRDA:160,7,1,0
BRF:16
BRH:0
end_of_record
TN:
SF:src/ui/AppController.js
FN:13,(anonymous_0)
FN:30,(anonymous_1)
FN:34,(anonymous_2)
FN:40,(anonymous_3)
FN:45,(anonymous_4)
FN:51,(anonymous_5)
FN:63,(anonymous_6)
FN:68,(anonymous_7)
FN:73,(anonymous_8)
FN:75,(anonymous_9)
FN:77,(anonymous_10)
FN:103,(anonymous_11)
FN:107,(anonymous_12)
FN:115,(anonymous_13)
FN:122,(anonymous_14)
FN:129,(anonymous_15)
FN:133,(anonymous_16)
FN:137,(anonymous_17)
FN:143,(anonymous_18)
FN:151,(anonymous_19)
FN:156,(anonymous_20)
FN:160,(anonymous_21)
FN:166,(anonymous_22)
FN:172,(anonymous_23)
FN:177,(anonymous_24)
FN:185,(anonymous_25)
FN:189,(anonymous_26)
FN:193,(anonymous_27)
FN:197,(anonymous_28)
FN:201,(anonymous_29)
FN:205,(anonymous_30)
FN:209,(anonymous_31)
FN:213,(anonymous_32)
FN:217,(anonymous_33)
FN:221,(anonymous_34)
FN:227,(anonymous_35)
FN:231,(anonymous_36)
FN:237,(anonymous_37)
FN:244,(anonymous_38)
FN:249,(anonymous_39)
FN:257,(anonymous_40)
FN:263,(anonymous_41)
FN:266,(anonymous_42)
FN:276,(anonymous_43)
FN:282,(anonymous_44)
FN:286,(anonymous_45)
FN:294,(anonymous_46)
FN:298,(anonymous_47)
FN:304,(anonymous_48)
FN:312,(anonymous_49)
FNF:50
FNH:4
FNDA:5,(anonymous_0)
FNDA:5,(anonymous_1)
FNDA:0,(anonymous_2)
FNDA:5,(anonymous_3)
FNDA:0,(anonymous_4)
FNDA:0,(anonymous_5)
FNDA:0,(anonymous_6)
FNDA:0,(anonymous_7)
FNDA:0,(anonymous_8)
FNDA:0,(anonymous_9)
FNDA:0,(anonymous_10)
FNDA:0,(anonymous_11)
FNDA:0,(anonymous_12)
FNDA:0,(anonymous_13)
FNDA:0,(anonymous_14)
FNDA:4,(anonymous_15)
FNDA:0,(anonymous_16)
FNDA:0,(anonymous_17)
FNDA:0,(anonymous_18)
FNDA:0,(anonymous_19)
FNDA:0,(anonymous_20)
FNDA:0,(anonymous_21)
FNDA:0,(anonymous_22)
FNDA:0,(anonymous_23)
FNDA:0,(anonymous_24)
FNDA:0,(anonymous_25)
FNDA:0,(anonymous_26)
FNDA:0,(anonymous_27)
FNDA:0,(anonymous_28)
FNDA:0,(anonymous_29)
FNDA:0,(anonymous_30)
FNDA:0,(anonymous_31)
FNDA:0,(anonymous_32)
FNDA:0,(anonymous_33)
FNDA:0,(anonymous_34)
FNDA:0,(anonymous_35)
FNDA:0,(anonymous_36)
FNDA:0,(anonymous_37)
FNDA:0,(anonymous_38)
FNDA:0,(anonymous_39)
FNDA:0,(anonymous_40)
FNDA:0,(anonymous_41)
FNDA:0,(anonymous_42)
FNDA:0,(anonymous_43)
FNDA:0,(anonymous_44)
FNDA:0,(anonymous_45)
FNDA:0,(anonymous_46)
FNDA:0,(anonymous_47)
FNDA:0,(anonymous_48)
FNDA:0,(anonymous_49)
DA:14,5
DA:15,5
DA:16,5
DA:17,5
DA:18,5
DA:19,5
DA:20,5
DA:26,5
DA:27,5
DA:31,5
DA:35,0
DA:41,5
DA:42,5
DA:46,0
DA:47,0
DA:48,0
DA:52,0
DA:53,0
DA:54,0
DA:55,0
DA:56,0
DA:57,0
DA:58,0
DA:59,0
DA:60,0
DA:64,0
DA:65,0
DA:69,0
DA:70,0
DA:74,0
DA:75,0
DA:76,0
DA:77,0
DA:81,0
DA:83,0
DA:104,0
DA:108,0
DA:109,0
DA:110,0
DA:116,0
DA:117,0
DA:118,0
DA:119,0
DA:123,0
DA:124,0
DA:125,0
DA:126,0
DA:130,4
DA:134,0
DA:138,0
DA:139,0
DA:140,0
DA:144,0
DA:145,0
DA:146,0
DA:152,0
DA:153,0
DA:157,0
DA:161,0
DA:162,0
DA:163,0
DA:167,0
DA:168,0
DA:169,0
DA:173,0
DA:174,0
DA:178,0
DA:179,0
DA:180,0
DA:186,0
DA:190,0
DA:194,0
DA:198,0
DA:202,0
DA:206,0
DA:210,0
DA:214,0
DA:218,0
DA:222,0
DA:228,0
DA:232,0
DA:233,0
DA:234,0
DA:238,0
DA:239,0
DA:245,0
DA:246,0
DA:250,0
DA:251,0
DA:252,0
DA:258,0
DA:259,0
DA:260,0
DA:264,0
DA:265,0
DA:266,0
DA:268,0
DA:271,0
DA:272,0
DA:277,0
DA:278,0
DA:279,0
DA:283,0
DA:287,0
DA:288,0
DA:289,0
DA:295,0
DA:299,0
DA:305,0
DA:312,0
LF:110
LH:13
BRDA:260,0,0,0
BRDA:260,0,1,0
BRDA:271,1,0,0
BRDA:271,1,1,0
BRDA:279,2,0,0
BRDA:279,2,1,0
BRF:6
BRH:0
end_of_record
TN:
SF:src/ui/ChartRenderer.js
FN:7,(anonymous_0)
FN:14,(anonymous_1)
FN:15,(anonymous_2)
FN:26,(anonymous_3)
FN:35,(anonymous_4)
FN:36,(anonymous_5)
FN:38,(anonymous_6)
FN:71,(anonymous_7)
FN:104,(anonymous_8)
FN:131,(anonymous_9)
FN:139,(anonymous_10)
FN:140,(anonymous_11)
FN:199,(anonymous_12)
FN:212,(anonymous_13)
FN:243,(anonymous_14)
FN:253,(anonymous_15)
FN:254,(anonymous_16)
FN:262,(anonymous_17)
FN:279,(anonymous_18)
FN:288,(anonymous_19)
FN:304,(anonymous_20)
FN:335,(anonymous_21)
FN:338,(anonymous_22)
FN:360,(anonymous_23)
FN:368,(anonymous_24)
FN:369,(anonymous_25)
FN:370,(anonymous_26)
FN:371,(anonymous_27)
FN:406,(anonymous_28)
FN:419,(anonymous_29)
FNF:30
FNH:1
FNDA:10,(anonymous_0)
FNDA:0,(anonymous_1)
FNDA:0,(anonymous_2)
FNDA:0,(anonymous_3)
FNDA:0,(anonymous_4)
FNDA:0,(anonymous_5)
FNDA:0,(anonymous_6)
FNDA:0,(anonymous_7)
FNDA:0,(anonymous_8)
FNDA:0,(anonymous_9)
FNDA:0,(anonymous_10)
FNDA:0,(anonymous_11)
FNDA:0,(anonymous_12)
FNDA:0,(anonymous_13)
FNDA:0,(anonymous_14)
FNDA:0,(anonymous_15)
FNDA:0,(anonymous_16)
FNDA:0,(anonymous_17)
FNDA:0,(anonymous_18)
FNDA:0,(anonymous_19)
FNDA:0,(anonymous_20)
FNDA:0,(anonymous_21)
FNDA:0,(anonymous_22)
FNDA:0,(anonymous_23)
FNDA:0,(anonymous_24)
FNDA:0,(anonymous_25)
FNDA:0,(anonymous_26)
FNDA:0,(anonymous_27)
FNDA:0,(anonymous_28)
FNDA:0,(anonymous_29)
DA:8,10
DA:15,0
DA:16,0
DA:18,0
DA:27,0
DA:28,0
DA:31,0
DA:32,0
DA:35,0
DA:36,0
DA:38,0
DA:39,0
DA:41,0
DA:42,0
DA:72,0
DA:104,0
DA:121,0
DA:122,0
DA:132,0
DA:133,0
DA:135,0
DA:136,0
DA:139,0
DA:140,0
DA:142,0
DA:147,0
DA:148,0
DA:200,0
DA:212,0
DA:233,0
DA:234,0
DA:244,0
DA:245,0
DA:248,0
DA:249,0
DA:251,0
DA:252,0
DA:253,0
DA:254,0
DA:256,0
DA:257,0
DA:258,0
DA:259,0
DA:262,0
DA:264,0
DA:265,0
DA:267,0
DA:268,0
DA:271,0
DA:280,0
DA:281,0
DA:283,0
DA:284,0
DA:287,0
DA:288,0
DA:289,0
DA:290,0
DA:293,0
DA:294,0
DA:296,0
DA:304,0
DA:306,0
DA:307,0
DA:336,0
DA:337,0
DA:338,0
DA:339,0
DA:340,0
DA:351,0
DA:352,0
DA:361,0
DA:362,0
DA:364,0
DA:365,0
DA:368,0
DA:369,0
DA:370,0
DA:371,0
DA:373,0
DA:374,0
DA:407,0
DA:419,0
DA:437,0
DA:438,0
LF:84
LH:1
BRDA:16,0,0,0
BRDA:16,0,1,0
BRDA:28,1,0,0
BRDA:28,1,1,0
BRDA:31,2,0,0
BRDA:31,2,1,0
BRDA:39,3,0,0
BRDA:39,3,1,0
BRDA:80,4,0,0
BRDA:80,4,1,0
BRDA:133,5,0,0
BRDA:133,5,1,0
BRDA:133,6,0,0
BRDA:133,6,1,0
BRDA:135,7,0,0
BRDA:135,7,1,0
BRDA:244,8,0,0
BRDA:244,8,1,0
BRDA:244,9,0,0
BRDA:244,9,1,0
BRDA:253,10,0,0
BRDA:253,10,1,0
BRDA:256,11,0,0
BRDA:256,11,1,0
BRDA:267,12,0,0
BRDA:267,12,1,0
BRDA:268,13,0,0
BRDA:268,13,1,0
BRDA:281,14,0,0
BRDA:281,14,1,0
BRDA:281,15,0,0
BRDA:281,15,1,0
BRDA:281,15,2,0
BRDA:283,16,0,0
BRDA:283,16,1,0
BRDA:290,17,0,0
BRDA:290,17,1,0
BRDA:304,18,0,0
BRDA:304,18,1,0
BRDA:336,19,0,0
BRDA:336,19,1,0
BRDA:362,20,0,0
BRDA:362,20,1,0
BRDA:364,21,0,0
BRDA:364,21,1,0
BRF:45
BRH:0
end_of_record
TN:
SF:src/ui/ExpenseIncomeController.js
FN:10,(anonymous_0)
FN:17,(anonymous_1)
FN:27,(anonymous_2)
FN:56,(anonymous_3)
FN:91,(anonymous_4)
FN:109,(anonymous_5)
FN:118,(anonymous_6)
FN:128,(anonymous_7)
FN:157,(anonymous_8)
FN:258,(anonymous_9)
FN:303,(anonymous_10)
FN:309,(anonymous_11)
FN:315,(anonymous_12)
FN:324,(anonymous_13)
FN:332,(anonymous_14)
FNF:15
FNH:1
FNDA:5,(anonymous_0)
FNDA:0,(anonymous_1)
FNDA:0,(anonymous_2)
FNDA:0,(anonymous_3)
FNDA:0,(anonymous_4)
FNDA:0,(anonymous_5)
FNDA:0,(anonymous_6)
FNDA:0,(anonymous_7)
FNDA:0,(anonymous_8)
FNDA:0,(anonymous_9)
FNDA:0,(anonymous_10)
FNDA:0,(anonymous_11)
FNDA:0,(anonymous_12)
FNDA:0,(anonymous_13)
FNDA:0,(anonymous_14)
DA:11,5
DA:12,5
DA:18,0
DA:19,0
DA:21,0
DA:22,0
DA:24,0
DA:27,0
DA:28,0
DA:29,0
DA:30,0
DA:52,0
DA:57,0
DA:58,0
DA:59,0
DA:60,0
DA:88,0
DA:92,0
DA:93,0
DA:94,0
DA:95,0
DA:97,0
DA:98,0
DA:99,0
DA:102,0
DA:103,0
DA:104,0
DA:105,0
DA:106,0
DA:110,0
DA:111,0
DA:112,0
DA:113,0
DA:119,0
DA:120,0
DA:122,0
DA:123,0
DA:125,0
DA:128,0
DA:129,0
DA:130,0
DA:131,0
DA:153,0
DA:158,0
DA:159,0
DA:160,0
DA:161,0
DA:255,0
DA:259,0
DA:260,0
DA:261,0
DA:262,0
DA:263,0
DA:266,0
DA:267,0
DA:269,0
DA:270,0
DA:273,0
DA:274,0
DA:278,0
DA:279,0
DA:280,0
DA:283,0
DA:284,0
DA:285,0
DA:288,0
DA:289,0
DA:290,0
DA:291,0
DA:292,0
DA:293,0
DA:294,0
DA:295,0
DA:296,0
DA:297,0
DA:298,0
DA:299,0
DA:300,0
DA:304,0
DA:305,0
DA:306,0
DA:310,0
DA:311,0
DA:312,0
DA:316,0
DA:317,0
DA:318,0
DA:319,0
DA:325,0
DA:332,0
LF:90
LH:2
BRDA:21,0,0,0
BRDA:21,0,1,0
BRDA:48,1,0,0
BRDA:48,1,1,0
BRDA:93,2,0,0
BRDA:93,2,1,0
BRDA:94,3,0,0
BRDA:94,3,1,0
BRDA:97,4,0,0
BRDA:97,4,1,0
BRDA:97,5,0,0
BRDA:97,5,1,0
BRDA:110,6,0,0
BRDA:110,6,1,0
BRDA:122,7,0,0
BRDA:122,7,1,0
BRDA:261,8,0,0
BRDA:261,8,1,0
BRDA:262,9,0,0
BRDA:262,9,1,0
BRDA:263,10,0,0
BRDA:263,10,1,0
BRDA:267,11,0,0
BRDA:267,11,1,0
BRDA:270,12,0,0
BRDA:270,12,1,0
BRDA:274,13,0,0
BRDA:274,13,1,0
BRDA:278,14,0,0
BRDA:278,14,1,0
BRDA:278,15,0,0
BRDA:278,15,1,0
BRDA:283,16,0,0
BRDA:283,16,1,0
BRDA:283,17,0,0
BRDA:283,17,1,0
BRDA:306,18,0,0
BRDA:306,18,1,0
BRDA:306,19,0,0
BRDA:306,19,1,0
BRDA:312,20,0,0
BRDA:312,20,1,0
BRDA:316,21,0,0
BRDA:316,21,1,0
BRF:44
BRH:0
end_of_record
TN:
SF:src/ui/PlanController.js
FN:13,(anonymous_0)
FN:28,(anonymous_1)
FN:39,(anonymous_2)
FN:42,(anonymous_3)
FN:51,(anonymous_4)
FN:55,(anonymous_5)
FN:58,(anonymous_6)
FN:62,(anonymous_7)
FN:70,(anonymous_8)
FN:207,(anonymous_9)
FN:225,(anonymous_10)
FN:240,(anonymous_11)
FN:241,(anonymous_12)
FN:242,(anonymous_13)
FN:262,(anonymous_14)
FN:278,(anonymous_15)
FN:282,(anonymous_16)
FN:306,(anonymous_17)
FN:330,(anonymous_18)
FN:471,(anonymous_19)
FN:538,(anonymous_20)
FN:552,(anonymous_21)
FN:565,(anonymous_22)
FN:600,(anonymous_23)
FN:604,(anonymous_24)
FN:608,(anonymous_25)
FN:627,(anonymous_26)
FN:636,(anonymous_27)
FN:654,(anonymous_28)
FN:662,(anonymous_29)
FNF:30
FNH:2
FNDA:5,(anonymous_0)
FNDA:5,(anonymous_1)
FNDA:0,(anonymous_2)
FNDA:0,(anonymous_3)
FNDA:0,(anonymous_4)
FNDA:0,(anonymous_5)
FNDA:0,(anonymous_6)
FNDA:0,(anonymous_7)
FNDA:0,(anonymous_8)
FNDA:0,(anonymous_9)
FNDA:0,(anonymous_10)
FNDA:0,(anonymous_11)
FNDA:0,(anonymous_12)
FNDA:0,(anonymous_13)
FNDA:0,(anonymous_14)
FNDA:0,(anonymous_15)
FNDA:0,(anonymous_16)
FNDA:0,(anonymous_17)
FNDA:0,(anonymous_18)
FNDA:0,(anonymous_19)
FNDA:0,(anonymous_20)
FNDA:0,(anonymous_21)
FNDA:0,(anonymous_22)
FNDA:0,(anonymous_23)
FNDA:0,(anonymous_24)
FNDA:0,(anonymous_25)
FNDA:0,(anonymous_26)
FNDA:0,(anonymous_27)
FNDA:0,(anonymous_28)
FNDA:0,(anonymous_29)
DA:19,5
DA:20,5
DA:21,5
DA:22,5
DA:23,5
DA:29,5
DA:30,5
DA:31,5
DA:33,5
DA:34,5
DA:36,5
DA:39,0
DA:40,0
DA:41,0
DA:42,0
DA:43,0
DA:47,0
DA:52,0
DA:53,0
DA:54,0
DA:55,0
DA:56,0
DA:58,0
DA:59,0
DA:61,0
DA:62,0
DA:65,0
DA:66,0
DA:71,0
DA:72,0
DA:73,0
DA:74,0
DA:76,0
DA:197,0
DA:198,0
DA:201,0
DA:202,0
DA:203,0
DA:208,0
DA:211,0
DA:214,0
DA:217,0
DA:220,0
DA:226,0
DA:227,0
DA:229,0
DA:230,0
DA:231,0
DA:232,0
DA:233,0
DA:236,0
DA:241,0
DA:242,0
DA:244,0
DA:254,0
DA:255,0
DA:256,0
DA:259,0
DA:263,0
DA:265,0
DA:267,0
DA:269,0
DA:271,0
DA:273,0
DA:274,0
DA:275,0
DA:279,0
DA:283,0
DA:284,0
DA:285,0
DA:287,0
DA:288,0
DA:289,0
DA:292,0
DA:293,0
DA:294,0
DA:296,0
DA:297,0
DA:298,0
DA:299,0
DA:301,0
DA:302,0
DA:303,0
DA:307,0
DA:308,0
DA:310,0
DA:311,0
DA:312,0
DA:313,0
DA:315,0
DA:316,0
DA:324,0
DA:325,0
DA:331,0
DA:333,0
DA:334,0
DA:341,0
DA:349,0
DA:468,0
DA:472,0
DA:473,0
DA:476,0
DA:479,0
DA:481,0
DA:485,0
DA:486,0
DA:488,0
DA:490,0
DA:492,0
DA:494,0
DA:502,0
DA:503,0
DA:505,0
DA:506,0
DA:508,0
DA:510,0
DA:518,0
DA:519,0
DA:520,0
DA:522,0
DA:528,0
DA:529,0
DA:530,0
DA:531,0
DA:532,0
DA:533,0
DA:539,0
DA:540,0
DA:541,0
DA:543,0
DA:544,0
DA:545,0
DA:547,0
DA:548,0
DA:553,0
DA:554,0
DA:555,0
DA:556,0
DA:558,0
DA:559,0
DA:560,0
DA:561,0
DA:564,0
DA:566,0
DA:568,0
DA:577,0
DA:579,0
DA:581,0
DA:586,0
DA:593,0
DA:594,0
DA:595,0
DA:601,0
DA:605,0
DA:606,0
DA:608,0
DA:609,0
DA:610,0
DA:611,0
DA:612,0
DA:613,0
DA:614,0
DA:615,0
DA:616,0
DA:617,0
DA:619,0
DA:623,0
DA:624,0
DA:625,0
DA:626,0
DA:627,0
DA:628,0
DA:630,0
DA:632,0
DA:637,0
DA:638,0
DA:639,0
DA:642,0
DA:643,0
DA:644,0
DA:645,0
DA:646,0
DA:647,0
DA:648,0
DA:649,0
DA:655,0
DA:662,0
LF:187
LH:11
BRDA:16,0,0,5
BRDA:17,1,0,5
BRDA:33,2,0,5
BRDA:33,2,1,0
BRDA:41,3,0,0
BRDA:41,3,1,0
BRDA:53,4,0,0
BRDA:53,4,1,0
BRDA:56,5,0,0
BRDA:56,5,1,0
BRDA:59,6,0,0
BRDA:59,6,1,0
BRDA:61,7,0,0
BRDA:61,7,1,0
BRDA:62,8,0,0
BRDA:62,8,1,0
BRDA:201,9,0,0
BRDA:201,9,1,0
BRDA:229,10,0,0
BRDA:229,10,1,0
BRDA:231,11,0,0
BRDA:231,11,1,0
BRDA:232,12,0,0
BRDA:232,12,1,0
BRDA:234,13,0,0
BRDA:234,13,1,0
BRDA:255,14,0,0
BRDA:255,14,1,0
BRDA:287,15,0,0
BRDA:287,15,1,0
BRDA:287,16,0,0
BRDA:287,16,1,0
BRDA:287,16,2,0
BRDA:307,17,0,0
BRDA:307,17,1,0
BRDA:308,18,0,0
BRDA:308,18,1,0
BRDA:331,19,0,0
BRDA:331,19,1,0
BRDA:334,20,0,0
BRDA:334,20,1,0
BRDA:341,21,0,0
BRDA:341,21,1,0
BRDA:370,22,0,0
BRDA:370,22,1,0
BRDA:371,23,0,0
BRDA:371,23,1,0
BRDA:372,24,0,0
BRDA:372,24,1,0
BRDA:391,25,0,0
BRDA:391,25,1,0
BRDA:392,26,0,0
BRDA:392,26,1,0
BRDA:393,27,0,0
BRDA:393,27,1,0
BRDA:398,28,0,0
BRDA:398,28,1,0
BRDA:406,29,0,0
BRDA:406,29,1,0
BRDA:414,30,0,0
BRDA:414,30,1,0
BRDA:437,31,0,0
BRDA:437,31,1,0
BRDA:438,32,0,0
BRDA:438,32,1,0
BRDA:439,33,0,0
BRDA:439,33,1,0
BRDA:444,34,0,0
BRDA:444,34,1,0
BRDA:452,35,0,0
BRDA:452,35,1,0
BRDA:488,36,0,0
BRDA:488,36,1,0
BRDA:490,37,0,0
BRDA:490,37,1,0
BRDA:492,38,0,0
BRDA:492,38,1,0
BRDA:505,39,0,0
BRDA:505,39,1,0
BRDA:506,40,0,0
BRDA:506,40,1,0
BRDA:508,41,0,0
BRDA:508,41,1,0
BRDA:520,42,0,0
BRDA:520,42,1,0
BRDA:543,43,0,0
BRDA:543,43,1,0
BRDA:558,44,0,0
BRDA:558,44,1,0
BRDA:559,45,0,0
BRDA:559,45,1,0
BRDA:559,46,0,0
BRDA:559,46,1,0
BRDA:559,46,2,0
BRDA:588,47,0,0
BRDA:588,47,1,0
BRDA:589,48,0,0
BRDA:589,48,1,0
BRDA:590,49,0,0
BRDA:590,49,1,0
BRDA:623,50,0,0
BRDA:623,50,1,0
BRDA:625,51,0,0
BRDA:625,51,1,0
BRDA:637,52,0,0
BRDA:637,52,1,0
BRF:106
BRH:3
end_of_record
TN:
SF:src/ui/ProjectionController.js
FN:8,(anonymous_0)
FN:15,(anonymous_1)
FN:27,(anonymous_2)
FN:38,(anonymous_3)
FN:46,(anonymous_4)
FN:47,(anonymous_5)
FN:165,(anonymous_6)
FN:170,(anonymous_7)
FN:175,(anonymous_8)
FN:180,(anonymous_9)
FN:208,(anonymous_10)
FN:243,(anonymous_11)
FN:244,(anonymous_12)
FN:247,(anonymous_13)
FN:256,(anonymous_14)
FN:264,(anonymous_15)
FNF:16
FNH:2
FNDA:5,(anonymous_0)
FNDA:0,(anonymous_1)
FNDA:0,(anonymous_2)
FNDA:4,(anonymous_3)
FNDA:0,(anonymous_4)
FNDA:0,(anonymous_5)
FNDA:0,(anonymous_6)
FNDA:0,(anonymous_7)
FNDA:0,(anonymous_8)
FNDA:0,(anonymous_9)
FNDA:0,(anonymous_10)
FNDA:0,(anonymous_11)
FNDA:0,(anonymous_12)
FNDA:0,(anonymous_13)
FNDA:0,(anonymous_14)
FNDA:0,(anonymous_15)
DA:9,5
DA:10,5
DA:11,5
DA:12,5
DA:16,0
DA:17,0
DA:18,0
DA:21,0
DA:22,0
DA:23,0
DA:24,0
DA:28,0
DA:29,0
DA:30,0
DA:33,0
DA:34,0
DA:35,0
DA:39,4
DA:40,4
DA:41,4
DA:42,4
DA:45,0
DA:46,0
DA:47,4
DA:48,4
DA:50,4
DA:51,4
DA:52,0
DA:54,0
DA:60,0
DA:100,0
DA:165,0
DA:170,0
DA:175,0
DA:180,0
DA:208,0
DA:229,4
DA:231,4
DA:232,0
DA:239,0
DA:240,0
DA:244,0
DA:245,0
DA:247,0
DA:249,0
DA:250,0
DA:252,0
DA:253,0
DA:257,0
DA:264,0
LF:50
LH:14
BRDA:16,0,0,0
BRDA:16,0,1,0
BRDA:28,1,0,0
BRDA:28,1,1,0
BRDA:40,2,0,4
BRDA:40,2,1,0
BRDA:40,3,0,4
BRDA:40,3,1,0
BRDA:46,4,0,0
BRDA:46,4,1,0
BRDA:47,5,0,4
BRDA:47,5,1,0
BRDA:51,6,0,0
BRDA:51,6,1,4
BRDA:54,7,0,0
BRDA:54,7,1,0
BRDA:56,8,0,0
BRDA:56,8,1,0
BRDA:89,9,0,0
BRDA:89,9,1,0
BRDA:91,10,0,0
BRDA:91,10,1,0
BRDA:126,11,0,0
BRDA:126,11,1,0
BRDA:218,12,0,0
BRDA:218,12,1,0
BRDA:231,13,0,0
BRDA:231,13,1,4
BRDA:252,14,0,0
BRDA:252,14,1,0
BRDA:253,15,0,0
BRDA:253,15,1,0
BRF:32
BRH:5
end_of_record
